 # numfile,nomefile,555,422,421,ABbonds,AAbonds,BBbonds,ordine_gruppo,gruppo
     1 pz01.00000t0550n00342            0.0036  0.1443  0.5293  0.0000  1.0000  0.0000
     2 pz01.00001t0550n00342            0.0036  0.1443  0.5293  0.0000  1.0000  0.0000
     3 pz01.00002t0550n00342            0.0036  0.1443  0.5293  0.0000  1.0000  0.0000
     4 pz01.00003t0550n00342            0.0036  0.1443  0.5293  0.0000  1.0000  0.0000
     5 pz01.00004t0550n00342            0.0036  0.1443  0.5293  0.0000  1.0000  0.0000
     6 pz01.00005t0550n00342            0.0036  0.1443  0.5293  0.0000  1.0000  0.0000
     7 pz01.00006t0550n00342            0.0036  0.1443  0.5293  0.0000  1.0000  0.0000
     8 pz01.00007t0550n00342            0.0036  0.1443  0.5293  0.0000  1.0000  0.0000
     9 pz01.00008t0550n00342            0.0036  0.1443  0.5293  0.0000  1.0000  0.0000
    10 pz01.00009t0550n00342            0.0036  0.1443  0.5293  0.0000  1.0000  0.0000
    11 pz01.00010t0550n00342            0.0036  0.1443  0.5293  0.0000  1.0000  0.0000
    12 pz01.00011t0550n00342            0.0036  0.1443  0.5293  0.0000  1.0000  0.0000
    13 pz01.00012t0550n00342            0.0036  0.1443  0.5293  0.0000  1.0000  0.0000
    14 pz01.00013t0550n00342            0.0036  0.1443  0.5293  0.0000  1.0000  0.0000
    15 pz01.00014t0550n00342            0.0036  0.1443  0.5293  0.0000  1.0000  0.0000
    16 pz01.00015t0550n00342            0.0036  0.1456  0.5297  0.0000  1.0000  0.0000
    17 pz01.00016t0550n00342            0.0036  0.1444  0.5279  0.0000  1.0000  0.0000
    18 pz01.00017t0550n00342            0.0036  0.1443  0.5293  0.0000  1.0000  0.0000
    19 pz01.00018t0550n00342            0.0036  0.1580  0.5021  0.0000  1.0000  0.0000
    20 pz01.00019t0550n00342            0.0036  0.1443  0.5293  0.0000  1.0000  0.0000
    21 pz01.00020t0550n00342            0.0036  0.1443  0.5293  0.0000  1.0000  0.0000
    22 pz01.00021t0550n00342            0.0036  0.1443  0.5293  0.0000  1.0000  0.0000
    23 pz01.00022t0550n00342            0.0036  0.1443  0.5293  0.0000  1.0000  0.0000
    24 pz01.00023t0550n00342            0.0036  0.1443  0.5293  0.0000  1.0000  0.0000
    25 pz01.00024t0550n00342            0.0036  0.1443  0.5293  0.0000  1.0000  0.0000
    26 pz01.00025t0550n00342            0.0036  0.1443  0.5293  0.0000  1.0000  0.0000
    27 pz01.00026t0550n00342            0.0036  0.1443  0.5293  0.0000  1.0000  0.0000
    28 pz01.00027t0550n00342            0.0036  0.1443  0.5293  0.0000  1.0000  0.0000
    29 pz01.00028t0550n00342            0.0036  0.1443  0.5293  0.0000  1.0000  0.0000
    30 pz01.00029t0550n00342            0.0036  0.1443  0.5293  0.0000  1.0000  0.0000
    31 pz01.00030t0550n00342            0.0036  0.1443  0.5293  0.0000  1.0000  0.0000
    32 pz01.00031t0550n00342            0.0036  0.1443  0.5293  0.0000  1.0000  0.0000
    33 pz01.00032t0550n00342            0.0036  0.1443  0.5293  0.0000  1.0000  0.0000
    34 pz01.00033t0550n00342            0.0036  0.1443  0.5293  0.0000  1.0000  0.0000
    35 pz01.00034t0550n00342            0.0036  0.1443  0.5293  0.0000  1.0000  0.0000
    36 pz01.00035t0550n00342            0.0036  0.1443  0.5293  0.0000  1.0000  0.0000
    37 pz01.00036t0550n00342            0.0036  0.1443  0.5293  0.0000  1.0000  0.0000
    38 pz01.00037t0550n00342            0.0036  0.1443  0.5293  0.0000  1.0000  0.0000
    39 pz01.00038t0550n00342            0.0036  0.1443  0.5293  0.0000  1.0000  0.0000
    40 pz01.00039t0550n00342            0.0036  0.1432  0.5291  0.0000  1.0000  0.0000
    41 pz01.00040t0550n00342            0.0036  0.1432  0.5291  0.0000  1.0000  0.0000
    42 pz01.00041t0550n00342            0.0036  0.1432  0.5291  0.0000  1.0000  0.0000
    43 pz01.00042t0550n00342            0.0036  0.1432  0.5291  0.0000  1.0000  0.0000
    44 pz01.00043t0550n00342            0.0036  0.1432  0.5291  0.0000  1.0000  0.0000
    45 pz01.00044t0550n00342            0.0036  0.1432  0.5291  0.0000  1.0000  0.0000
    46 pz01.00045t0550n00342            0.0036  0.1432  0.5291  0.0000  1.0000  0.0000
    47 pz01.00046t0550n00342            0.0036  0.1432  0.5291  0.0000  1.0000  0.0000
    48 pz01.00047t0550n00342            0.0036  0.1432  0.5291  0.0000  1.0000  0.0000
    49 pz01.00048t0550n00342            0.0036  0.1432  0.5291  0.0000  1.0000  0.0000
    50 pz01.00049t0550n00342            0.0036  0.1432  0.5291  0.0000  1.0000  0.0000
    51 pz01.00050t0550n00342            0.0036  0.1432  0.5291  0.0000  1.0000  0.0000
    52 pz01.00051t0550n00342            0.0036  0.1432  0.5291  0.0000  1.0000  0.0000
    53 pz01.00052t0550n00342            0.0036  0.1432  0.5291  0.0000  1.0000  0.0000
    54 pz01.00053t0550n00342            0.0036  0.1432  0.5291  0.0000  1.0000  0.0000
    55 pz01.00054t0550n00342            0.0036  0.1432  0.5291  0.0000  1.0000  0.0000
    56 pz01.00055t0550n00342            0.0066  0.1443  0.5150  0.0000  1.0000  0.0000
    57 pz01.00056t0550n00342            0.0036  0.1432  0.5291  0.0000  1.0000  0.0000
    58 pz01.00057t0550n00342            0.0036  0.1432  0.5291  0.0000  1.0000  0.0000
    59 pz01.00058t0550n00342            0.0036  0.1432  0.5291  0.0000  1.0000  0.0000
    60 pz01.00059t0550n00342            0.0036  0.1432  0.5291  0.0000  1.0000  0.0000
    61 pz01.00060t0550n00342            0.0036  0.1432  0.5291  0.0000  1.0000  0.0000
    62 pz01.00061t0550n00342            0.0036  0.1432  0.5291  0.0000  1.0000  0.0000
    63 pz01.00062t0550n00342            0.0036  0.1432  0.5291  0.0000  1.0000  0.0000
    64 pz01.00063t0550n00342            0.0036  0.1432  0.5291  0.0000  1.0000  0.0000
    65 pz01.00064t0550n00342            0.0036  0.1432  0.5291  0.0000  1.0000  0.0000
    66 pz01.00065t0550n00342            0.0036  0.1432  0.5291  0.0000  1.0000  0.0000
    67 pz01.00066t0550n00342            0.0036  0.1434  0.5267  0.0000  1.0000  0.0000
    68 pz01.00067t0550n00342            0.0036  0.1432  0.5291  0.0000  1.0000  0.0000
    69 pz01.00068t0550n00342            0.0036  0.1432  0.5291  0.0000  1.0000  0.0000
    70 pz01.00069t0550n00342            0.0036  0.1432  0.5291  0.0000  1.0000  0.0000
    71 pz01.00070t0550n00342            0.0036  0.1433  0.5294  0.0000  1.0000  0.0000
    72 pz01.00071t0550n00342            0.0036  0.1432  0.5291  0.0000  1.0000  0.0000
    73 pz01.00072t0550n00342            0.0036  0.1432  0.5291  0.0000  1.0000  0.0000
    74 pz01.00073t0550n00342            0.0036  0.1432  0.5291  0.0000  1.0000  0.0000
    75 pz01.00074t0550n00342            0.0036  0.1432  0.5291  0.0000  1.0000  0.0000
    76 pz01.00075t0550n00342            0.0036  0.1432  0.5291  0.0000  1.0000  0.0000
    77 pz01.00076t0550n00342            0.0036  0.1459  0.5192  0.0000  1.0000  0.0000
    78 pz01.00077t0550n00342            0.0036  0.1433  0.5276  0.0000  1.0000  0.0000
    79 pz01.00078t0550n00342            0.0036  0.1433  0.5276  0.0000  1.0000  0.0000
    80 pz01.00079t0550n00342            0.0036  0.1422  0.5273  0.0000  1.0000  0.0000
    81 pz01.00080t0550n00342            0.0036  0.1422  0.5273  0.0000  1.0000  0.0000
    82 pz01.00081t0550n00342            0.0036  0.1422  0.5273  0.0000  1.0000  0.0000
    83 pz01.00082t0550n00342            0.0036  0.1422  0.5273  0.0000  1.0000  0.0000
    84 pz01.00083t0550n00342            0.0036  0.1422  0.5273  0.0000  1.0000  0.0000
    85 pz01.00084t0550n00342            0.0036  0.1422  0.5273  0.0000  1.0000  0.0000
    86 pz01.00085t0550n00342            0.0036  0.1422  0.5273  0.0000  1.0000  0.0000
    87 pz01.00086t0550n00342            0.0036  0.1433  0.5276  0.0000  1.0000  0.0000
    88 pz01.00087t0550n00342            0.0036  0.1433  0.5276  0.0000  1.0000  0.0000
    89 pz01.00088t0550n00342            0.0036  0.1446  0.5237  0.0000  1.0000  0.0000
    90 pz01.00089t0550n00342            0.0036  0.1448  0.5222  0.0000  1.0000  0.0000
    91 pz01.00090t0550n00342            0.0036  0.1444  0.5279  0.0000  1.0000  0.0000
    92 pz01.00091t0550n00342            0.0036  0.1444  0.5279  0.0000  1.0000  0.0000
    93 pz01.00092t0550n00342            0.0036  0.1444  0.5279  0.0000  1.0000  0.0000
    94 pz01.00093t0550n00342            0.0036  0.1444  0.5279  0.0000  1.0000  0.0000
    95 pz01.00094t0550n00342            0.0036  0.1444  0.5279  0.0000  1.0000  0.0000
    96 pz01.00095t0550n00342            0.0036  0.1444  0.5279  0.0000  1.0000  0.0000
    97 pz01.00096t0550n00342            0.0036  0.1444  0.5279  0.0000  1.0000  0.0000
    98 pz01.00097t0550n00342            0.0036  0.1444  0.5279  0.0000  1.0000  0.0000
    99 pz01.00098t0550n00342            0.0036  0.1439  0.5276  0.0000  1.0000  0.0000
   100 pz01.00099t0550n00342            0.0036  0.1439  0.5276  0.0000  1.0000  0.0000
   101 pz01.00100t0550n00342            0.0036  0.1439  0.5276  0.0000  1.0000  0.0000
   102 pz01.00101t0550n00342            0.0036  0.1441  0.5273  0.0000  1.0000  0.0000
   103 pz01.00102t0550n00342            0.0036  0.1589  0.4982  0.0000  1.0000  0.0000
   104 pz01.00103t0550n00342            0.0036  0.1422  0.5309  0.0000  1.0000  0.0000
   105 pz01.00104t0550n00342            0.0036  0.1434  0.5291  0.0000  1.0000  0.0000
   106 pz01.00105t0550n00342            0.0036  0.1423  0.5282  0.0000  1.0000  0.0000
   107 pz01.00106t0550n00342            0.0036  0.1428  0.5279  0.0000  1.0000  0.0000
   108 pz01.00107t0550n00342            0.0036  0.1428  0.5279  0.0000  1.0000  0.0000
   109 pz01.00108t0550n00342            0.0036  0.1428  0.5279  0.0000  1.0000  0.0000
   110 pz01.00109t0550n00342            0.0036  0.1428  0.5279  0.0000  1.0000  0.0000
   111 pz01.00110t0550n00342            0.0036  0.1428  0.5279  0.0000  1.0000  0.0000
   112 pz01.00111t0550n00342            0.0036  0.1428  0.5279  0.0000  1.0000  0.0000
   113 pz01.00112t0550n00342            0.0036  0.1428  0.5279  0.0000  1.0000  0.0000
   114 pz01.00113t0550n00342            0.0036  0.1428  0.5279  0.0000  1.0000  0.0000
   115 pz01.00114t0550n00342            0.0036  0.1438  0.5273  0.0000  1.0000  0.0000
   116 pz01.00115t0550n00342            0.0036  0.1438  0.5273  0.0000  1.0000  0.0000
   117 pz01.00116t0550n00342            0.0036  0.1438  0.5273  0.0000  1.0000  0.0000
   118 pz01.00117t0550n00342            0.0036  0.1438  0.5273  0.0000  1.0000  0.0000
   119 pz01.00118t0550n00342            0.0036  0.1438  0.5273  0.0000  1.0000  0.0000
   120 pz01.00119t0550n00342            0.0036  0.1438  0.5273  0.0000  1.0000  0.0000
   121 pz01.00120t0550n00342            0.0036  0.1438  0.5273  0.0000  1.0000  0.0000
   122 pz01.00121t0550n00342            0.0036  0.1438  0.5273  0.0000  1.0000  0.0000
   123 pz01.00122t0550n00342            0.0036  0.1567  0.5138  0.0000  1.0000  0.0000
   124 pz01.00123t0550n00342            0.0036  0.1422  0.5255  0.0000  1.0000  0.0000
   125 pz01.00124t0550n00342            0.0036  0.1422  0.5255  0.0000  1.0000  0.0000
   126 pz01.00125t0550n00342            0.0036  0.1422  0.5255  0.0000  1.0000  0.0000
   127 pz01.00126t0550n00342            0.0036  0.1422  0.5255  0.0000  1.0000  0.0000
   128 pz01.00127t0550n00342            0.0036  0.1422  0.5255  0.0000  1.0000  0.0000
   129 pz01.00128t0550n00342            0.0036  0.1421  0.5276  0.0000  1.0000  0.0000
   130 pz01.00129t0550n00342            0.0036  0.1421  0.5276  0.0000  1.0000  0.0000
   131 pz01.00130t0550n00342            0.0036  0.1405  0.5276  0.0000  1.0000  0.0000
   132 pz01.00131t0550n00342            0.0036  0.1405  0.5276  0.0000  1.0000  0.0000
   133 pz01.00132t0550n00342            0.0036  0.1405  0.5276  0.0000  1.0000  0.0000
   134 pz01.00133t0550n00342            0.0036  0.1405  0.5267  0.0000  1.0000  0.0000
   135 pz01.00134t0550n00342            0.0036  0.1405  0.5267  0.0000  1.0000  0.0000
   136 pz01.00135t0550n00342            0.0036  0.1550  0.5159  0.0000  1.0000  0.0000
   137 pz01.00136t0550n00342            0.0036  0.1405  0.5276  0.0000  1.0000  0.0000
   138 pz01.00137t0550n00342            0.0036  0.1405  0.5276  0.0000  1.0000  0.0000
   139 pz01.00138t0550n00342            0.0036  0.1405  0.5276  0.0000  1.0000  0.0000
   140 pz01.00139t0550n00342            0.0036  0.1423  0.5258  0.0000  1.0000  0.0000
   141 pz01.00140t0550n00342            0.0036  0.1410  0.5291  0.0000  1.0000  0.0000
   142 pz01.00141t0550n00342            0.0036  0.1410  0.5291  0.0000  1.0000  0.0000
   143 pz01.00142t0550n00342            0.0036  0.1410  0.5291  0.0000  1.0000  0.0000
   144 pz01.00143t0550n00342            0.0036  0.1410  0.5291  0.0000  1.0000  0.0000
   145 pz01.00144t0550n00342            0.0036  0.1410  0.5291  0.0000  1.0000  0.0000
   146 pz01.00145t0550n00342            0.0036  0.1410  0.5291  0.0000  1.0000  0.0000
   147 pz01.00146t0550n00342            0.0036  0.1541  0.5030  0.0000  1.0000  0.0000
   148 pz01.00147t0550n00342            0.0036  0.1405  0.5306  0.0000  1.0000  0.0000
   149 pz01.00148t0550n00342            0.0036  0.1405  0.5306  0.0000  1.0000  0.0000
   150 pz01.00149t0550n00342            0.0036  0.1411  0.5324  0.0000  1.0000  0.0000
   151 pz01.00150t0550n00342            0.0036  0.1411  0.5324  0.0000  1.0000  0.0000
   152 pz01.00151t0550n00342            0.0036  0.1411  0.5324  0.0000  1.0000  0.0000
   153 pz01.00152t0550n00342            0.0036  0.1411  0.5324  0.0000  1.0000  0.0000
   154 pz01.00153t0550n00342            0.0036  0.1428  0.5303  0.0000  1.0000  0.0000
   155 pz01.00154t0550n00342            0.0036  0.1428  0.5303  0.0000  1.0000  0.0000
   156 pz01.00155t0550n00342            0.0036  0.1428  0.5303  0.0000  1.0000  0.0000
   157 pz01.00156t0550n00342            0.0036  0.1428  0.5291  0.0000  1.0000  0.0000
   158 pz01.00157t0550n00342            0.0036  0.1435  0.5282  0.0000  1.0000  0.0000
   159 pz01.00158t0550n00342            0.0036  0.1428  0.5291  0.0000  1.0000  0.0000
   160 pz01.00159t0550n00342            0.0036  0.1699  0.5018  0.0000  1.0000  0.0000
   161 pz01.00160t0550n00342            0.0036  0.1409  0.5312  0.0000  1.0000  0.0000
   162 pz01.00161t0550n00342            0.0036  0.1409  0.5312  0.0000  1.0000  0.0000
   163 pz01.00162t0550n00342            0.0036  0.1409  0.5312  0.0000  1.0000  0.0000
   164 pz01.00163t0550n00342            0.0036  0.1409  0.5312  0.0000  1.0000  0.0000
   165 pz01.00164t0550n00342            0.0036  0.1409  0.5312  0.0000  1.0000  0.0000
   166 pz01.00165t0550n00342            0.0036  0.1409  0.5312  0.0000  1.0000  0.0000
   167 pz01.00166t0550n00342            0.0036  0.1409  0.5312  0.0000  1.0000  0.0000
   168 pz01.00167t0550n00342            0.0036  0.1409  0.5312  0.0000  1.0000  0.0000
   169 pz01.00168t0550n00342            0.0036  0.1405  0.5288  0.0000  1.0000  0.0000
   170 pz01.00169t0550n00342            0.0036  0.1409  0.5312  0.0000  1.0000  0.0000
   171 pz01.00170t0550n00342            0.0036  0.1409  0.5312  0.0000  1.0000  0.0000
   172 pz01.00171t0550n00342            0.0036  0.1409  0.5312  0.0000  1.0000  0.0000
   173 pz01.00172t0550n00342            0.0036  0.1409  0.5312  0.0000  1.0000  0.0000
   174 pz01.00173t0550n00342            0.0036  0.1409  0.5324  0.0000  1.0000  0.0000
   175 pz01.00174t0550n00342            0.0036  0.1409  0.5324  0.0000  1.0000  0.0000
   176 pz01.00175t0550n00342            0.0036  0.1409  0.5324  0.0000  1.0000  0.0000
   177 pz01.00176t0550n00342            0.0036  0.1409  0.5312  0.0000  1.0000  0.0000
   178 pz01.00177t0550n00342            0.0036  0.1409  0.5312  0.0000  1.0000  0.0000
   179 pz01.00178t0550n00342            0.0036  0.1409  0.5312  0.0000  1.0000  0.0000
   180 pz01.00179t0550n00342            0.0036  0.1409  0.5312  0.0000  1.0000  0.0000
   181 pz01.00180t0550n00342            0.0036  0.1409  0.5312  0.0000  1.0000  0.0000
   182 pz01.00181t0550n00342            0.0036  0.1409  0.5312  0.0000  1.0000  0.0000
   183 pz01.00182t0550n00342            0.0036  0.1409  0.5312  0.0000  1.0000  0.0000
   184 pz01.00183t0550n00342            0.0036  0.1409  0.5312  0.0000  1.0000  0.0000
   185 pz01.00184t0550n00342            0.0036  0.1409  0.5312  0.0000  1.0000  0.0000
   186 pz01.00185t0550n00342            0.0036  0.1415  0.5312  0.0000  1.0000  0.0000
   187 pz01.00186t0550n00342            0.0036  0.1408  0.5291  0.0000  1.0000  0.0000
   188 pz01.00187t0550n00342            0.0036  0.1408  0.5291  0.0000  1.0000  0.0000
   189 pz01.00188t0550n00342            0.0036  0.1408  0.5291  0.0000  1.0000  0.0000
   190 pz01.00189t0550n00342            0.0036  0.1408  0.5291  0.0000  1.0000  0.0000
   191 pz01.00190t0550n00342            0.0036  0.1408  0.5291  0.0000  1.0000  0.0000
   192 pz01.00191t0550n00342            0.0036  0.1408  0.5291  0.0000  1.0000  0.0000
   193 pz01.00192t0550n00342            0.0036  0.1408  0.5291  0.0000  1.0000  0.0000
   194 pz01.00193t0550n00342            0.0036  0.1408  0.5291  0.0000  1.0000  0.0000
   195 pz01.00194t0550n00342            0.0036  0.1408  0.5291  0.0000  1.0000  0.0000
   196 pz01.00195t0550n00342            0.0036  0.1414  0.5291  0.0000  1.0000  0.0000
   197 pz01.00196t0550n00342            0.0036  0.1414  0.5291  0.0000  1.0000  0.0000
   198 pz01.00197t0550n00342            0.0036  0.1414  0.5291  0.0000  1.0000  0.0000
   199 pz01.00198t0550n00342            0.0036  0.1408  0.5291  0.0000  1.0000  0.0000
   200 pz01.00199t0550n00342            0.0036  0.1408  0.5291  0.0000  1.0000  0.0000
   201 pz01.00200t0550n00342            0.0036  0.1414  0.5291  0.0000  1.0000  0.0000
   202 pz01.00201t0550n00342            0.0036  0.1414  0.5291  0.0000  1.0000  0.0000
   203 pz01.00202t0550n00342            0.0036  0.1414  0.5291  0.0000  1.0000  0.0000
   204 pz01.00203t0550n00342            0.0036  0.1414  0.5291  0.0000  1.0000  0.0000
   205 pz01.00204t0550n00342            0.0036  0.1414  0.5291  0.0000  1.0000  0.0000
   206 pz01.00205t0550n00342            0.0036  0.1414  0.5291  0.0000  1.0000  0.0000
   207 pz01.00206t0550n00342            0.0036  0.1414  0.5291  0.0000  1.0000  0.0000
   208 pz01.00207t0550n00342            0.0036  0.1416  0.5267  0.0000  1.0000  0.0000
   209 pz01.00208t0550n00342            0.0036  0.1416  0.5267  0.0000  1.0000  0.0000
   210 pz01.00209t0550n00342            0.0036  0.1416  0.5267  0.0000  1.0000  0.0000
   211 pz01.00210t0550n00342            0.0036  0.1416  0.5267  0.0000  1.0000  0.0000
   212 pz01.00211t0550n00342            0.0036  0.1416  0.5267  0.0000  1.0000  0.0000
   213 pz01.00212t0550n00342            0.0036  0.1440  0.5201  0.0000  1.0000  0.0000
   214 pz01.00213t0550n00342            0.0036  0.1416  0.5267  0.0000  1.0000  0.0000
   215 pz01.00214t0550n00342            0.0036  0.1416  0.5267  0.0000  1.0000  0.0000
   216 pz01.00215t0550n00342            0.0036  0.1416  0.5267  0.0000  1.0000  0.0000
   217 pz01.00216t0550n00342            0.0036  0.1416  0.5267  0.0000  1.0000  0.0000
   218 pz01.00217t0550n00342            0.0036  0.1416  0.5267  0.0000  1.0000  0.0000
   219 pz01.00218t0550n00342            0.0036  0.1414  0.5291  0.0000  1.0000  0.0000
   220 pz01.00219t0550n00342            0.0036  0.1414  0.5291  0.0000  1.0000  0.0000
   221 pz01.00220t0550n00342            0.0036  0.1414  0.5291  0.0000  1.0000  0.0000
   222 pz01.00221t0550n00342            0.0036  0.1414  0.5291  0.0000  1.0000  0.0000
   223 pz01.00222t0550n00342            0.0036  0.1414  0.5291  0.0000  1.0000  0.0000
   224 pz01.00223t0550n00342            0.0036  0.1414  0.5291  0.0000  1.0000  0.0000
   225 pz01.00224t0550n00342            0.0036  0.1414  0.5291  0.0000  1.0000  0.0000
   226 pz01.00225t0550n00342            0.0036  0.1414  0.5291  0.0000  1.0000  0.0000
   227 pz01.00226t0550n00342            0.0036  0.1414  0.5291  0.0000  1.0000  0.0000
   228 pz01.00227t0550n00342            0.0036  0.1402  0.5297  0.0000  1.0000  0.0000
   229 pz01.00228t0550n00342            0.0036  0.1402  0.5297  0.0000  1.0000  0.0000
   230 pz01.00229t0550n00342            0.0036  0.1402  0.5297  0.0000  1.0000  0.0000
   231 pz01.00230t0550n00342            0.0036  0.1403  0.5288  0.0000  1.0000  0.0000
   232 pz01.00231t0550n00342            0.0036  0.1402  0.5297  0.0000  1.0000  0.0000
   233 pz01.00232t0550n00342            0.0036  0.1402  0.5297  0.0000  1.0000  0.0000
   234 pz01.00233t0550n00342            0.0036  0.1402  0.5297  0.0000  1.0000  0.0000
   235 pz01.00234t0550n00342            0.0036  0.1402  0.5297  0.0000  1.0000  0.0000
   236 pz01.00235t0550n00342            0.0036  0.1402  0.5297  0.0000  1.0000  0.0000
   237 pz01.00236t0550n00342            0.0036  0.1392  0.5297  0.0000  1.0000  0.0000
   238 pz01.00237t0550n00342            0.0036  0.1403  0.5276  0.0000  1.0000  0.0000
   239 pz01.00238t0550n00342            0.0036  0.1403  0.5276  0.0000  1.0000  0.0000
   240 pz01.00239t0550n00342            0.0036  0.1403  0.5276  0.0000  1.0000  0.0000
   241 pz01.00240t0550n00342            0.0036  0.1405  0.5252  0.0000  1.0000  0.0000
   242 pz01.00241t0550n00342            0.0036  0.1405  0.5252  0.0000  1.0000  0.0000
   243 pz01.00242t0550n00342            0.0036  0.1405  0.5252  0.0000  1.0000  0.0000
   244 pz01.00243t0550n00342            0.0036  0.1405  0.5252  0.0000  1.0000  0.0000
   245 pz01.00244t0550n00342            0.0036  0.1612  0.4931  0.0000  1.0000  0.0000
   246 pz01.00245t0550n00342            0.0036  0.1610  0.4955  0.0000  1.0000  0.0000
   247 pz01.00246t0550n00342            0.0036  0.1610  0.4955  0.0000  1.0000  0.0000
   248 pz01.00247t0550n00342            0.0036  0.1610  0.4955  0.0000  1.0000  0.0000
   249 pz01.00248t0550n00342            0.0036  0.1610  0.4955  0.0000  1.0000  0.0000
   250 pz01.00249t0550n00342            0.0036  0.1610  0.4955  0.0000  1.0000  0.0000
   251 pz01.00250t0550n00342            0.0036  0.1610  0.4955  0.0000  1.0000  0.0000
   252 pz01.00251t0550n00342            0.0036  0.1610  0.4955  0.0000  1.0000  0.0000
   253 pz01.00252t0550n00342            0.0036  0.1610  0.4955  0.0000  1.0000  0.0000
   254 pz01.00253t0550n00342            0.0036  0.1610  0.4955  0.0000  1.0000  0.0000
   255 pz01.00254t0550n00342            0.0036  0.1610  0.4955  0.0000  1.0000  0.0000
   256 pz01.00255t0550n00342            0.0036  0.1410  0.5309  0.0000  1.0000  0.0000
   257 pz01.00256t0550n00342            0.0036  0.1427  0.5306  0.0000  1.0000  0.0000
   258 pz01.00257t0550n00342            0.0036  0.1427  0.5306  0.0000  1.0000  0.0000
   259 pz01.00258t0550n00342            0.0036  0.1427  0.5306  0.0000  1.0000  0.0000
   260 pz01.00259t0550n00342            0.0036  0.1427  0.5306  0.0000  1.0000  0.0000
   261 pz01.00260t0550n00342            0.0036  0.1427  0.5306  0.0000  1.0000  0.0000
   262 pz01.00261t0550n00342            0.0036  0.1427  0.5306  0.0000  1.0000  0.0000
   263 pz01.00262t0550n00342            0.0036  0.1427  0.5306  0.0000  1.0000  0.0000
   264 pz01.00263t0550n00342            0.0036  0.1427  0.5306  0.0000  1.0000  0.0000
   265 pz01.00264t0550n00342            0.0036  0.1427  0.5306  0.0000  1.0000  0.0000
   266 pz01.00265t0550n00342            0.0036  0.1427  0.5306  0.0000  1.0000  0.0000
   267 pz01.00266t0550n00342            0.0036  0.1427  0.5306  0.0000  1.0000  0.0000
   268 pz01.00267t0550n00342            0.0036  0.1427  0.5306  0.0000  1.0000  0.0000
   269 pz01.00268t0550n00342            0.0036  0.1427  0.5306  0.0000  1.0000  0.0000
   270 pz01.00269t0550n00342            0.0036  0.1427  0.5306  0.0000  1.0000  0.0000
   271 pz01.00270t0550n00342            0.0036  0.1427  0.5306  0.0000  1.0000  0.0000
   272 pz01.00271t0550n00342            0.0036  0.1427  0.5306  0.0000  1.0000  0.0000
   273 pz01.00272t0550n00342            0.0036  0.1427  0.5306  0.0000  1.0000  0.0000
   274 pz01.00273t0550n00342            0.0036  0.1410  0.5309  0.0000  1.0000  0.0000
   275 pz01.00274t0550n00342            0.0036  0.1427  0.5306  0.0000  1.0000  0.0000
   276 pz01.00275t0550n00342            0.0036  0.1427  0.5306  0.0000  1.0000  0.0000
   277 pz01.00276t0550n00342            0.0036  0.1427  0.5306  0.0000  1.0000  0.0000
   278 pz01.00277t0550n00342            0.0036  0.1427  0.5306  0.0000  1.0000  0.0000
   279 pz01.00278t0550n00342            0.0036  0.1427  0.5306  0.0000  1.0000  0.0000
   280 pz01.00279t0550n00342            0.0036  0.1427  0.5306  0.0000  1.0000  0.0000
   281 pz01.00280t0550n00342            0.0036  0.1427  0.5306  0.0000  1.0000  0.0000
   282 pz01.00281t0550n00342            0.0036  0.1433  0.5306  0.0000  1.0000  0.0000
   283 pz01.00282t0550n00342            0.0036  0.1433  0.5306  0.0000  1.0000  0.0000
   284 pz01.00283t0550n00342            0.0036  0.1433  0.5306  0.0000  1.0000  0.0000
   285 pz01.00284t0550n00342            0.0036  0.1433  0.5306  0.0000  1.0000  0.0000
   286 pz01.00285t0550n00342            0.0036  0.1439  0.5324  0.0000  1.0000  0.0000
   287 pz01.00286t0550n00342            0.0036  0.1432  0.5321  0.0000  1.0000  0.0000
   288 pz01.00287t0550n00342            0.0036  0.1432  0.5321  0.0000  1.0000  0.0000
   289 pz01.00288t0550n00342            0.0036  0.1432  0.5321  0.0000  1.0000  0.0000
   290 pz01.00289t0550n00342            0.0036  0.1432  0.5321  0.0000  1.0000  0.0000
   291 pz01.00290t0550n00342            0.0036  0.1432  0.5321  0.0000  1.0000  0.0000
   292 pz01.00291t0550n00342            0.0036  0.1432  0.5321  0.0000  1.0000  0.0000
   293 pz01.00292t0550n00342            0.0036  0.1432  0.5321  0.0000  1.0000  0.0000
   294 pz01.00293t0550n00342            0.0036  0.1426  0.5327  0.0000  1.0000  0.0000
   295 pz01.00294t0550n00342            0.0036  0.1426  0.5327  0.0000  1.0000  0.0000
   296 pz01.00295t0550n00342            0.0036  0.1426  0.5327  0.0000  1.0000  0.0000
   297 pz01.00296t0550n00342            0.0036  0.1426  0.5327  0.0000  1.0000  0.0000
   298 pz01.00297t0550n00342            0.0036  0.1426  0.5327  0.0000  1.0000  0.0000
   299 pz01.00298t0550n00342            0.0036  0.1426  0.5327  0.0000  1.0000  0.0000
   300 pz01.00299t0550n00342            0.0036  0.1426  0.5327  0.0000  1.0000  0.0000
   301 pz01.00300t0550n00342            0.0036  0.1426  0.5327  0.0000  1.0000  0.0000
   302 pz01.00301t0550n00342            0.0036  0.1426  0.5327  0.0000  1.0000  0.0000
   303 pz01.00302t0550n00342            0.0036  0.1426  0.5327  0.0000  1.0000  0.0000
   304 pz01.00303t0550n00342            0.0036  0.1426  0.5327  0.0000  1.0000  0.0000
   305 pz01.00304t0550n00342            0.0036  0.1426  0.5327  0.0000  1.0000  0.0000
   306 pz01.00305t0550n00342            0.0036  0.1426  0.5327  0.0000  1.0000  0.0000
   307 pz01.00306t0550n00342            0.0036  0.1426  0.5327  0.0000  1.0000  0.0000
   308 pz01.00307t0550n00342            0.0036  0.1433  0.5318  0.0000  1.0000  0.0000
   309 pz01.00308t0550n00342            0.0036  0.1433  0.5318  0.0000  1.0000  0.0000
   310 pz01.00309t0550n00342            0.0036  0.1416  0.5297  0.0000  1.0000  0.0000
   311 pz01.00310t0550n00342            0.0036  0.1543  0.5174  0.0000  1.0000  0.0000
   312 pz01.00311t0550n00342            0.0036  0.1409  0.5318  0.0000  1.0000  0.0000
   313 pz01.00312t0550n00342            0.0060  0.1394  0.5194  0.0000  1.0000  0.0000
   314 pz01.00313t0550n00342            0.0036  0.1422  0.5297  0.0000  1.0000  0.0000
   315 pz01.00314t0550n00342            0.0036  0.1416  0.5297  0.0000  1.0000  0.0000
   316 pz01.00315t0550n00342            0.0036  0.1402  0.5297  0.0000  1.0000  0.0000
   317 pz01.00316t0550n00342            0.0036  0.1402  0.5297  0.0000  1.0000  0.0000
   318 pz01.00317t0550n00342            0.0036  0.1402  0.5297  0.0000  1.0000  0.0000
   319 pz01.00318t0550n00342            0.0036  0.1402  0.5297  0.0000  1.0000  0.0000
   320 pz01.00319t0550n00342            0.0036  0.1402  0.5297  0.0000  1.0000  0.0000
   321 pz01.00320t0550n00342            0.0036  0.1402  0.5297  0.0000  1.0000  0.0000
   322 pz01.00321t0550n00342            0.0036  0.1402  0.5297  0.0000  1.0000  0.0000
   323 pz01.00322t0550n00342            0.0036  0.1402  0.5297  0.0000  1.0000  0.0000
   324 pz01.00323t0550n00342            0.0036  0.1402  0.5297  0.0000  1.0000  0.0000
   325 pz01.00324t0550n00342            0.0036  0.1402  0.5297  0.0000  1.0000  0.0000
   326 pz01.00325t0550n00342            0.0036  0.1402  0.5297  0.0000  1.0000  0.0000
   327 pz01.00326t0550n00342            0.0036  0.1402  0.5297  0.0000  1.0000  0.0000
   328 pz01.00327t0550n00342            0.0036  0.1402  0.5297  0.0000  1.0000  0.0000
   329 pz01.00328t0550n00342            0.0036  0.1402  0.5297  0.0000  1.0000  0.0000
   330 pz01.00329t0550n00342            0.0036  0.1402  0.5297  0.0000  1.0000  0.0000
   331 pz01.00330t0550n00342            0.0036  0.1402  0.5297  0.0000  1.0000  0.0000
   332 pz01.00331t0550n00342            0.0036  0.1402  0.5297  0.0000  1.0000  0.0000
   333 pz01.00332t0550n00342            0.0036  0.1402  0.5297  0.0000  1.0000  0.0000
   334 pz01.00333t0550n00342            0.0036  0.1402  0.5297  0.0000  1.0000  0.0000
   335 pz01.00334t0550n00342            0.0036  0.1402  0.5297  0.0000  1.0000  0.0000
   336 pz01.00335t0550n00342            0.0036  0.1402  0.5297  0.0000  1.0000  0.0000
   337 pz01.00336t0550n00342            0.0036  0.1402  0.5297  0.0000  1.0000  0.0000
   338 pz01.00337t0550n00342            0.0036  0.1403  0.5288  0.0000  1.0000  0.0000
   339 pz01.00338t0550n00342            0.0036  0.1403  0.5288  0.0000  1.0000  0.0000
   340 pz01.00339t0550n00342            0.0036  0.1403  0.5288  0.0000  1.0000  0.0000
   341 pz01.00340t0550n00342            0.0036  0.1403  0.5288  0.0000  1.0000  0.0000
   342 pz01.00341t0550n00342            0.0036  0.1402  0.5297  0.0000  1.0000  0.0000
   343 pz01.00342t0550n00342            0.0036  0.1402  0.5297  0.0000  1.0000  0.0000
   344 pz01.00343t0550n00342            0.0036  0.1402  0.5297  0.0000  1.0000  0.0000
   345 pz01.00344t0550n00342            0.0036  0.1402  0.5297  0.0000  1.0000  0.0000
   346 pz01.00345t0550n00342            0.0036  0.1414  0.5291  0.0000  1.0000  0.0000
   347 pz01.00346t0550n00342            0.0036  0.1408  0.5297  0.0000  1.0000  0.0000
   348 pz01.00347t0550n00342            0.0036  0.1408  0.5297  0.0000  1.0000  0.0000
   349 pz01.00348t0550n00342            0.0036  0.1408  0.5297  0.0000  1.0000  0.0000
   350 pz01.00349t0550n00342            0.0036  0.1408  0.5297  0.0000  1.0000  0.0000
   351 pz01.00350t0550n00342            0.0036  0.1408  0.5297  0.0000  1.0000  0.0000
   352 pz01.00351t0550n00342            0.0036  0.1408  0.5297  0.0000  1.0000  0.0000
   353 pz01.00352t0550n00342            0.0036  0.1409  0.5288  0.0000  1.0000  0.0000
   354 pz01.00353t0550n00342            0.0036  0.1416  0.5291  0.0000  1.0000  0.0000
   355 pz01.00354t0550n00342            0.0036  0.1416  0.5291  0.0000  1.0000  0.0000
   356 pz01.00355t0550n00342            0.0036  0.1409  0.5288  0.0000  1.0000  0.0000
   357 pz01.00356t0550n00342            0.0036  0.1428  0.5273  0.0000  1.0000  0.0000
   358 pz01.00357t0550n00342            0.0036  0.1428  0.5273  0.0000  1.0000  0.0000
   359 pz01.00358t0550n00342            0.0036  0.1428  0.5273  0.0000  1.0000  0.0000
   360 pz01.00359t0550n00342            0.0036  0.1428  0.5273  0.0000  1.0000  0.0000
   361 pz01.00360t0550n00342            0.0036  0.1428  0.5273  0.0000  1.0000  0.0000
   362 pz01.00361t0550n00342            0.0036  0.1428  0.5273  0.0000  1.0000  0.0000
   363 pz01.00362t0550n00342            0.0036  0.1428  0.5273  0.0000  1.0000  0.0000
   364 pz01.00363t0550n00342            0.0036  0.1428  0.5273  0.0000  1.0000  0.0000
   365 pz01.00364t0550n00342            0.0036  0.1409  0.5288  0.0000  1.0000  0.0000
   366 pz01.00365t0550n00342            0.0036  0.1404  0.5303  0.0000  1.0000  0.0000
   367 pz01.00366t0550n00342            0.0036  0.1416  0.5291  0.0000  1.0000  0.0000
   368 pz01.00367t0550n00342            0.0036  0.1416  0.5291  0.0000  1.0000  0.0000
   369 pz01.00368t0550n00342            0.0036  0.1409  0.5288  0.0000  1.0000  0.0000
   370 pz01.00369t0550n00342            0.0036  0.1409  0.5288  0.0000  1.0000  0.0000
   371 pz01.00370t0550n00342            0.0036  0.1409  0.5288  0.0000  1.0000  0.0000
   372 pz01.00371t0550n00342            0.0036  0.1409  0.5288  0.0000  1.0000  0.0000
   373 pz01.00372t0550n00342            0.0036  0.1409  0.5288  0.0000  1.0000  0.0000
   374 pz01.00373t0550n00342            0.0036  0.1409  0.5288  0.0000  1.0000  0.0000
   375 pz01.00374t0550n00342            0.0036  0.1409  0.5288  0.0000  1.0000  0.0000
   376 pz01.00375t0550n00342            0.0036  0.1409  0.5288  0.0000  1.0000  0.0000
   377 pz01.00376t0550n00342            0.0036  0.1409  0.5288  0.0000  1.0000  0.0000
   378 pz01.00377t0550n00342            0.0036  0.1409  0.5288  0.0000  1.0000  0.0000
   379 pz01.00378t0550n00342            0.0036  0.1409  0.5288  0.0000  1.0000  0.0000
   380 pz01.00379t0550n00342            0.0036  0.1409  0.5288  0.0000  1.0000  0.0000
   381 pz01.00380t0550n00342            0.0036  0.1409  0.5288  0.0000  1.0000  0.0000
   382 pz01.00381t0550n00342            0.0036  0.1409  0.5288  0.0000  1.0000  0.0000
   383 pz01.00382t0550n00342            0.0036  0.1409  0.5288  0.0000  1.0000  0.0000
   384 pz01.00383t0550n00342            0.0036  0.1409  0.5288  0.0000  1.0000  0.0000
   385 pz01.00384t0550n00342            0.0036  0.1411  0.5264  0.0000  1.0000  0.0000
   386 pz01.00385t0550n00342            0.0036  0.1421  0.5288  0.0000  1.0000  0.0000
   387 pz01.00386t0550n00342            0.0036  0.1421  0.5288  0.0000  1.0000  0.0000
   388 pz01.00387t0550n00342            0.0036  0.1421  0.5288  0.0000  1.0000  0.0000
   389 pz01.00388t0550n00342            0.0036  0.1421  0.5288  0.0000  1.0000  0.0000
   390 pz01.00389t0550n00342            0.0036  0.1423  0.5246  0.0000  1.0000  0.0000
   391 pz01.00390t0550n00342            0.0036  0.1423  0.5246  0.0000  1.0000  0.0000
   392 pz01.00391t0550n00342            0.0036  0.1423  0.5246  0.0000  1.0000  0.0000
   393 pz01.00392t0550n00342            0.0036  0.1423  0.5246  0.0000  1.0000  0.0000
   394 pz01.00393t0550n00342            0.0036  0.1423  0.5246  0.0000  1.0000  0.0000
   395 pz01.00394t0550n00342            0.0036  0.1423  0.5246  0.0000  1.0000  0.0000
   396 pz01.00395t0550n00342            0.0036  0.1423  0.5246  0.0000  1.0000  0.0000
   397 pz01.00396t0550n00342            0.0036  0.1423  0.5246  0.0000  1.0000  0.0000
   398 pz01.00397t0550n00342            0.0036  0.1423  0.5246  0.0000  1.0000  0.0000
   399 pz01.00398t0550n00342            0.0036  0.1423  0.5246  0.0000  1.0000  0.0000
   400 pz01.00399t0550n00342            0.0036  0.1423  0.5246  0.0000  1.0000  0.0000
   401 pz01.00400t0550n00342            0.0036  0.1423  0.5246  0.0000  1.0000  0.0000
   402 pz01.00401t0550n00342            0.0036  0.1423  0.5246  0.0000  1.0000  0.0000
   403 pz01.00402t0550n00342            0.0036  0.1423  0.5246  0.0000  1.0000  0.0000
   404 pz01.00403t0550n00342            0.0036  0.1423  0.5246  0.0000  1.0000  0.0000
   405 pz01.00404t0550n00342            0.0036  0.1423  0.5246  0.0000  1.0000  0.0000
   406 pz01.00405t0550n00342            0.0036  0.1422  0.5267  0.0000  1.0000  0.0000
   407 pz01.00406t0550n00342            0.0036  0.1416  0.5267  0.0000  1.0000  0.0000
   408 pz01.00407t0550n00342            0.0036  0.1416  0.5267  0.0000  1.0000  0.0000
   409 pz01.00408t0550n00342            0.0036  0.1421  0.5276  0.0000  1.0000  0.0000
   410 pz01.00409t0550n00342            0.0036  0.1422  0.5279  0.0000  1.0000  0.0000
   411 pz01.00410t0550n00342            0.0036  0.1422  0.5279  0.0000  1.0000  0.0000
   412 pz01.00411t0550n00342            0.0036  0.1428  0.5273  0.0000  1.0000  0.0000
   413 pz01.00412t0550n00342            0.0036  0.1427  0.5270  0.0000  1.0000  0.0000
   414 pz01.00413t0550n00342            0.0036  0.1427  0.5270  0.0000  1.0000  0.0000
   415 pz01.00414t0550n00342            0.0036  0.1427  0.5276  0.0000  1.0000  0.0000
   416 pz01.00415t0550n00342            0.0036  0.1427  0.5276  0.0000  1.0000  0.0000
   417 pz01.00416t0550n00342            0.0036  0.1427  0.5276  0.0000  1.0000  0.0000
   418 pz01.00417t0550n00342            0.0036  0.1427  0.5276  0.0000  1.0000  0.0000
   419 pz01.00418t0550n00342            0.0036  0.1428  0.5279  0.0000  1.0000  0.0000
   420 pz01.00419t0550n00342            0.0036  0.1428  0.5279  0.0000  1.0000  0.0000
   421 pz01.00420t0550n00342            0.0036  0.1426  0.5291  0.0000  1.0000  0.0000
   422 pz01.00421t0550n00342            0.0036  0.1426  0.5291  0.0000  1.0000  0.0000
   423 pz01.00422t0550n00342            0.0036  0.1426  0.5291  0.0000  1.0000  0.0000
   424 pz01.00423t0550n00342            0.0036  0.1426  0.5291  0.0000  1.0000  0.0000
   425 pz01.00424t0550n00342            0.0036  0.1427  0.5294  0.0000  1.0000  0.0000
   426 pz01.00425t0550n00342            0.0036  0.1427  0.5294  0.0000  1.0000  0.0000
   427 pz01.00426t0550n00342            0.0036  0.1429  0.5270  0.0000  1.0000  0.0000
   428 pz01.00427t0550n00342            0.0036  0.1427  0.5270  0.0000  1.0000  0.0000
   429 pz01.00428t0550n00342            0.0036  0.1427  0.5270  0.0000  1.0000  0.0000
   430 pz01.00429t0550n00342            0.0036  0.1427  0.5270  0.0000  1.0000  0.0000
   431 pz01.00430t0550n00342            0.0036  0.1422  0.5255  0.0000  1.0000  0.0000
   432 pz01.00431t0550n00342            0.0036  0.1422  0.5255  0.0000  1.0000  0.0000
   433 pz01.00432t0550n00342            0.0036  0.1422  0.5255  0.0000  1.0000  0.0000
   434 pz01.00433t0550n00342            0.0036  0.1409  0.5282  0.0000  1.0000  0.0000
   435 pz01.00434t0550n00342            0.0036  0.1409  0.5282  0.0000  1.0000  0.0000
   436 pz01.00435t0550n00342            0.0036  0.1409  0.5282  0.0000  1.0000  0.0000
   437 pz01.00436t0550n00342            0.0036  0.1409  0.5282  0.0000  1.0000  0.0000
   438 pz01.00437t0550n00342            0.0036  0.1397  0.5282  0.0000  1.0000  0.0000
   439 pz01.00438t0550n00342            0.0036  0.1397  0.5282  0.0000  1.0000  0.0000
   440 pz01.00439t0550n00342            0.0036  0.1397  0.5282  0.0000  1.0000  0.0000
   441 pz01.00440t0550n00342            0.0036  0.1397  0.5282  0.0000  1.0000  0.0000
   442 pz01.00441t0550n00342            0.0036  0.1397  0.5282  0.0000  1.0000  0.0000
   443 pz01.00442t0550n00342            0.0036  0.1397  0.5282  0.0000  1.0000  0.0000
   444 pz01.00443t0550n00342            0.0036  0.1397  0.5282  0.0000  1.0000  0.0000
   445 pz01.00444t0550n00342            0.0036  0.1403  0.5282  0.0000  1.0000  0.0000
   446 pz01.00445t0550n00342            0.0036  0.1397  0.5288  0.0000  1.0000  0.0000
   447 pz01.00446t0550n00342            0.0036  0.1397  0.5288  0.0000  1.0000  0.0000
   448 pz01.00447t0550n00342            0.0036  0.1397  0.5288  0.0000  1.0000  0.0000
   449 pz01.00448t0550n00342            0.0036  0.1391  0.5288  0.0000  1.0000  0.0000
   450 pz01.00449t0550n00342            0.0036  0.1391  0.5288  0.0000  1.0000  0.0000
   451 pz01.00450t0550n00342            0.0036  0.1391  0.5288  0.0000  1.0000  0.0000
   452 pz01.00451t0550n00342            0.0036  0.1391  0.5288  0.0000  1.0000  0.0000
   453 pz01.00452t0550n00342            0.0036  0.1391  0.5288  0.0000  1.0000  0.0000
   454 pz01.00453t0550n00342            0.0036  0.1391  0.5288  0.0000  1.0000  0.0000
   455 pz01.00454t0550n00342            0.0036  0.1391  0.5288  0.0000  1.0000  0.0000
   456 pz01.00455t0550n00342            0.0036  0.1391  0.5288  0.0000  1.0000  0.0000
   457 pz01.00456t0550n00342            0.0036  0.1391  0.5288  0.0000  1.0000  0.0000
   458 pz01.00457t0550n00342            0.0036  0.1391  0.5288  0.0000  1.0000  0.0000
   459 pz01.00458t0550n00342            0.0036  0.1391  0.5288  0.0000  1.0000  0.0000
   460 pz01.00459t0550n00342            0.0036  0.1391  0.5288  0.0000  1.0000  0.0000
   461 pz01.00460t0550n00342            0.0036  0.1391  0.5288  0.0000  1.0000  0.0000
   462 pz01.00461t0550n00342            0.0036  0.1403  0.5288  0.0000  1.0000  0.0000
   463 pz01.00462t0550n00342            0.0036  0.1403  0.5288  0.0000  1.0000  0.0000
   464 pz01.00463t0550n00342            0.0036  0.1391  0.5288  0.0000  1.0000  0.0000
   465 pz01.00464t0550n00342            0.0036  0.1391  0.5288  0.0000  1.0000  0.0000
   466 pz01.00465t0550n00342            0.0036  0.1391  0.5288  0.0000  1.0000  0.0000
   467 pz01.00466t0550n00342            0.0036  0.1391  0.5288  0.0000  1.0000  0.0000
   468 pz01.00467t0550n00342            0.0036  0.1391  0.5288  0.0000  1.0000  0.0000
   469 pz01.00468t0550n00342            0.0036  0.1391  0.5288  0.0000  1.0000  0.0000
   470 pz01.00469t0550n00342            0.0036  0.1391  0.5288  0.0000  1.0000  0.0000
   471 pz01.00470t0550n00342            0.0036  0.1391  0.5288  0.0000  1.0000  0.0000
   472 pz01.00471t0550n00342            0.0036  0.1391  0.5288  0.0000  1.0000  0.0000
   473 pz01.00472t0550n00342            0.0036  0.1391  0.5288  0.0000  1.0000  0.0000
   474 pz01.00473t0550n00342            0.0036  0.1391  0.5288  0.0000  1.0000  0.0000
   475 pz01.00474t0550n00342            0.0036  0.1391  0.5288  0.0000  1.0000  0.0000
   476 pz01.00475t0550n00342            0.0036  0.1397  0.5288  0.0000  1.0000  0.0000
   477 pz01.00476t0550n00342            0.0036  0.1398  0.5291  0.0000  1.0000  0.0000
   478 pz01.00477t0550n00342            0.0036  0.1398  0.5291  0.0000  1.0000  0.0000
   479 pz01.00478t0550n00342            0.0036  0.1397  0.5288  0.0000  1.0000  0.0000
   480 pz01.00479t0550n00342            0.0036  0.1397  0.5288  0.0000  1.0000  0.0000
   481 pz01.00480t0550n00342            0.0036  0.1397  0.5288  0.0000  1.0000  0.0000
   482 pz01.00481t0550n00342            0.0036  0.1397  0.5288  0.0000  1.0000  0.0000
   483 pz01.00482t0550n00342            0.0036  0.1397  0.5288  0.0000  1.0000  0.0000
   484 pz01.00483t0550n00342            0.0036  0.1397  0.5288  0.0000  1.0000  0.0000
   485 pz01.00484t0550n00342            0.0036  0.1397  0.5288  0.0000  1.0000  0.0000
   486 pz01.00485t0550n00342            0.0036  0.1397  0.5288  0.0000  1.0000  0.0000
   487 pz01.00486t0550n00342            0.0036  0.1397  0.5288  0.0000  1.0000  0.0000
   488 pz01.00487t0550n00342            0.0036  0.1397  0.5288  0.0000  1.0000  0.0000
   489 pz01.00488t0550n00342            0.0036  0.1397  0.5288  0.0000  1.0000  0.0000
   490 pz01.00489t0550n00342            0.0036  0.1397  0.5288  0.0000  1.0000  0.0000
   491 pz01.00490t0550n00342            0.0036  0.1397  0.5288  0.0000  1.0000  0.0000
   492 pz01.00491t0550n00342            0.0036  0.1398  0.5279  0.0000  1.0000  0.0000
   493 pz01.00492t0550n00342            0.0036  0.1398  0.5279  0.0000  1.0000  0.0000
   494 pz01.00493t0550n00342            0.0036  0.1391  0.5288  0.0000  1.0000  0.0000
   495 pz01.00494t0550n00342            0.0036  0.1391  0.5288  0.0000  1.0000  0.0000
   496 pz01.00495t0550n00342            0.0036  0.1391  0.5288  0.0000  1.0000  0.0000
   497 pz01.00496t0550n00342            0.0036  0.1391  0.5288  0.0000  1.0000  0.0000
   498 pz01.00497t0550n00342            0.0036  0.1391  0.5288  0.0000  1.0000  0.0000
   499 pz01.00498t0550n00342            0.0036  0.1391  0.5288  0.0000  1.0000  0.0000
   500 pz01.00499t0550n00342            0.0036  0.1391  0.5288  0.0000  1.0000  0.0000
   501 pz01.00500t0550n00342            0.0036  0.1391  0.5288  0.0000  1.0000  0.0000
   502 pz01.00501t0550n00342            0.0036  0.1391  0.5288  0.0000  1.0000  0.0000
   503 pz01.00502t0550n00342            0.0036  0.1391  0.5288  0.0000  1.0000  0.0000
   504 pz01.00503t0550n00342            0.0036  0.1391  0.5288  0.0000  1.0000  0.0000
   505 pz01.00504t0550n00342            0.0036  0.1391  0.5288  0.0000  1.0000  0.0000
   506 pz01.00505t0550n00342            0.0036  0.1391  0.5288  0.0000  1.0000  0.0000
   507 pz01.00506t0550n00342            0.0036  0.1391  0.5288  0.0000  1.0000  0.0000
   508 pz01.00507t0550n00342            0.0036  0.1391  0.5288  0.0000  1.0000  0.0000
   509 pz01.00508t0550n00342            0.0036  0.1391  0.5288  0.0000  1.0000  0.0000
   510 pz01.00509t0550n00342            0.0030  0.1340  0.5325  0.0000  1.0000  0.0000
   511 pz01.00510t0550n00342            0.0030  0.1369  0.5297  0.0000  1.0000  0.0000
   512 pz01.00511t0550n00342            0.0030  0.1369  0.5297  0.0000  1.0000  0.0000
   513 pz01.00512t0550n00342            0.0030  0.1375  0.5297  0.0000  1.0000  0.0000
   514 pz01.00513t0550n00342            0.0030  0.1375  0.5297  0.0000  1.0000  0.0000
   515 pz01.00514t0550n00342            0.0036  0.1398  0.5273  0.0000  1.0000  0.0000
   516 pz01.00515t0550n00342            0.0036  0.1398  0.5273  0.0000  1.0000  0.0000
   517 pz01.00516t0550n00342            0.0036  0.1405  0.5270  0.0000  1.0000  0.0000
   518 pz01.00517t0550n00342            0.0036  0.1613  0.5021  0.0000  1.0000  0.0000
   519 pz01.00518t0550n00342            0.0036  0.1404  0.5291  0.0000  1.0000  0.0000
   520 pz01.00519t0550n00342            0.0036  0.1404  0.5291  0.0000  1.0000  0.0000
   521 pz01.00520t0550n00342            0.0036  0.1404  0.5291  0.0000  1.0000  0.0000
   522 pz01.00521t0550n00342            0.0036  0.1404  0.5291  0.0000  1.0000  0.0000
   523 pz01.00522t0550n00342            0.0036  0.1404  0.5291  0.0000  1.0000  0.0000
   524 pz01.00523t0550n00342            0.0036  0.1403  0.5288  0.0000  1.0000  0.0000
   525 pz01.00524t0550n00342            0.0036  0.1403  0.5288  0.0000  1.0000  0.0000
   526 pz01.00525t0550n00342            0.0036  0.1403  0.5288  0.0000  1.0000  0.0000
   527 pz01.00526t0550n00342            0.0036  0.1403  0.5288  0.0000  1.0000  0.0000
   528 pz01.00527t0550n00342            0.0036  0.1403  0.5288  0.0000  1.0000  0.0000
   529 pz01.00528t0550n00342            0.0036  0.1403  0.5288  0.0000  1.0000  0.0000
   530 pz01.00529t0550n00342            0.0036  0.1403  0.5288  0.0000  1.0000  0.0000
   531 pz01.00530t0550n00342            0.0036  0.1403  0.5288  0.0000  1.0000  0.0000
   532 pz01.00531t0550n00342            0.0036  0.1403  0.5288  0.0000  1.0000  0.0000
   533 pz01.00532t0550n00342            0.0036  0.1397  0.5294  0.0000  1.0000  0.0000
   534 pz01.00533t0550n00342            0.0036  0.1397  0.5294  0.0000  1.0000  0.0000
   535 pz01.00534t0550n00342            0.0036  0.1397  0.5294  0.0000  1.0000  0.0000
   536 pz01.00535t0550n00342            0.0036  0.1397  0.5294  0.0000  1.0000  0.0000
   537 pz01.00536t0550n00342            0.0036  0.1397  0.5294  0.0000  1.0000  0.0000
   538 pz01.00537t0550n00342            0.0036  0.1397  0.5294  0.0000  1.0000  0.0000
   539 pz01.00538t0550n00342            0.0036  0.1397  0.5294  0.0000  1.0000  0.0000
   540 pz01.00539t0550n00342            0.0036  0.1397  0.5294  0.0000  1.0000  0.0000
   541 pz01.00540t0550n00342            0.0036  0.1397  0.5294  0.0000  1.0000  0.0000
   542 pz01.00541t0550n00342            0.0036  0.1397  0.5294  0.0000  1.0000  0.0000
   543 pz01.00542t0550n00342            0.0036  0.1398  0.5297  0.0000  1.0000  0.0000
   544 pz01.00543t0550n00342            0.0036  0.1397  0.5294  0.0000  1.0000  0.0000
   545 pz01.00544t0550n00342            0.0042  0.1542  0.5099  0.0000  1.0000  0.0000
   546 pz01.00545t0550n00342            0.0036  0.1397  0.5294  0.0000  1.0000  0.0000
   547 pz01.00546t0550n00342            0.0036  0.1397  0.5294  0.0000  1.0000  0.0000
   548 pz01.00547t0550n00342            0.0036  0.1397  0.5294  0.0000  1.0000  0.0000
   549 pz01.00548t0550n00342            0.0036  0.1397  0.5294  0.0000  1.0000  0.0000
   550 pz01.00549t0550n00342            0.0036  0.1397  0.5294  0.0000  1.0000  0.0000
   551 pz01.00550t0550n00342            0.0036  0.1397  0.5294  0.0000  1.0000  0.0000
   552 pz01.00551t0550n00342            0.0036  0.1397  0.5294  0.0000  1.0000  0.0000
   553 pz01.00552t0550n00342            0.0036  0.1397  0.5294  0.0000  1.0000  0.0000
   554 pz01.00553t0550n00342            0.0036  0.1403  0.5288  0.0000  1.0000  0.0000
   555 pz01.00554t0550n00342            0.0036  0.1403  0.5288  0.0000  1.0000  0.0000
   556 pz01.00555t0550n00342            0.0036  0.1398  0.5279  0.0000  1.0000  0.0000
   557 pz01.00556t0550n00342            0.0036  0.1398  0.5279  0.0000  1.0000  0.0000
   558 pz01.00557t0550n00342            0.0036  0.1403  0.5288  0.0000  1.0000  0.0000
   559 pz01.00558t0550n00342            0.0036  0.1404  0.5291  0.0000  1.0000  0.0000
   560 pz01.00559t0550n00342            0.0036  0.1404  0.5291  0.0000  1.0000  0.0000
   561 pz01.00560t0550n00342            0.0036  0.1404  0.5291  0.0000  1.0000  0.0000
   562 pz01.00561t0550n00342            0.0036  0.1404  0.5291  0.0000  1.0000  0.0000
   563 pz01.00562t0550n00342            0.0036  0.1403  0.5288  0.0000  1.0000  0.0000
   564 pz01.00563t0550n00342            0.0036  0.1397  0.5288  0.0000  1.0000  0.0000
   565 pz01.00564t0550n00342            0.0036  0.1397  0.5288  0.0000  1.0000  0.0000
   566 pz01.00565t0550n00342            0.0036  0.1397  0.5288  0.0000  1.0000  0.0000
   567 pz01.00566t0550n00342            0.0036  0.1397  0.5288  0.0000  1.0000  0.0000
   568 pz01.00567t0550n00342            0.0036  0.1397  0.5288  0.0000  1.0000  0.0000
   569 pz01.00568t0550n00342            0.0036  0.1397  0.5288  0.0000  1.0000  0.0000
   570 pz01.00569t0550n00342            0.0036  0.1397  0.5288  0.0000  1.0000  0.0000
   571 pz01.00570t0550n00342            0.0036  0.1397  0.5288  0.0000  1.0000  0.0000
   572 pz01.00571t0550n00342            0.0036  0.1397  0.5288  0.0000  1.0000  0.0000
   573 pz01.00572t0550n00342            0.0036  0.1397  0.5288  0.0000  1.0000  0.0000
   574 pz01.00573t0550n00342            0.0036  0.1397  0.5288  0.0000  1.0000  0.0000
   575 pz01.00574t0550n00342            0.0036  0.1397  0.5288  0.0000  1.0000  0.0000
   576 pz01.00575t0550n00342            0.0036  0.1397  0.5288  0.0000  1.0000  0.0000
   577 pz01.00576t0550n00342            0.0036  0.1398  0.5291  0.0000  1.0000  0.0000
   578 pz01.00577t0550n00342            0.0036  0.1397  0.5288  0.0000  1.0000  0.0000
   579 pz01.00578t0550n00342            0.0036  0.1397  0.5288  0.0000  1.0000  0.0000
   580 pz01.00579t0550n00342            0.0036  0.1397  0.5288  0.0000  1.0000  0.0000
   581 pz01.00580t0550n00342            0.0036  0.1397  0.5288  0.0000  1.0000  0.0000
   582 pz01.00581t0550n00342            0.0036  0.1397  0.5288  0.0000  1.0000  0.0000
   583 pz01.00582t0550n00342            0.0036  0.1397  0.5288  0.0000  1.0000  0.0000
   584 pz01.00583t0550n00342            0.0036  0.1397  0.5288  0.0000  1.0000  0.0000
   585 pz01.00584t0550n00342            0.0036  0.1397  0.5288  0.0000  1.0000  0.0000
   586 pz01.00585t0550n00342            0.0036  0.1397  0.5288  0.0000  1.0000  0.0000
   587 pz01.00586t0550n00342            0.0036  0.1397  0.5288  0.0000  1.0000  0.0000
   588 pz01.00587t0550n00342            0.0036  0.1397  0.5288  0.0000  1.0000  0.0000
   589 pz01.00588t0550n00342            0.0036  0.1397  0.5288  0.0000  1.0000  0.0000
   590 pz01.00589t0550n00342            0.0036  0.1404  0.5279  0.0000  1.0000  0.0000
   591 pz01.00590t0550n00342            0.0036  0.1531  0.5156  0.0000  1.0000  0.0000
   592 pz01.00591t0550n00342            0.0036  0.1548  0.5165  0.0000  1.0000  0.0000
   593 pz01.00592t0550n00342            0.0036  0.1548  0.5165  0.0000  1.0000  0.0000
   594 pz01.00593t0550n00342            0.0036  0.1396  0.5303  0.0000  1.0000  0.0000
   595 pz01.00594t0550n00342            0.0036  0.1396  0.5303  0.0000  1.0000  0.0000
   596 pz01.00595t0550n00342            0.0036  0.1396  0.5303  0.0000  1.0000  0.0000
   597 pz01.00596t0550n00342            0.0036  0.1396  0.5303  0.0000  1.0000  0.0000
   598 pz01.00597t0550n00342            0.0036  0.1396  0.5303  0.0000  1.0000  0.0000
   599 pz01.00598t0550n00342            0.0036  0.1397  0.5294  0.0000  1.0000  0.0000
   600 pz01.00599t0550n00342            0.0036  0.1397  0.5294  0.0000  1.0000  0.0000
   601 pz01.00600t0550n00342            0.0036  0.1410  0.5297  0.0000  1.0000  0.0000
   602 pz01.00601t0550n00342            0.0036  0.1398  0.5309  0.0000  1.0000  0.0000
   603 pz01.00602t0550n00342            0.0036  0.1480  0.5165  0.0000  1.0000  0.0000
   604 pz01.00603t0550n00342            0.0036  0.1548  0.5165  0.0000  1.0000  0.0000
   605 pz01.00604t0550n00342            0.0036  0.1543  0.5162  0.0000  1.0000  0.0000
   606 pz01.00605t0550n00342            0.0030  0.1363  0.5201  0.0000  1.0000  0.0000
   607 pz01.00606t0550n00342            0.0036  0.1386  0.5291  0.0000  1.0000  0.0000
   608 pz01.00607t0550n00342            0.0036  0.1386  0.5291  0.0000  1.0000  0.0000
   609 pz01.00608t0550n00342            0.0036  0.1386  0.5291  0.0000  1.0000  0.0000
   610 pz01.00609t0550n00342            0.0036  0.1386  0.5291  0.0000  1.0000  0.0000
   611 pz01.00610t0550n00342            0.0036  0.1386  0.5291  0.0000  1.0000  0.0000
   612 pz01.00611t0550n00342            0.0036  0.1387  0.5294  0.0000  1.0000  0.0000
   613 pz01.00612t0550n00342            0.0036  0.1387  0.5294  0.0000  1.0000  0.0000
   614 pz01.00613t0550n00342            0.0036  0.1387  0.5294  0.0000  1.0000  0.0000
   615 pz01.00614t0550n00342            0.0036  0.1392  0.5297  0.0000  1.0000  0.0000
   616 pz01.00615t0550n00342            0.0036  0.1397  0.5306  0.0000  1.0000  0.0000
   617 pz01.00616t0550n00342            0.0036  0.1397  0.5306  0.0000  1.0000  0.0000
   618 pz01.00617t0550n00342            0.0036  0.1397  0.5306  0.0000  1.0000  0.0000
   619 pz01.00618t0550n00342            0.0036  0.1397  0.5306  0.0000  1.0000  0.0000
   620 pz01.00619t0550n00342            0.0036  0.1397  0.5306  0.0000  1.0000  0.0000
   621 pz01.00620t0550n00342            0.0036  0.1396  0.5303  0.0000  1.0000  0.0000
   622 pz01.00621t0550n00342            0.0036  0.1396  0.5303  0.0000  1.0000  0.0000
   623 pz01.00622t0550n00342            0.0036  0.1396  0.5303  0.0000  1.0000  0.0000
   624 pz01.00623t0550n00342            0.0036  0.1396  0.5303  0.0000  1.0000  0.0000
   625 pz01.00624t0550n00342            0.0036  0.1396  0.5303  0.0000  1.0000  0.0000
   626 pz01.00625t0550n00342            0.0036  0.1396  0.5303  0.0000  1.0000  0.0000
   627 pz01.00626t0550n00342            0.0036  0.1396  0.5303  0.0000  1.0000  0.0000
   628 pz01.00627t0550n00342            0.0036  0.1398  0.5273  0.0000  1.0000  0.0000
   629 pz01.00628t0550n00342            0.0036  0.1398  0.5273  0.0000  1.0000  0.0000
   630 pz01.00629t0550n00342            0.0036  0.1397  0.5294  0.0000  1.0000  0.0000
   631 pz01.00630t0550n00342            0.0036  0.1397  0.5294  0.0000  1.0000  0.0000
   632 pz01.00631t0550n00342            0.0036  0.1397  0.5294  0.0000  1.0000  0.0000
   633 pz01.00632t0550n00342            0.0036  0.1397  0.5294  0.0000  1.0000  0.0000
   634 pz01.00633t0550n00342            0.0036  0.1397  0.5294  0.0000  1.0000  0.0000
   635 pz01.00634t0550n00342            0.0036  0.1397  0.5294  0.0000  1.0000  0.0000
   636 pz01.00635t0550n00342            0.0036  0.1396  0.5303  0.0000  1.0000  0.0000
   637 pz01.00636t0550n00342            0.0036  0.1396  0.5303  0.0000  1.0000  0.0000
   638 pz01.00637t0550n00342            0.0036  0.1396  0.5303  0.0000  1.0000  0.0000
   639 pz01.00638t0550n00342            0.0036  0.1396  0.5303  0.0000  1.0000  0.0000
   640 pz01.00639t0550n00342            0.0036  0.1396  0.5303  0.0000  1.0000  0.0000
   641 pz01.00640t0550n00342            0.0036  0.1396  0.5303  0.0000  1.0000  0.0000
   642 pz01.00641t0550n00342            0.0036  0.1396  0.5297  0.0000  1.0000  0.0000
   643 pz01.00642t0550n00342            0.0036  0.1396  0.5297  0.0000  1.0000  0.0000
   644 pz01.00643t0550n00342            0.0036  0.1396  0.5297  0.0000  1.0000  0.0000
   645 pz01.00644t0550n00342            0.0036  0.1396  0.5297  0.0000  1.0000  0.0000
   646 pz01.00645t0550n00342            0.0036  0.1396  0.5297  0.0000  1.0000  0.0000
   647 pz01.00646t0550n00342            0.0036  0.1396  0.5297  0.0000  1.0000  0.0000
   648 pz01.00647t0550n00342            0.0036  0.1396  0.5297  0.0000  1.0000  0.0000
   649 pz01.00648t0550n00342            0.0036  0.1396  0.5297  0.0000  1.0000  0.0000
   650 pz01.00649t0550n00342            0.0036  0.1396  0.5297  0.0000  1.0000  0.0000
   651 pz01.00650t0550n00342            0.0036  0.1494  0.4985  0.0000  1.0000  0.0000
   652 pz01.00651t0550n00342            0.0036  0.1404  0.5267  0.0000  1.0000  0.0000
   653 pz01.00652t0550n00342            0.0036  0.1416  0.5261  0.0000  1.0000  0.0000
   654 pz01.00653t0550n00342            0.0036  0.1416  0.5261  0.0000  1.0000  0.0000
   655 pz01.00654t0550n00342            0.0036  0.1404  0.5267  0.0000  1.0000  0.0000
   656 pz01.00655t0550n00342            0.0036  0.1404  0.5267  0.0000  1.0000  0.0000
   657 pz01.00656t0550n00342            0.0036  0.1404  0.5267  0.0000  1.0000  0.0000
   658 pz01.00657t0550n00342            0.0036  0.1416  0.5261  0.0000  1.0000  0.0000
   659 pz01.00658t0550n00342            0.0036  0.1404  0.5267  0.0000  1.0000  0.0000
   660 pz01.00659t0550n00342            0.0036  0.1416  0.5261  0.0000  1.0000  0.0000
   661 pz01.00660t0550n00342            0.0042  0.1535  0.4886  0.0000  1.0000  0.0000
   662 pz01.00661t0550n00342            0.0036  0.1438  0.5261  0.0000  1.0000  0.0000
   663 pz01.00662t0550n00342            0.0036  0.1438  0.5261  0.0000  1.0000  0.0000
   664 pz01.00663t0550n00342            0.0036  0.1438  0.5261  0.0000  1.0000  0.0000
   665 pz01.00664t0550n00342            0.0036  0.1438  0.5261  0.0000  1.0000  0.0000
   666 pz01.00665t0550n00342            0.0036  0.1438  0.5261  0.0000  1.0000  0.0000
   667 pz01.00666t0550n00342            0.0036  0.1438  0.5261  0.0000  1.0000  0.0000
   668 pz01.00667t0550n00342            0.0036  0.1438  0.5261  0.0000  1.0000  0.0000
   669 pz01.00668t0550n00342            0.0036  0.1438  0.5261  0.0000  1.0000  0.0000
   670 pz01.00669t0550n00342            0.0036  0.1438  0.5261  0.0000  1.0000  0.0000
   671 pz01.00670t0550n00342            0.0036  0.1422  0.5249  0.0000  1.0000  0.0000
   672 pz01.00671t0550n00342            0.0036  0.1438  0.5243  0.0000  1.0000  0.0000
   673 pz01.00672t0550n00342            0.0036  0.1438  0.5243  0.0000  1.0000  0.0000
   674 pz01.00673t0550n00342            0.0036  0.1438  0.5243  0.0000  1.0000  0.0000
   675 pz01.00674t0550n00342            0.0036  0.1438  0.5243  0.0000  1.0000  0.0000
   676 pz01.00675t0550n00342            0.0036  0.1438  0.5243  0.0000  1.0000  0.0000
   677 pz01.00676t0550n00342            0.0036  0.1438  0.5243  0.0000  1.0000  0.0000
   678 pz01.00677t0550n00342            0.0036  0.1440  0.5231  0.0000  1.0000  0.0000
   679 pz01.00678t0550n00342            0.0036  0.1440  0.5231  0.0000  1.0000  0.0000
   680 pz01.00679t0550n00342            0.0036  0.1440  0.5231  0.0000  1.0000  0.0000
   681 pz01.00680t0550n00342            0.0060  0.1437  0.5102  0.0000  1.0000  0.0000
   682 pz01.00681t0550n00342            0.0060  0.1437  0.5108  0.0000  1.0000  0.0000
   683 pz01.00682t0550n00342            0.0036  0.1438  0.5255  0.0000  1.0000  0.0000
   684 pz01.00683t0550n00342            0.0036  0.1444  0.5255  0.0000  1.0000  0.0000
   685 pz01.00684t0550n00342            0.0036  0.1438  0.5255  0.0000  1.0000  0.0000
   686 pz01.00685t0550n00342            0.0036  0.1438  0.5255  0.0000  1.0000  0.0000
   687 pz01.00686t0550n00342            0.0036  0.1438  0.5255  0.0000  1.0000  0.0000
   688 pz01.00687t0550n00342            0.0036  0.1438  0.5255  0.0000  1.0000  0.0000
   689 pz01.00688t0550n00342            0.0036  0.1438  0.5255  0.0000  1.0000  0.0000
   690 pz01.00689t0550n00342            0.0036  0.1438  0.5255  0.0000  1.0000  0.0000
   691 pz01.00690t0550n00342            0.0036  0.1441  0.5234  0.0000  1.0000  0.0000
   692 pz01.00691t0550n00342            0.0036  0.1439  0.5240  0.0000  1.0000  0.0000
   693 pz01.00692t0550n00342            0.0036  0.1439  0.5240  0.0000  1.0000  0.0000
   694 pz01.00693t0550n00342            0.0036  0.1439  0.5240  0.0000  1.0000  0.0000
   695 pz01.00694t0550n00342            0.0036  0.1439  0.5240  0.0000  1.0000  0.0000
   696 pz01.00695t0550n00342            0.0036  0.1439  0.5240  0.0000  1.0000  0.0000
   697 pz01.00696t0550n00342            0.0036  0.1439  0.5240  0.0000  1.0000  0.0000
   698 pz01.00697t0550n00342            0.0036  0.1440  0.5243  0.0000  1.0000  0.0000
   699 pz01.00698t0550n00342            0.0036  0.1440  0.5243  0.0000  1.0000  0.0000
   700 pz01.00699t0550n00342            0.0036  0.1440  0.5243  0.0000  1.0000  0.0000
   701 pz01.00700t0550n00342            0.0036  0.1440  0.5243  0.0000  1.0000  0.0000
   702 pz01.00701t0550n00342            0.0036  0.1439  0.5252  0.0000  1.0000  0.0000
   703 pz01.00702t0550n00342            0.0036  0.1438  0.5249  0.0000  1.0000  0.0000
   704 pz01.00703t0550n00342            0.0036  0.1438  0.5249  0.0000  1.0000  0.0000
   705 pz01.00704t0550n00342            0.0036  0.1444  0.5249  0.0000  1.0000  0.0000
   706 pz01.00705t0550n00342            0.0036  0.1457  0.5222  0.0000  1.0000  0.0000
   707 pz01.00706t0550n00342            0.0036  0.1433  0.5240  0.0000  1.0000  0.0000
   708 pz01.00707t0550n00342            0.0036  0.1434  0.5225  0.0000  1.0000  0.0000
   709 pz01.00708t0550n00342            0.0036  0.1434  0.5225  0.0000  1.0000  0.0000
   710 pz01.00709t0550n00342            0.0036  0.1434  0.5219  0.0000  1.0000  0.0000
   711 pz01.00710t0550n00342            0.0036  0.1444  0.5249  0.0000  1.0000  0.0000
   712 pz01.00711t0550n00342            0.0036  0.1444  0.5249  0.0000  1.0000  0.0000
   713 pz01.00712t0550n00342            0.0036  0.1444  0.5249  0.0000  1.0000  0.0000
   714 pz01.00713t0550n00342            0.0036  0.1444  0.5249  0.0000  1.0000  0.0000
   715 pz01.00714t0550n00342            0.0036  0.1445  0.5216  0.0000  1.0000  0.0000
   716 pz01.00715t0550n00342            0.0036  0.1445  0.5216  0.0000  1.0000  0.0000
   717 pz01.00716t0550n00342            0.0036  0.1445  0.5216  0.0000  1.0000  0.0000
   718 pz01.00717t0550n00342            0.0036  0.1445  0.5216  0.0000  1.0000  0.0000
   719 pz01.00718t0550n00342            0.0036  0.1445  0.5216  0.0000  1.0000  0.0000
   720 pz01.00719t0550n00342            0.0036  0.1445  0.5216  0.0000  1.0000  0.0000
   721 pz01.00720t0550n00342            0.0036  0.1445  0.5216  0.0000  1.0000  0.0000
   722 pz01.00721t0550n00342            0.0036  0.1445  0.5216  0.0000  1.0000  0.0000
   723 pz01.00722t0550n00342            0.0036  0.1445  0.5216  0.0000  1.0000  0.0000
   724 pz01.00723t0550n00342            0.0036  0.1445  0.5216  0.0000  1.0000  0.0000
   725 pz01.00724t0550n00342            0.0036  0.1445  0.5216  0.0000  1.0000  0.0000
   726 pz01.00725t0550n00342            0.0036  0.1445  0.5222  0.0000  1.0000  0.0000
   727 pz01.00726t0550n00342            0.0036  0.1445  0.5222  0.0000  1.0000  0.0000
   728 pz01.00727t0550n00342            0.0036  0.1445  0.5222  0.0000  1.0000  0.0000
   729 pz01.00728t0550n00342            0.0036  0.1446  0.5225  0.0000  1.0000  0.0000
   730 pz01.00729t0550n00342            0.0036  0.1446  0.5225  0.0000  1.0000  0.0000
   731 pz01.00730t0550n00342            0.0036  0.1446  0.5225  0.0000  1.0000  0.0000
   732 pz01.00731t0550n00342            0.0036  0.1446  0.5225  0.0000  1.0000  0.0000
   733 pz01.00732t0550n00342            0.0036  0.1446  0.5225  0.0000  1.0000  0.0000
   734 pz01.00733t0550n00342            0.0036  0.1446  0.5225  0.0000  1.0000  0.0000
   735 pz01.00734t0550n00342            0.0036  0.1471  0.5189  0.0000  1.0000  0.0000
   736 pz01.00735t0550n00342            0.0036  0.1459  0.5228  0.0000  1.0000  0.0000
   737 pz01.00736t0550n00342            0.0036  0.1471  0.5246  0.0000  1.0000  0.0000
   738 pz01.00737t0550n00342            0.0036  0.1471  0.5246  0.0000  1.0000  0.0000
   739 pz01.00738t0550n00342            0.0036  0.1676  0.5021  0.0000  1.0000  0.0000
   740 pz01.00739t0550n00342            0.0036  0.1464  0.5243  0.0000  1.0000  0.0000
   741 pz01.00740t0550n00342            0.0036  0.1464  0.5243  0.0000  1.0000  0.0000
   742 pz01.00741t0550n00342            0.0036  0.1464  0.5243  0.0000  1.0000  0.0000
   743 pz01.00742t0550n00342            0.0036  0.1464  0.5243  0.0000  1.0000  0.0000
   744 pz01.00743t0550n00342            0.0036  0.1651  0.5012  0.0000  1.0000  0.0000
   745 pz01.00744t0550n00342            0.0036  0.1446  0.5231  0.0000  1.0000  0.0000
   746 pz01.00745t0550n00342            0.0036  0.1471  0.5216  0.0000  1.0000  0.0000
   747 pz01.00746t0550n00342            0.0036  0.1593  0.4952  0.0000  1.0000  0.0000
   748 pz01.00747t0550n00342            0.0036  0.1446  0.5225  0.0000  1.0000  0.0000
   749 pz01.00748t0550n00342            0.0036  0.1446  0.5225  0.0000  1.0000  0.0000
   750 pz01.00749t0550n00342            0.0036  0.1611  0.4922  0.0000  1.0000  0.0000
   751 pz01.00750t0550n00342            0.0036  0.1451  0.5246  0.0000  1.0000  0.0000
   752 pz01.00751t0550n00342            0.0036  0.1445  0.5246  0.0000  1.0000  0.0000
   753 pz01.00752t0550n00342            0.0036  0.1445  0.5246  0.0000  1.0000  0.0000
   754 pz01.00753t0550n00342            0.0036  0.1445  0.5246  0.0000  1.0000  0.0000
   755 pz01.00754t0550n00342            0.0036  0.1598  0.4973  0.0000  1.0000  0.0000
   756 pz01.00755t0550n00342            0.0036  0.1445  0.5246  0.0000  1.0000  0.0000
   757 pz01.00756t0550n00342            0.0036  0.1437  0.5257  0.0000  1.0000  0.0000
   758 pz01.00757t0550n00342            0.0036  0.1643  0.5060  0.0000  1.0000  0.0000
   759 pz01.00758t0550n00342            0.0036  0.1437  0.5257  0.0000  1.0000  0.0000
   760 pz01.00759t0550n00342            0.0036  0.1437  0.5257  0.0000  1.0000  0.0000
   761 pz01.00760t0550n00342            0.0036  0.1437  0.5257  0.0000  1.0000  0.0000
   762 pz01.00761t0550n00342            0.0036  0.1437  0.5257  0.0000  1.0000  0.0000
   763 pz01.00762t0550n00342            0.0036  0.1437  0.5257  0.0000  1.0000  0.0000
   764 pz01.00763t0550n00342            0.0036  0.1444  0.5261  0.0000  1.0000  0.0000
   765 pz01.00764t0550n00342            0.0036  0.1444  0.5261  0.0000  1.0000  0.0000
   766 pz01.00765t0550n00342            0.0036  0.1444  0.5261  0.0000  1.0000  0.0000
   767 pz01.00766t0550n00342            0.0036  0.1443  0.5257  0.0000  1.0000  0.0000
   768 pz01.00767t0550n00342            0.0036  0.1443  0.5257  0.0000  1.0000  0.0000
   769 pz01.00768t0550n00342            0.0036  0.1443  0.5257  0.0000  1.0000  0.0000
   770 pz01.00769t0550n00342            0.0036  0.1443  0.5257  0.0000  1.0000  0.0000
   771 pz01.00770t0550n00342            0.0036  0.1443  0.5257  0.0000  1.0000  0.0000
   772 pz01.00771t0550n00342            0.0036  0.1443  0.5257  0.0000  1.0000  0.0000
   773 pz01.00772t0550n00342            0.0036  0.1443  0.5257  0.0000  1.0000  0.0000
   774 pz01.00773t0550n00342            0.0036  0.1443  0.5257  0.0000  1.0000  0.0000
   775 pz01.00774t0550n00342            0.0036  0.1443  0.5257  0.0000  1.0000  0.0000
   776 pz01.00775t0550n00342            0.0036  0.1437  0.5257  0.0000  1.0000  0.0000
   777 pz01.00776t0550n00342            0.0036  0.1437  0.5257  0.0000  1.0000  0.0000
   778 pz01.00777t0550n00342            0.0036  0.1437  0.5257  0.0000  1.0000  0.0000
   779 pz01.00778t0550n00342            0.0036  0.1437  0.5257  0.0000  1.0000  0.0000
   780 pz01.00779t0550n00342            0.0036  0.1684  0.4997  0.0000  1.0000  0.0000
   781 pz01.00780t0550n00342            0.0036  0.1461  0.5269  0.0000  1.0000  0.0000
   782 pz01.00781t0550n00342            0.0036  0.1461  0.5269  0.0000  1.0000  0.0000
   783 pz01.00782t0550n00342            0.0036  0.1461  0.5269  0.0000  1.0000  0.0000
   784 pz01.00783t0550n00342            0.0036  0.1461  0.5269  0.0000  1.0000  0.0000
   785 pz01.00784t0550n00342            0.0036  0.1464  0.5243  0.0000  1.0000  0.0000
   786 pz01.00785t0550n00342            0.0036  0.1464  0.5243  0.0000  1.0000  0.0000
   787 pz01.00786t0550n00342            0.0036  0.1461  0.5269  0.0000  1.0000  0.0000
   788 pz01.00787t0550n00342            0.0036  0.1461  0.5269  0.0000  1.0000  0.0000
   789 pz01.00788t0550n00342            0.0036  0.1461  0.5269  0.0000  1.0000  0.0000
   790 pz01.00789t0550n00342            0.0036  0.1461  0.5269  0.0000  1.0000  0.0000
   791 pz01.00790t0550n00342            0.0036  0.1461  0.5269  0.0000  1.0000  0.0000
   792 pz01.00791t0550n00342            0.0036  0.1461  0.5269  0.0000  1.0000  0.0000
   793 pz01.00792t0550n00342            0.0036  0.1461  0.5269  0.0000  1.0000  0.0000
   794 pz01.00793t0550n00342            0.0036  0.1461  0.5269  0.0000  1.0000  0.0000
   795 pz01.00794t0550n00342            0.0036  0.1461  0.5269  0.0000  1.0000  0.0000
   796 pz01.00795t0550n00342            0.0036  0.1461  0.5269  0.0000  1.0000  0.0000
   797 pz01.00796t0550n00342            0.0036  0.1461  0.5269  0.0000  1.0000  0.0000
   798 pz01.00797t0550n00342            0.0036  0.1461  0.5269  0.0000  1.0000  0.0000
   799 pz01.00798t0550n00342            0.0036  0.1461  0.5269  0.0000  1.0000  0.0000
   800 pz01.00799t0550n00342            0.0036  0.1461  0.5269  0.0000  1.0000  0.0000
   801 pz01.00800t0550n00342            0.0036  0.1461  0.5269  0.0000  1.0000  0.0000
   802 pz01.00801t0550n00342            0.0036  0.1461  0.5269  0.0000  1.0000  0.0000
   803 pz01.00802t0550n00342            0.0036  0.1461  0.5269  0.0000  1.0000  0.0000
   804 pz01.00803t0550n00342            0.0036  0.1467  0.5269  0.0000  1.0000  0.0000
   805 pz01.00804t0550n00342            0.0036  0.1467  0.5269  0.0000  1.0000  0.0000
   806 pz01.00805t0550n00342            0.0036  0.1467  0.5269  0.0000  1.0000  0.0000
   807 pz01.00806t0550n00342            0.0036  0.1467  0.5269  0.0000  1.0000  0.0000
   808 pz01.00807t0550n00342            0.0036  0.1468  0.5261  0.0000  1.0000  0.0000
   809 pz01.00808t0550n00342            0.0036  0.1468  0.5261  0.0000  1.0000  0.0000
   810 pz01.00809t0550n00342            0.0036  0.1468  0.5261  0.0000  1.0000  0.0000
   811 pz01.00810t0550n00342            0.0036  0.1458  0.5255  0.0000  1.0000  0.0000
   812 pz01.00811t0550n00342            0.0036  0.1458  0.5255  0.0000  1.0000  0.0000
   813 pz01.00812t0550n00342            0.0036  0.1458  0.5255  0.0000  1.0000  0.0000
   814 pz01.00813t0550n00342            0.0036  0.1468  0.5261  0.0000  1.0000  0.0000
   815 pz01.00814t0550n00342            0.0036  0.1468  0.5261  0.0000  1.0000  0.0000
   816 pz01.00815t0550n00342            0.0036  0.1468  0.5261  0.0000  1.0000  0.0000
   817 pz01.00816t0550n00342            0.0036  0.1468  0.5261  0.0000  1.0000  0.0000
   818 pz01.00817t0550n00342            0.0036  0.1468  0.5261  0.0000  1.0000  0.0000
   819 pz01.00818t0550n00342            0.0036  0.1468  0.5261  0.0000  1.0000  0.0000
   820 pz01.00819t0550n00342            0.0036  0.1468  0.5261  0.0000  1.0000  0.0000
   821 pz01.00820t0550n00342            0.0036  0.1468  0.5261  0.0000  1.0000  0.0000
   822 pz01.00821t0550n00342            0.0036  0.1462  0.5261  0.0000  1.0000  0.0000
   823 pz01.00822t0550n00342            0.0036  0.1462  0.5261  0.0000  1.0000  0.0000
   824 pz01.00823t0550n00342            0.0036  0.1462  0.5261  0.0000  1.0000  0.0000
   825 pz01.00824t0550n00342            0.0036  0.1462  0.5261  0.0000  1.0000  0.0000
   826 pz01.00825t0550n00342            0.0036  0.1462  0.5261  0.0000  1.0000  0.0000
   827 pz01.00826t0550n00342            0.0036  0.1462  0.5261  0.0000  1.0000  0.0000
   828 pz01.00827t0550n00342            0.0036  0.1462  0.5261  0.0000  1.0000  0.0000
   829 pz01.00828t0550n00342            0.0036  0.1462  0.5261  0.0000  1.0000  0.0000
   830 pz01.00829t0550n00342            0.0036  0.1462  0.5261  0.0000  1.0000  0.0000
   831 pz01.00830t0550n00342            0.0036  0.1462  0.5261  0.0000  1.0000  0.0000
   832 pz01.00831t0550n00342            0.0036  0.1487  0.5198  0.0000  1.0000  0.0000
   833 pz01.00832t0550n00342            0.0036  0.1457  0.5168  0.0000  1.0000  0.0000
   834 pz01.00833t0550n00342            0.0036  0.1433  0.5252  0.0000  1.0000  0.0000
   835 pz01.00834t0550n00342            0.0036  0.1457  0.5168  0.0000  1.0000  0.0000
   836 pz01.00835t0550n00342            0.0060  0.1414  0.5207  0.0000  1.0000  0.0000
   837 pz01.00836t0550n00342            0.0036  0.1432  0.5231  0.0000  1.0000  0.0000
   838 pz01.00837t0550n00342            0.0036  0.1462  0.5261  0.0000  1.0000  0.0000
   839 pz01.00838t0550n00342            0.0036  0.1462  0.5261  0.0000  1.0000  0.0000
   840 pz01.00839t0550n00342            0.0036  0.1462  0.5261  0.0000  1.0000  0.0000
   841 pz01.00840t0550n00342            0.0036  0.1462  0.5261  0.0000  1.0000  0.0000
   842 pz01.00841t0550n00342            0.0036  0.1463  0.5252  0.0000  1.0000  0.0000
   843 pz01.00842t0550n00342            0.0036  0.1463  0.5252  0.0000  1.0000  0.0000
   844 pz01.00843t0550n00342            0.0036  0.1464  0.5237  0.0000  1.0000  0.0000
   845 pz01.00844t0550n00342            0.0036  0.1464  0.5237  0.0000  1.0000  0.0000
   846 pz01.00845t0550n00342            0.0036  0.1464  0.5237  0.0000  1.0000  0.0000
   847 pz01.00846t0550n00342            0.0036  0.1464  0.5237  0.0000  1.0000  0.0000
   848 pz01.00847t0550n00342            0.0036  0.1464  0.5237  0.0000  1.0000  0.0000
   849 pz01.00848t0550n00342            0.0036  0.1489  0.5168  0.0000  1.0000  0.0000
   850 pz01.00849t0550n00342            0.0036  0.1465  0.5216  0.0000  1.0000  0.0000
   851 pz01.00850t0550n00342            0.0036  0.1465  0.5216  0.0000  1.0000  0.0000
   852 pz01.00851t0550n00342            0.0036  0.1464  0.5225  0.0000  1.0000  0.0000
   853 pz01.00852t0550n00342            0.0036  0.1464  0.5225  0.0000  1.0000  0.0000
   854 pz01.00853t0550n00342            0.0036  0.1464  0.5225  0.0000  1.0000  0.0000
   855 pz01.00854t0550n00342            0.0036  0.1465  0.5216  0.0000  1.0000  0.0000
   856 pz01.00855t0550n00342            0.0036  0.1465  0.5216  0.0000  1.0000  0.0000
   857 pz01.00856t0550n00342            0.0036  0.1440  0.5249  0.0000  1.0000  0.0000
   858 pz01.00857t0550n00342            0.0036  0.1440  0.5249  0.0000  1.0000  0.0000
   859 pz01.00858t0550n00342            0.0036  0.1439  0.5258  0.0000  1.0000  0.0000
   860 pz01.00859t0550n00342            0.0036  0.1439  0.5258  0.0000  1.0000  0.0000
   861 pz01.00860t0550n00342            0.0036  0.1440  0.5249  0.0000  1.0000  0.0000
   862 pz01.00861t0550n00342            0.0036  0.1440  0.5249  0.0000  1.0000  0.0000
   863 pz01.00862t0550n00342            0.0060  0.1420  0.5177  0.0000  1.0000  0.0000
   864 pz01.00863t0550n00342            0.0036  0.1439  0.5276  0.0000  1.0000  0.0000
   865 pz01.00864t0550n00342            0.0036  0.1439  0.5276  0.0000  1.0000  0.0000
   866 pz01.00865t0550n00342            0.0036  0.1439  0.5276  0.0000  1.0000  0.0000
   867 pz01.00866t0550n00342            0.0036  0.1438  0.5273  0.0000  1.0000  0.0000
   868 pz01.00867t0550n00342            0.0036  0.1438  0.5273  0.0000  1.0000  0.0000
   869 pz01.00868t0550n00342            0.0036  0.1440  0.5249  0.0000  1.0000  0.0000
   870 pz01.00869t0550n00342            0.0036  0.1440  0.5243  0.0000  1.0000  0.0000
   871 pz01.00870t0550n00342            0.0036  0.1440  0.5243  0.0000  1.0000  0.0000
   872 pz01.00871t0550n00342            0.0036  0.1438  0.5267  0.0000  1.0000  0.0000
   873 pz01.00872t0550n00342            0.0036  0.1438  0.5267  0.0000  1.0000  0.0000
   874 pz01.00873t0550n00342            0.0036  0.1438  0.5273  0.0000  1.0000  0.0000
   875 pz01.00874t0550n00342            0.0036  0.1438  0.5273  0.0000  1.0000  0.0000
   876 pz01.00875t0550n00342            0.0036  0.1438  0.5273  0.0000  1.0000  0.0000
   877 pz01.00876t0550n00342            0.0036  0.1438  0.5273  0.0000  1.0000  0.0000
   878 pz01.00877t0550n00342            0.0036  0.1438  0.5273  0.0000  1.0000  0.0000
   879 pz01.00878t0550n00342            0.0054  0.1486  0.4940  0.0000  1.0000  0.0000
   880 pz01.00879t0550n00342            0.0042  0.1532  0.5165  0.0000  1.0000  0.0000
   881 pz01.00880t0550n00342            0.0042  0.1532  0.5165  0.0000  1.0000  0.0000
   882 pz01.00881t0550n00342            0.0042  0.1532  0.5165  0.0000  1.0000  0.0000
   883 pz01.00882t0550n00342            0.0042  0.1532  0.5165  0.0000  1.0000  0.0000
   884 pz01.00883t0550n00342            0.0042  0.1532  0.5165  0.0000  1.0000  0.0000
   885 pz01.00884t0550n00342            0.0042  0.1532  0.5165  0.0000  1.0000  0.0000
   886 pz01.00885t0550n00342            0.0042  0.1532  0.5165  0.0000  1.0000  0.0000
   887 pz01.00886t0550n00342            0.0042  0.1532  0.5165  0.0000  1.0000  0.0000
   888 pz01.00887t0550n00342            0.0042  0.1532  0.5165  0.0000  1.0000  0.0000
   889 pz01.00888t0550n00342            0.0042  0.1532  0.5165  0.0000  1.0000  0.0000
   890 pz01.00889t0550n00342            0.0042  0.1532  0.5165  0.0000  1.0000  0.0000
   891 pz01.00890t0550n00342            0.0042  0.1532  0.5165  0.0000  1.0000  0.0000
   892 pz01.00891t0550n00342            0.0042  0.1532  0.5165  0.0000  1.0000  0.0000
   893 pz01.00892t0550n00342            0.0042  0.1532  0.5165  0.0000  1.0000  0.0000
   894 pz01.00893t0550n00342            0.0042  0.1532  0.5165  0.0000  1.0000  0.0000
   895 pz01.00894t0550n00342            0.0042  0.1532  0.5165  0.0000  1.0000  0.0000
   896 pz01.00895t0550n00342            0.0042  0.1532  0.5165  0.0000  1.0000  0.0000
   897 pz01.00896t0550n00342            0.0054  0.1486  0.4940  0.0000  1.0000  0.0000
   898 pz01.00897t0550n00342            0.0054  0.1486  0.4940  0.0000  1.0000  0.0000
   899 pz01.00898t0550n00342            0.0054  0.1486  0.4940  0.0000  1.0000  0.0000
   900 pz01.00899t0550n00342            0.0054  0.1485  0.4955  0.0000  1.0000  0.0000
   901 pz01.00900t0550n00342            0.0054  0.1499  0.4773  0.0000  1.0000  0.0000
   902 pz01.00901t0550n00342            0.0077  0.1472  0.4821  0.0000  1.0000  0.0000
   903 pz01.00902t0550n00342            0.0066  0.1518  0.5045  0.0000  1.0000  0.0000
   904 pz01.00903t0550n00342            0.0066  0.1518  0.5045  0.0000  1.0000  0.0000
   905 pz01.00904t0550n00342            0.0066  0.1518  0.5045  0.0000  1.0000  0.0000
   906 pz01.00905t0550n00342            0.0042  0.1544  0.5183  0.0000  1.0000  0.0000
   907 pz01.00906t0550n00342            0.0042  0.1531  0.5179  0.0000  1.0000  0.0000
   908 pz01.00907t0550n00342            0.0042  0.1531  0.5179  0.0000  1.0000  0.0000
   909 pz01.00908t0550n00342            0.0042  0.1531  0.5179  0.0000  1.0000  0.0000
   910 pz01.00909t0550n00342            0.0042  0.1531  0.5185  0.0000  1.0000  0.0000
   911 pz01.00910t0550n00342            0.0042  0.1531  0.5185  0.0000  1.0000  0.0000
   912 pz01.00911t0550n00342            0.0042  0.1514  0.5183  0.0000  1.0000  0.0000
   913 pz01.00912t0550n00342            0.0042  0.1514  0.5183  0.0000  1.0000  0.0000
   914 pz01.00913t0550n00342            0.0042  0.1514  0.5183  0.0000  1.0000  0.0000
   915 pz01.00914t0550n00342            0.0048  0.1771  0.4889  0.0000  1.0000  0.0000
   916 pz01.00915t0550n00342            0.0048  0.1771  0.4889  0.0000  1.0000  0.0000
   917 pz01.00916t0550n00342            0.0048  0.1771  0.4889  0.0000  1.0000  0.0000
   918 pz01.00917t0550n00342            0.0048  0.1771  0.4889  0.0000  1.0000  0.0000
   919 pz01.00918t0550n00342            0.0066  0.1878  0.4701  0.0000  1.0000  0.0000
   920 pz01.00919t0550n00342            0.0048  0.1771  0.4889  0.0000  1.0000  0.0000
   921 pz01.00920t0550n00342            0.0048  0.1771  0.4889  0.0000  1.0000  0.0000
   922 pz01.00921t0550n00342            0.0048  0.1771  0.4889  0.0000  1.0000  0.0000
   923 pz01.00922t0550n00342            0.0048  0.1771  0.4889  0.0000  1.0000  0.0000
   924 pz01.00923t0550n00342            0.0048  0.1771  0.4889  0.0000  1.0000  0.0000
   925 pz01.00924t0550n00342            0.0042  0.1793  0.4874  0.0000  1.0000  0.0000
   926 pz01.00925t0550n00342            0.0048  0.1771  0.4889  0.0000  1.0000  0.0000
   927 pz01.00926t0550n00342            0.0048  0.1771  0.4889  0.0000  1.0000  0.0000
   928 pz01.00927t0550n00342            0.0048  0.1771  0.4889  0.0000  1.0000  0.0000
   929 pz01.00928t0550n00342            0.0048  0.1771  0.4889  0.0000  1.0000  0.0000
   930 pz01.00929t0550n00342            0.0048  0.1772  0.4868  0.0000  1.0000  0.0000
   931 pz01.00930t0550n00342            0.0048  0.1756  0.4889  0.0000  1.0000  0.0000
   932 pz01.00931t0550n00342            0.0048  0.1756  0.4889  0.0000  1.0000  0.0000
   933 pz01.00932t0550n00342            0.0048  0.1756  0.4889  0.0000  1.0000  0.0000
   934 pz01.00933t0550n00342            0.0048  0.1784  0.4856  0.0000  1.0000  0.0000
   935 pz01.00934t0550n00342            0.0042  0.1513  0.5173  0.0000  1.0000  0.0000
   936 pz01.00935t0550n00342            0.0042  0.1513  0.5173  0.0000  1.0000  0.0000
   937 pz01.00936t0550n00342            0.0042  0.1513  0.5173  0.0000  1.0000  0.0000
   938 pz01.00937t0550n00342            0.0042  0.1513  0.5173  0.0000  1.0000  0.0000
   939 pz01.00938t0550n00342            0.0042  0.1513  0.5173  0.0000  1.0000  0.0000
   940 pz01.00939t0550n00342            0.0042  0.1513  0.5173  0.0000  1.0000  0.0000
   941 pz01.00940t0550n00342            0.0042  0.1513  0.5173  0.0000  1.0000  0.0000
   942 pz01.00941t0550n00342            0.0042  0.1513  0.5173  0.0000  1.0000  0.0000
   943 pz01.00942t0550n00342            0.0042  0.1513  0.5173  0.0000  1.0000  0.0000
   944 pz01.00943t0550n00342            0.0042  0.1514  0.5165  0.0000  1.0000  0.0000
   945 pz01.00944t0550n00342            0.0042  0.1514  0.5165  0.0000  1.0000  0.0000
   946 pz01.00945t0550n00342            0.0042  0.1514  0.5165  0.0000  1.0000  0.0000
   947 pz01.00946t0550n00342            0.0042  0.1514  0.5165  0.0000  1.0000  0.0000
   948 pz01.00947t0550n00342            0.0042  0.1514  0.5165  0.0000  1.0000  0.0000
   949 pz01.00948t0550n00342            0.0054  0.1579  0.4976  0.0000  1.0000  0.0000
   950 pz01.00949t0550n00342            0.0042  0.1531  0.5173  0.0000  1.0000  0.0000
   951 pz01.00950t0550n00342            0.0042  0.1496  0.5189  0.0000  1.0000  0.0000
   952 pz01.00951t0550n00342            0.0042  0.1496  0.5189  0.0000  1.0000  0.0000
   953 pz01.00952t0550n00342            0.0042  0.1513  0.5167  0.0000  1.0000  0.0000
   954 pz01.00953t0550n00342            0.0042  0.1513  0.5167  0.0000  1.0000  0.0000
   955 pz01.00954t0550n00342            0.0042  0.1513  0.5167  0.0000  1.0000  0.0000
   956 pz01.00955t0550n00342            0.0042  0.1497  0.5174  0.0000  1.0000  0.0000
   957 pz01.00956t0550n00342            0.0042  0.1513  0.5167  0.0000  1.0000  0.0000
   958 pz01.00957t0550n00342            0.0042  0.1513  0.5167  0.0000  1.0000  0.0000
   959 pz01.00958t0550n00342            0.0042  0.1496  0.5189  0.0000  1.0000  0.0000
   960 pz01.00959t0550n00342            0.0042  0.1496  0.5189  0.0000  1.0000  0.0000
   961 pz01.00960t0550n00342            0.0042  0.1513  0.5179  0.0000  1.0000  0.0000
   962 pz01.00961t0550n00342            0.0042  0.1520  0.5159  0.0000  1.0000  0.0000
   963 pz01.00962t0550n00342            0.0042  0.1514  0.5177  0.0000  1.0000  0.0000
   964 pz01.00963t0550n00342            0.0042  0.1520  0.5159  0.0000  1.0000  0.0000
   965 pz01.00964t0550n00342            0.0042  0.1482  0.5183  0.0000  1.0000  0.0000
   966 pz01.00965t0550n00342            0.0042  0.1525  0.5156  0.0000  1.0000  0.0000
   967 pz01.00966t0550n00342            0.0042  0.1576  0.5093  0.0000  1.0000  0.0000
   968 pz01.00967t0550n00342            0.0042  0.1576  0.5093  0.0000  1.0000  0.0000
   969 pz01.00968t0550n00342            0.0066  0.1525  0.4946  0.0000  1.0000  0.0000
   970 pz01.00969t0550n00342            0.0066  0.1500  0.5015  0.0000  1.0000  0.0000
   971 pz01.00970t0550n00342            0.0066  0.1500  0.5021  0.0000  1.0000  0.0000
   972 pz01.00971t0550n00342            0.0066  0.1501  0.5042  0.0000  1.0000  0.0000
   973 pz01.00972t0550n00342            0.0066  0.1484  0.5051  0.0000  1.0000  0.0000
   974 pz01.00973t0550n00342            0.0042  0.1559  0.5102  0.0000  1.0000  0.0000
   975 pz01.00974t0550n00342            0.0042  0.1521  0.5156  0.0000  1.0000  0.0000
   976 pz01.00975t0550n00342            0.0042  0.1514  0.5171  0.0000  1.0000  0.0000
   977 pz01.00976t0550n00342            0.0042  0.1513  0.5173  0.0000  1.0000  0.0000
   978 pz01.00977t0550n00342            0.0042  0.1513  0.5173  0.0000  1.0000  0.0000
   979 pz01.00978t0550n00342            0.0042  0.1513  0.5173  0.0000  1.0000  0.0000
   980 pz01.00979t0550n00342            0.0042  0.1513  0.5173  0.0000  1.0000  0.0000
   981 pz01.00980t0550n00342            0.0042  0.1513  0.5173  0.0000  1.0000  0.0000
   982 pz01.00981t0550n00342            0.0042  0.1513  0.5173  0.0000  1.0000  0.0000
   983 pz01.00982t0550n00342            0.0042  0.1513  0.5173  0.0000  1.0000  0.0000
   984 pz01.00983t0550n00342            0.0048  0.1520  0.5135  0.0000  1.0000  0.0000
   985 pz01.00984t0550n00342            0.0042  0.1513  0.5179  0.0000  1.0000  0.0000
   986 pz01.00985t0550n00342            0.0042  0.1513  0.5179  0.0000  1.0000  0.0000
   987 pz01.00986t0550n00342            0.0048  0.1520  0.5135  0.0000  1.0000  0.0000
   988 pz01.00987t0550n00342            0.0042  0.1496  0.5194  0.0000  1.0000  0.0000
   989 pz01.00988t0550n00342            0.0042  0.1496  0.5194  0.0000  1.0000  0.0000
   990 pz01.00989t0550n00342            0.0042  0.1496  0.5194  0.0000  1.0000  0.0000
   991 pz01.00990t0550n00342            0.0042  0.1513  0.5167  0.0000  1.0000  0.0000
   992 pz01.00991t0550n00342            0.0042  0.1513  0.5167  0.0000  1.0000  0.0000
   993 pz01.00992t0550n00342            0.0042  0.1515  0.5144  0.0000  1.0000  0.0000
   994 pz01.00993t0550n00342            0.0042  0.1513  0.5167  0.0000  1.0000  0.0000
   995 pz01.00994t0550n00342            0.0042  0.1513  0.5167  0.0000  1.0000  0.0000
   996 pz01.00995t0550n00342            0.0042  0.1514  0.5177  0.0000  1.0000  0.0000
   997 pz01.00996t0550n00342            0.0042  0.1531  0.5173  0.0000  1.0000  0.0000
   998 pz01.00997t0550n00342            0.0042  0.1531  0.5173  0.0000  1.0000  0.0000
   999 pz01.00998t0550n00342            0.0042  0.1551  0.5138  0.0000  1.0000  0.0000
  1000 pz01.00999t0550n00342            0.0042  0.1551  0.5138  0.0000  1.0000  0.0000
  1001 pz01.01000t0550n00342            0.0042  0.1758  0.4821  0.0000  1.0000  0.0000
