 # numfile,T,ener,555,422,421,ABbonds,AAbonds,BBbonds,ordine_gruppo,gruppo,vib media,iner medio
     1 pz01.00001t0550n00216              -792.024428  0.0069  0.1742  0.4272  0.0000  1.0000  0.0000   0 nogrup   0.16578-314 0.00000E+00
     2 pz01.00002t0550n00216              -792.024428  0.0069  0.1742  0.4272  0.0000  1.0000  0.0000   0 nogrup   0.16578-314 0.00000E+00
     3 pz01.00003t0550n00216              -792.024428  0.0069  0.1742  0.4272  0.0000  1.0000  0.0000   0 nogrup   0.16578-314 0.00000E+00
     4 pz01.00004t0550n00216              -792.024428  0.0069  0.1742  0.4272  0.0000  1.0000  0.0000   0 nogrup   0.16578-314 0.00000E+00
     5 pz01.00005t0550n00216              -791.706784  0.0020  0.1124  0.4882  0.0000  1.0000  0.0000   0 nogrup   0.16578-314 0.00000E+00
     6 pz01.00006t0550n00216              -792.024428  0.0069  0.1742  0.4272  0.0000  1.0000  0.0000   0 nogrup   0.16578-314 0.00000E+00
     7 pz01.00007t0550n00216              -792.024428  0.0069  0.1742  0.4272  0.0000  1.0000  0.0000   0 nogrup   0.16578-314 0.00000E+00
     8 pz01.00008t0550n00216              -792.024428  0.0069  0.1742  0.4272  0.0000  1.0000  0.0000   0 nogrup   0.16578-314 0.00000E+00
     9 pz01.00009t0550n00216              -791.539760  0.0069  0.1746  0.4290  0.0000  1.0000  0.0000   0 nogrup   0.16578-314 0.00000E+00
    10 pz01.00010t0550n00216              -792.024428  0.0069  0.1742  0.4272  0.0000  1.0000  0.0000   0 nogrup   0.16578-314 0.00000E+00
    11 pz01.00011t0550n00216              -792.024428  0.0069  0.1742  0.4272  0.0000  1.0000  0.0000   0 nogrup   0.16578-314 0.00000E+00
    12 pz01.00012t0550n00216              -791.517482  0.0059  0.1297  0.4440  0.0000  1.0000  0.0000   0 nogrup   0.16578-314 0.00000E+00
    13 pz01.00013t0550n00216              -792.024428  0.0069  0.1742  0.4272  0.0000  1.0000  0.0000   0 nogrup   0.16578-314 0.00000E+00
    14 pz01.00014t0550n00216              -792.024428  0.0069  0.1742  0.4272  0.0000  1.0000  0.0000   0 nogrup   0.16578-314 0.00000E+00
    15 pz01.00015t0550n00216              -792.024428  0.0069  0.1742  0.4272  0.0000  1.0000  0.0000   0 nogrup   0.16578-314 0.00000E+00
    16 pz01.00016t0550n00216              -792.024428  0.0069  0.1742  0.4272  0.0000  1.0000  0.0000   0 nogrup   0.16578-314 0.00000E+00
    17 pz01.00017t0550n00216              -792.024428  0.0069  0.1742  0.4272  0.0000  1.0000  0.0000   0 nogrup   0.16578-314 0.00000E+00
    18 pz01.00018t0550n00216              -791.599136  0.0020  0.1001  0.4779  0.0000  1.0000  0.0000   0 nogrup   0.16578-314 0.00000E+00
    19 pz01.00019t0550n00216              -792.024428  0.0069  0.1742  0.4272  0.0000  1.0000  0.0000   0 nogrup   0.16578-314 0.00000E+00
    20 pz01.00020t0550n00216              -792.024428  0.0069  0.1742  0.4272  0.0000  1.0000  0.0000   0 nogrup   0.16578-314 0.00000E+00
    21 pz01.00021t0550n00216              -792.024428  0.0069  0.1742  0.4272  0.0000  1.0000  0.0000   0 nogrup   0.16578-314 0.00000E+00
    22 pz01.00022t0550n00216              -792.024428  0.0069  0.1742  0.4272  0.0000  1.0000  0.0000   0 nogrup   0.16578-314 0.00000E+00
    23 pz01.00023t0550n00216              -792.024428  0.0069  0.1742  0.4272  0.0000  1.0000  0.0000   0 nogrup   0.16578-314 0.00000E+00
    24 pz01.00024t0550n00216              -792.024428  0.0069  0.1742  0.4272  0.0000  1.0000  0.0000   0 nogrup   0.16578-314 0.00000E+00
    25 pz01.00025t0550n00216              -792.024428  0.0069  0.1742  0.4272  0.0000  1.0000  0.0000   0 nogrup   0.16578-314 0.00000E+00
    26 pz01.00026t0550n00216              -791.504751  0.0020  0.1002  0.4745  0.0000  1.0000  0.0000   0 nogrup   0.16578-314 0.00000E+00
    27 pz01.00027t0550n00216              -791.706784  0.0020  0.1124  0.4882  0.0000  1.0000  0.0000   0 nogrup   0.16578-314 0.00000E+00
    28 pz01.00028t0550n00216              -791.706784  0.0020  0.1124  0.4882  0.0000  1.0000  0.0000   0 nogrup   0.16578-314 0.00000E+00
    29 pz01.00029t0550n00216              -791.504751  0.0020  0.1002  0.4745  0.0000  1.0000  0.0000   0 nogrup   0.16578-314 0.00000E+00
    30 pz01.00030t0550n00216              -792.024428  0.0069  0.1742  0.4272  0.0000  1.0000  0.0000   0 nogrup   0.16578-314 0.00000E+00
    31 pz01.00031t0550n00216              -792.024428  0.0069  0.1742  0.4272  0.0000  1.0000  0.0000   0 nogrup   0.16578-314 0.00000E+00
    32 pz01.00032t0550n00216              -792.024428  0.0069  0.1742  0.4272  0.0000  1.0000  0.0000   0 nogrup   0.16578-314 0.00000E+00
    33 pz01.00033t0550n00216              -791.706784  0.0020  0.1124  0.4882  0.0000  1.0000  0.0000   0 nogrup   0.16578-314 0.00000E+00
    34 pz01.00034t0550n00216              -792.024428  0.0069  0.1742  0.4272  0.0000  1.0000  0.0000   0 nogrup   0.16578-314 0.00000E+00
    35 pz01.00035t0550n00216              -792.024428  0.0069  0.1742  0.4272  0.0000  1.0000  0.0000   0 nogrup   0.16578-314 0.00000E+00
    36 pz01.00036t0550n00216              -792.024428  0.0069  0.1742  0.4272  0.0000  1.0000  0.0000   0 nogrup   0.16578-314 0.00000E+00
    37 pz01.00037t0550n00216              -792.024428  0.0069  0.1742  0.4272  0.0000  1.0000  0.0000   0 nogrup   0.16578-314 0.00000E+00
    38 pz01.00038t0550n00216              -792.024428  0.0069  0.1742  0.4272  0.0000  1.0000  0.0000   0 nogrup   0.16578-314 0.00000E+00
    39 pz01.00039t0550n00216              -792.024428  0.0069  0.1742  0.4272  0.0000  1.0000  0.0000   0 nogrup   0.16578-314 0.00000E+00
    40 pz01.00040t0550n00216              -791.706784  0.0020  0.1124  0.4882  0.0000  1.0000  0.0000   0 nogrup   0.16578-314 0.00000E+00
    41 pz01.00041t0550n00216              -792.024428  0.0069  0.1742  0.4272  0.0000  1.0000  0.0000   0 nogrup   0.16578-314 0.00000E+00
    42 pz01.00042t0550n00216              -792.024428  0.0069  0.1742  0.4272  0.0000  1.0000  0.0000   0 nogrup   0.16578-314 0.00000E+00
    43 pz01.00043t0550n00216              -792.024428  0.0069  0.1742  0.4272  0.0000  1.0000  0.0000   0 nogrup   0.16578-314 0.00000E+00
    44 pz01.00044t0550n00216              -792.024428  0.0069  0.1742  0.4272  0.0000  1.0000  0.0000   0 nogrup   0.16578-314 0.00000E+00
    45 pz01.00045t0550n00216              -792.024428  0.0069  0.1742  0.4272  0.0000  1.0000  0.0000   0 nogrup   0.16578-314 0.00000E+00
    46 pz01.00046t0550n00216              -792.024428  0.0069  0.1742  0.4272  0.0000  1.0000  0.0000   0 nogrup   0.16578-314 0.00000E+00
    47 pz01.00047t0550n00216              -791.504751  0.0020  0.1002  0.4745  0.0000  1.0000  0.0000   0 nogrup   0.16578-314 0.00000E+00
    48 pz01.00048t0550n00216              -792.024428  0.0069  0.1742  0.4272  0.0000  1.0000  0.0000   0 nogrup   0.16578-314 0.00000E+00
    49 pz01.00049t0550n00216              -792.024428  0.0069  0.1742  0.4272  0.0000  1.0000  0.0000   0 nogrup   0.16578-314 0.00000E+00
    50 pz01.00050t0550n00216              -791.706784  0.0020  0.1124  0.4882  0.0000  1.0000  0.0000   0 nogrup   0.16578-314 0.00000E+00
    51 pz01.00051t0550n00216              -791.706784  0.0020  0.1124  0.4882  0.0000  1.0000  0.0000   0 nogrup   0.16578-314 0.00000E+00
    52 pz01.00052t0550n00216              -792.024428  0.0069  0.1742  0.4272  0.0000  1.0000  0.0000   0 nogrup   0.16578-314 0.00000E+00
    53 pz01.00053t0550n00216              -792.024428  0.0069  0.1742  0.4272  0.0000  1.0000  0.0000   0 nogrup   0.16578-314 0.00000E+00
    54 pz01.00054t0550n00216              -792.024428  0.0069  0.1742  0.4272  0.0000  1.0000  0.0000   0 nogrup   0.16578-314 0.00000E+00
    55 pz01.00055t0550n00216              -792.024428  0.0069  0.1742  0.4272  0.0000  1.0000  0.0000   0 nogrup   0.16578-314 0.00000E+00
    56 pz01.00056t0550n00216              -792.024428  0.0069  0.1742  0.4272  0.0000  1.0000  0.0000   0 nogrup   0.16578-314 0.00000E+00
    57 pz01.00057t0550n00216              -792.024428  0.0069  0.1742  0.4272  0.0000  1.0000  0.0000   0 nogrup   0.16578-314 0.00000E+00
    58 pz01.00058t0550n00216              -792.024428  0.0069  0.1742  0.4272  0.0000  1.0000  0.0000   0 nogrup   0.16578-314 0.00000E+00
    59 pz01.00059t0550n00216              -792.024428  0.0069  0.1742  0.4272  0.0000  1.0000  0.0000   0 nogrup   0.16578-314 0.00000E+00
    60 pz01.00060t0550n00216              -792.024428  0.0069  0.1742  0.4272  0.0000  1.0000  0.0000   0 nogrup   0.16578-314 0.00000E+00
    61 pz01.00061t0550n00216              -792.024428  0.0069  0.1742  0.4272  0.0000  1.0000  0.0000   0 nogrup   0.16578-314 0.00000E+00
    62 pz01.00062t0550n00216              -792.024428  0.0069  0.1742  0.4272  0.0000  1.0000  0.0000   0 nogrup   0.16578-314 0.00000E+00
    63 pz01.00063t0550n00216              -792.024428  0.0069  0.1742  0.4272  0.0000  1.0000  0.0000   0 nogrup   0.16578-314 0.00000E+00
    64 pz01.00064t0550n00216              -791.706784  0.0020  0.1124  0.4882  0.0000  1.0000  0.0000   0 nogrup   0.16578-314 0.00000E+00
    65 pz01.00065t0550n00216              -792.024428  0.0069  0.1742  0.4272  0.0000  1.0000  0.0000   0 nogrup   0.16578-314 0.00000E+00
    66 pz01.00066t0550n00216              -792.024428  0.0069  0.1742  0.4272  0.0000  1.0000  0.0000   0 nogrup   0.16578-314 0.00000E+00
    67 pz01.00067t0550n00216              -792.024428  0.0069  0.1742  0.4272  0.0000  1.0000  0.0000   0 nogrup   0.16578-314 0.00000E+00
    68 pz01.00068t0550n00216              -792.024428  0.0069  0.1742  0.4272  0.0000  1.0000  0.0000   0 nogrup   0.16578-314 0.00000E+00
    69 pz01.00069t0550n00216              -792.024428  0.0069  0.1742  0.4272  0.0000  1.0000  0.0000   0 nogrup   0.16578-314 0.00000E+00
    70 pz01.00070t0550n00216              -792.024428  0.0069  0.1742  0.4272  0.0000  1.0000  0.0000   0 nogrup   0.16578-314 0.00000E+00
    71 pz01.00071t0550n00216              -792.024428  0.0069  0.1742  0.4272  0.0000  1.0000  0.0000   0 nogrup   0.16578-314 0.00000E+00
    72 pz01.00072t0550n00216              -792.024428  0.0069  0.1742  0.4272  0.0000  1.0000  0.0000   0 nogrup   0.16578-314 0.00000E+00
    73 pz01.00073t0550n00216              -792.024428  0.0069  0.1742  0.4272  0.0000  1.0000  0.0000   0 nogrup   0.16578-314 0.00000E+00
    74 pz01.00074t0550n00216              -792.024428  0.0069  0.1742  0.4272  0.0000  1.0000  0.0000   0 nogrup   0.16578-314 0.00000E+00
    75 pz01.00075t0550n00216              -792.024428  0.0069  0.1742  0.4272  0.0000  1.0000  0.0000   0 nogrup   0.16578-314 0.00000E+00
    76 pz01.00076t0550n00216              -792.024428  0.0069  0.1742  0.4272  0.0000  1.0000  0.0000   0 nogrup   0.16578-314 0.00000E+00
    77 pz01.00077t0550n00216              -792.024428  0.0069  0.1742  0.4272  0.0000  1.0000  0.0000   0 nogrup   0.16578-314 0.00000E+00
    78 pz01.00078t0550n00216              -792.024428  0.0069  0.1742  0.4272  0.0000  1.0000  0.0000   0 nogrup   0.16578-314 0.00000E+00
    79 pz01.00079t0550n00216              -792.024428  0.0069  0.1742  0.4272  0.0000  1.0000  0.0000   0 nogrup   0.16578-314 0.00000E+00
    80 pz01.00080t0550n00216              -792.024428  0.0069  0.1742  0.4272  0.0000  1.0000  0.0000   0 nogrup   0.16578-314 0.00000E+00
    81 pz01.00081t0550n00216              -791.706784  0.0020  0.1124  0.4882  0.0000  1.0000  0.0000   0 nogrup   0.16578-314 0.00000E+00
    82 pz01.00082t0550n00216              -792.024428  0.0069  0.1742  0.4272  0.0000  1.0000  0.0000   0 nogrup   0.16578-314 0.00000E+00
    83 pz01.00083t0550n00216              -792.024428  0.0069  0.1742  0.4272  0.0000  1.0000  0.0000   0 nogrup   0.16578-314 0.00000E+00
    84 pz01.00084t0550n00216              -792.024428  0.0069  0.1742  0.4272  0.0000  1.0000  0.0000   0 nogrup   0.16578-314 0.00000E+00
    85 pz01.00085t0550n00216              -791.706784  0.0020  0.1124  0.4882  0.0000  1.0000  0.0000   0 nogrup   0.16578-314 0.00000E+00
    86 pz01.00086t0550n00216              -791.599136  0.0020  0.1001  0.4779  0.0000  1.0000  0.0000   0 nogrup   0.16578-314 0.00000E+00
    87 pz01.00087t0550n00216              -791.706784  0.0020  0.1124  0.4882  0.0000  1.0000  0.0000   0 nogrup   0.16578-314 0.00000E+00
    88 pz01.00088t0550n00216              -792.024428  0.0069  0.1742  0.4272  0.0000  1.0000  0.0000   0 nogrup   0.16578-314 0.00000E+00
    89 pz01.00089t0550n00216              -792.024428  0.0069  0.1742  0.4272  0.0000  1.0000  0.0000   0 nogrup   0.16578-314 0.00000E+00
    90 pz01.00090t0550n00216              -792.024428  0.0069  0.1742  0.4272  0.0000  1.0000  0.0000   0 nogrup   0.16578-314 0.00000E+00
    91 pz01.00091t0550n00216              -792.024428  0.0069  0.1742  0.4272  0.0000  1.0000  0.0000   0 nogrup   0.16578-314 0.00000E+00
    92 pz01.00092t0550n00216              -792.024428  0.0069  0.1742  0.4272  0.0000  1.0000  0.0000   0 nogrup   0.16578-314 0.00000E+00
    93 pz01.00093t0550n00216              -791.542708  0.0079  0.1790  0.4012  0.0000  1.0000  0.0000   0 nogrup   0.16578-314 0.00000E+00
    94 pz01.00094t0550n00216              -791.706784  0.0020  0.1124  0.4882  0.0000  1.0000  0.0000   0 nogrup   0.16578-314 0.00000E+00
    95 pz01.00095t0550n00216              -792.024428  0.0069  0.1742  0.4272  0.0000  1.0000  0.0000   0 nogrup   0.16578-314 0.00000E+00
    96 pz01.00096t0550n00216              -791.504751  0.0020  0.1002  0.4745  0.0000  1.0000  0.0000   0 nogrup   0.16578-314 0.00000E+00
    97 pz01.00097t0550n00216              -791.706784  0.0020  0.1124  0.4882  0.0000  1.0000  0.0000   0 nogrup   0.16578-314 0.00000E+00
    98 pz01.00098t0550n00216              -791.604201  0.0059  0.1696  0.4280  0.0000  1.0000  0.0000   0 nogrup   0.16578-314 0.00000E+00
    99 pz01.00099t0550n00216              -791.542708  0.0079  0.1790  0.4012  0.0000  1.0000  0.0000   0 nogrup   0.16578-314 0.00000E+00
   100 pz01.00100t0550n00216              -791.542708  0.0079  0.1790  0.4012  0.0000  1.0000  0.0000   0 nogrup   0.16578-314 0.00000E+00
   101 pz01.00101t0550n00216              -792.024428  0.0069  0.1742  0.4272  0.0000  1.0000  0.0000   0 nogrup   0.16578-314 0.00000E+00
   102 pz01.00102t0550n00216              -792.024428  0.0069  0.1742  0.4272  0.0000  1.0000  0.0000   0 nogrup   0.16578-314 0.00000E+00
   103 pz01.00103t0550n00216              -792.024428  0.0069  0.1742  0.4272  0.0000  1.0000  0.0000   0 nogrup   0.16578-314 0.00000E+00
   104 pz01.00104t0550n00216              -792.024428  0.0069  0.1742  0.4272  0.0000  1.0000  0.0000   0 nogrup   0.16578-314 0.00000E+00
   105 pz01.00105t0550n00216              -792.024428  0.0069  0.1742  0.4272  0.0000  1.0000  0.0000   0 nogrup   0.16578-314 0.00000E+00
   106 pz01.00106t0550n00216              -791.333232  0.0020  0.1024  0.4705  0.0000  1.0000  0.0000   0 nogrup   0.16578-314 0.00000E+00
   107 pz01.00107t0550n00216              -792.024428  0.0069  0.1742  0.4272  0.0000  1.0000  0.0000   0 nogrup   0.16578-314 0.00000E+00
   108 pz01.00108t0550n00216              -791.542708  0.0079  0.1790  0.4012  0.0000  1.0000  0.0000   0 nogrup   0.16578-314 0.00000E+00
   109 pz01.00109t0550n00216              -791.542708  0.0079  0.1790  0.4012  0.0000  1.0000  0.0000   0 nogrup   0.16578-314 0.00000E+00
   110 pz01.00110t0550n00216              -791.434429  0.0069  0.1762  0.4016  0.0000  1.0000  0.0000   0 nogrup   0.16578-314 0.00000E+00
   111 pz01.00111t0550n00216              -791.867112  0.0069  0.1744  0.4266  0.0000  1.0000  0.0000   0 nogrup   0.16578-314 0.00000E+00
   112 pz01.00112t0550n00216              -791.867112  0.0069  0.1744  0.4266  0.0000  1.0000  0.0000   0 nogrup   0.16578-314 0.00000E+00
   113 pz01.00113t0550n00216              -791.867112  0.0069  0.1744  0.4266  0.0000  1.0000  0.0000   0 nogrup   0.16578-314 0.00000E+00
   114 pz01.00114t0550n00216              -791.867112  0.0069  0.1744  0.4266  0.0000  1.0000  0.0000   0 nogrup   0.16578-314 0.00000E+00
   115 pz01.00115t0550n00216              -791.867112  0.0069  0.1744  0.4266  0.0000  1.0000  0.0000   0 nogrup   0.16578-314 0.00000E+00
   116 pz01.00116t0550n00216              -791.867112  0.0069  0.1744  0.4266  0.0000  1.0000  0.0000   0 nogrup   0.16578-314 0.00000E+00
   117 pz01.00117t0550n00216              -791.867112  0.0069  0.1744  0.4266  0.0000  1.0000  0.0000   0 nogrup   0.16578-314 0.00000E+00
   118 pz01.00118t0550n00216              -791.867112  0.0069  0.1744  0.4266  0.0000  1.0000  0.0000   0 nogrup   0.16578-314 0.00000E+00
   119 pz01.00119t0550n00216              -791.905513  0.0069  0.1744  0.4266  0.0000  1.0000  0.0000   0 nogrup   0.16578-314 0.00000E+00
   120 pz01.00120t0550n00216              -791.905513  0.0069  0.1744  0.4266  0.0000  1.0000  0.0000   0 nogrup   0.16578-314 0.00000E+00
   121 pz01.00121t0550n00216              -791.905513  0.0069  0.1744  0.4266  0.0000  1.0000  0.0000   0 nogrup   0.16578-314 0.00000E+00
   122 pz01.00122t0550n00216              -791.905513  0.0069  0.1744  0.4266  0.0000  1.0000  0.0000   0 nogrup   0.16578-314 0.00000E+00
   123 pz01.00123t0550n00216              -791.905513  0.0069  0.1744  0.4266  0.0000  1.0000  0.0000   0 nogrup   0.16578-314 0.00000E+00
   124 pz01.00124t0550n00216              -791.905947  0.0069  0.1744  0.4266  0.0000  1.0000  0.0000   0 nogrup   0.16578-314 0.00000E+00
   125 pz01.00125t0550n00216              -791.905947  0.0069  0.1744  0.4266  0.0000  1.0000  0.0000   0 nogrup   0.16578-314 0.00000E+00
   126 pz01.00126t0550n00216              -791.905947  0.0069  0.1744  0.4266  0.0000  1.0000  0.0000   0 nogrup   0.16578-314 0.00000E+00
   127 pz01.00127t0550n00216              -791.905947  0.0069  0.1744  0.4266  0.0000  1.0000  0.0000   0 nogrup   0.16578-314 0.00000E+00
   128 pz01.00128t0550n00216              -791.905947  0.0069  0.1744  0.4266  0.0000  1.0000  0.0000   0 nogrup   0.16578-314 0.00000E+00
   129 pz01.00129t0550n00216              -791.905947  0.0069  0.1744  0.4266  0.0000  1.0000  0.0000   0 nogrup   0.16578-314 0.00000E+00
   130 pz01.00130t0550n00216              -791.905947  0.0069  0.1744  0.4266  0.0000  1.0000  0.0000   0 nogrup   0.16578-314 0.00000E+00
   131 pz01.00131t0550n00216              -791.905947  0.0069  0.1744  0.4266  0.0000  1.0000  0.0000   0 nogrup   0.16578-314 0.00000E+00
   132 pz01.00132t0550n00216              -791.637310  0.0039  0.1003  0.4789  0.0000  1.0000  0.0000   0 nogrup   0.16578-314 0.00000E+00
   133 pz01.00133t0550n00216              -791.637310  0.0039  0.1003  0.4789  0.0000  1.0000  0.0000   0 nogrup   0.16578-314 0.00000E+00
   134 pz01.00134t0550n00216              -791.841030  0.0000  0.0691  0.5410  0.0000  1.0000  0.0000   0 nogrup   0.16578-314 0.00000E+00
   135 pz01.00135t0550n00216              -791.797647  0.0039  0.0669  0.5295  0.0000  1.0000  0.0000   0 nogrup   0.16578-314 0.00000E+00
   136 pz01.00136t0550n00216              -791.797647  0.0039  0.0669  0.5295  0.0000  1.0000  0.0000   0 nogrup   0.16578-314 0.00000E+00
   137 pz01.00137t0550n00216              -791.637310  0.0039  0.1003  0.4789  0.0000  1.0000  0.0000   0 nogrup   0.16578-314 0.00000E+00
   138 pz01.00138t0550n00216              -791.637310  0.0039  0.1003  0.4789  0.0000  1.0000  0.0000   0 nogrup   0.16578-314 0.00000E+00
   139 pz01.00139t0550n00216              -791.637310  0.0039  0.1003  0.4789  0.0000  1.0000  0.0000   0 nogrup   0.16578-314 0.00000E+00
   140 pz01.00140t0550n00216              -791.637310  0.0039  0.1003  0.4789  0.0000  1.0000  0.0000   0 nogrup   0.16578-314 0.00000E+00
   141 pz01.00141t0550n00216              -791.578471  0.0010  0.1125  0.4867  0.0000  1.0000  0.0000   0 nogrup   0.16578-314 0.00000E+00
   142 pz01.00142t0550n00216              -791.883105  0.0000  0.0691  0.5410  0.0000  1.0000  0.0000   0 nogrup   0.16578-314 0.00000E+00
   143 pz01.00143t0550n00216              -791.883105  0.0000  0.0691  0.5410  0.0000  1.0000  0.0000   0 nogrup   0.16578-314 0.00000E+00
   144 pz01.00144t0550n00216              -791.764090  0.0010  0.0681  0.5370  0.0000  1.0000  0.0000   0 nogrup   0.16578-314 0.00000E+00
   145 pz01.00145t0550n00216              -791.761992  0.0010  0.0681  0.5370  0.0000  1.0000  0.0000   0 nogrup   0.16578-314 0.00000E+00
   146 pz01.00146t0550n00216              -791.829035  0.0000  0.0691  0.5410  0.0000  1.0000  0.0000   0 nogrup   0.16578-314 0.00000E+00
   147 pz01.00147t0550n00216              -791.829035  0.0000  0.0691  0.5410  0.0000  1.0000  0.0000   0 nogrup   0.16578-314 0.00000E+00
   148 pz01.00148t0550n00216              -791.645098  0.0000  0.0692  0.5405  0.0000  1.0000  0.0000   0 nogrup   0.16578-314 0.00000E+00
   149 pz01.00149t0550n00216              -791.829035  0.0000  0.0691  0.5410  0.0000  1.0000  0.0000   0 nogrup   0.16578-314 0.00000E+00
   150 pz01.00150t0550n00216              -791.829035  0.0000  0.0691  0.5410  0.0000  1.0000  0.0000   0 nogrup   0.16578-314 0.00000E+00
   151 pz01.00151t0550n00216              -791.321785  0.0000  0.1004  0.4843  0.0000  1.0000  0.0000   0 nogrup   0.16578-314 0.00000E+00
   152 pz01.00152t0550n00216              -791.730080  0.0000  0.0691  0.5331  0.0000  1.0000  0.0000   0 nogrup   0.16578-314 0.00000E+00
   153 pz01.00153t0550n00216              -791.829035  0.0000  0.0691  0.5410  0.0000  1.0000  0.0000   0 nogrup   0.16578-314 0.00000E+00
   154 pz01.00154t0550n00216              -791.171888  0.0000  0.0692  0.5381  0.0000  1.0000  0.0000   0 nogrup   0.16578-314 0.00000E+00
   155 pz01.00155t0550n00216              -791.065389  0.0000  0.0693  0.5376  0.0000  1.0000  0.0000   0 nogrup   0.16578-314 0.00000E+00
   156 pz01.00156t0550n00216              -791.202088  0.0000  0.0742  0.5331  0.0000  1.0000  0.0000   0 nogrup   0.16578-314 0.00000E+00
   157 pz01.00157t0550n00216              -791.831650  0.0000  0.0691  0.5410  0.0000  1.0000  0.0000   0 nogrup   0.16578-314 0.00000E+00
   158 pz01.00158t0550n00216              -791.831650  0.0000  0.0691  0.5410  0.0000  1.0000  0.0000   0 nogrup   0.16578-314 0.00000E+00
   159 pz01.00159t0550n00216              -791.831650  0.0000  0.0691  0.5410  0.0000  1.0000  0.0000   0 nogrup   0.16578-314 0.00000E+00
   160 pz01.00160t0550n00216              -791.592481  0.0000  0.0692  0.5326  0.0000  1.0000  0.0000   0 nogrup   0.16578-314 0.00000E+00
   161 pz01.00161t0550n00216              -791.831650  0.0000  0.0691  0.5410  0.0000  1.0000  0.0000   0 nogrup   0.16578-314 0.00000E+00
   162 pz01.00162t0550n00216              -791.548588  0.0000  0.0672  0.5405  0.0000  1.0000  0.0000   0 nogrup   0.16578-314 0.00000E+00
   163 pz01.00163t0550n00216              -791.732367  0.0000  0.0691  0.5331  0.0000  1.0000  0.0000   0 nogrup   0.16578-314 0.00000E+00
   164 pz01.00164t0550n00216              -791.532154  0.0000  0.0692  0.5445  0.0000  1.0000  0.0000   0 nogrup   0.16578-314 0.00000E+00
   165 pz01.00165t0550n00216              -791.502512  0.0000  0.0711  0.5415  0.0000  1.0000  0.0000   0 nogrup   0.16578-314 0.00000E+00
   166 pz01.00166t0550n00216              -791.502512  0.0000  0.0711  0.5415  0.0000  1.0000  0.0000   0 nogrup   0.16578-314 0.00000E+00
   167 pz01.00167t0550n00216              -791.532154  0.0000  0.0692  0.5445  0.0000  1.0000  0.0000   0 nogrup   0.16578-314 0.00000E+00
   168 pz01.00168t0550n00216              -791.549974  0.0000  0.0672  0.5405  0.0000  1.0000  0.0000   0 nogrup   0.16578-314 0.00000E+00
   169 pz01.00169t0550n00216              -791.829035  0.0000  0.0691  0.5410  0.0000  1.0000  0.0000   0 nogrup   0.16578-314 0.00000E+00
   170 pz01.00170t0550n00216              -791.829035  0.0000  0.0691  0.5410  0.0000  1.0000  0.0000   0 nogrup   0.16578-314 0.00000E+00
   171 pz01.00171t0550n00216              -791.829035  0.0000  0.0691  0.5410  0.0000  1.0000  0.0000   0 nogrup   0.16578-314 0.00000E+00
   172 pz01.00172t0550n00216              -791.829035  0.0000  0.0691  0.5410  0.0000  1.0000  0.0000   0 nogrup   0.16578-314 0.00000E+00
   173 pz01.00173t0550n00216              -791.829035  0.0000  0.0691  0.5410  0.0000  1.0000  0.0000   0 nogrup   0.16578-314 0.00000E+00
   174 pz01.00174t0550n00216              -791.883105  0.0000  0.0691  0.5410  0.0000  1.0000  0.0000   0 nogrup   0.16578-314 0.00000E+00
   175 pz01.00175t0550n00216              -791.883105  0.0000  0.0691  0.5410  0.0000  1.0000  0.0000   0 nogrup   0.16578-314 0.00000E+00
   176 pz01.00176t0550n00216              -791.883105  0.0000  0.0691  0.5410  0.0000  1.0000  0.0000   0 nogrup   0.16578-314 0.00000E+00
   177 pz01.00177t0550n00216              -791.883105  0.0000  0.0691  0.5410  0.0000  1.0000  0.0000   0 nogrup   0.16578-314 0.00000E+00
   178 pz01.00178t0550n00216              -791.883105  0.0000  0.0691  0.5410  0.0000  1.0000  0.0000   0 nogrup   0.16578-314 0.00000E+00
   179 pz01.00179t0550n00216              -791.883105  0.0000  0.0691  0.5410  0.0000  1.0000  0.0000   0 nogrup   0.16578-314 0.00000E+00
   180 pz01.00180t0550n00216              -791.764090  0.0010  0.0681  0.5370  0.0000  1.0000  0.0000   0 nogrup   0.16578-314 0.00000E+00
   181 pz01.00181t0550n00216              -791.883105  0.0000  0.0691  0.5410  0.0000  1.0000  0.0000   0 nogrup   0.16578-314 0.00000E+00
   182 pz01.00182t0550n00216              -791.883105  0.0000  0.0691  0.5410  0.0000  1.0000  0.0000   0 nogrup   0.16578-314 0.00000E+00
   183 pz01.00183t0550n00216              -791.883105  0.0000  0.0691  0.5410  0.0000  1.0000  0.0000   0 nogrup   0.16578-314 0.00000E+00
   184 pz01.00184t0550n00216              -791.883105  0.0000  0.0691  0.5410  0.0000  1.0000  0.0000   0 nogrup   0.16578-314 0.00000E+00
   185 pz01.00185t0550n00216              -791.389092  0.0000  0.0711  0.5356  0.0000  1.0000  0.0000   0 nogrup   0.16578-314 0.00000E+00
   186 pz01.00186t0550n00216              -791.318045  0.0000  0.0742  0.5410  0.0000  1.0000  0.0000   0 nogrup   0.16578-314 0.00000E+00
   187 pz01.00187t0550n00216              -791.197527  0.0010  0.0682  0.5420  0.0000  1.0000  0.0000   0 nogrup   0.16578-314 0.00000E+00
   188 pz01.00188t0550n00216              -791.382805  0.0000  0.0692  0.5440  0.0000  1.0000  0.0000   0 nogrup   0.16578-314 0.00000E+00
   189 pz01.00189t0550n00216              -791.365761  0.0000  0.1015  0.4877  0.0000  1.0000  0.0000   0 nogrup   0.16578-314 0.00000E+00
   190 pz01.00190t0550n00216              -791.155717  0.0020  0.1097  0.4872  0.0000  1.0000  0.0000   0 nogrup   0.16578-314 0.00000E+00
   191 pz01.00191t0550n00216              -791.382805  0.0000  0.0692  0.5440  0.0000  1.0000  0.0000   0 nogrup   0.16578-314 0.00000E+00
   192 pz01.00192t0550n00216              -791.239174  0.0010  0.1005  0.4837  0.0000  1.0000  0.0000   0 nogrup   0.16578-314 0.00000E+00
   193 pz01.00193t0550n00216              -791.004959  0.0039  0.0731  0.5183  0.0000  1.0000  0.0000   0 nogrup   0.16578-314 0.00000E+00
   194 pz01.00194t0550n00216              -791.394094  0.0000  0.0711  0.5346  0.0000  1.0000  0.0000   0 nogrup   0.16578-314 0.00000E+00
   195 pz01.00195t0550n00216              -791.319547  0.0039  0.0690  0.5286  0.0000  1.0000  0.0000   0 nogrup   0.16578-314 0.00000E+00
   196 pz01.00196t0550n00216              -791.394489  0.0000  0.0711  0.5346  0.0000  1.0000  0.0000   0 nogrup   0.16578-314 0.00000E+00
   197 pz01.00197t0550n00216              -791.356904  0.0000  0.0692  0.5430  0.0000  1.0000  0.0000   0 nogrup   0.16578-314 0.00000E+00
   198 pz01.00198t0550n00216              -791.213425  0.0010  0.0712  0.5371  0.0000  1.0000  0.0000   0 nogrup   0.16578-314 0.00000E+00
   199 pz01.00199t0550n00216              -791.218912  0.0010  0.0682  0.5391  0.0000  1.0000  0.0000   0 nogrup   0.16578-314 0.00000E+00
