Index  Filename                                 Sum        Mean      
1      q_pz01.00001_cna_stats.txt               2032       9.4074
2      q_pz01.00002_cna_stats.txt               2032       9.4074
3      q_pz01.00003_cna_stats.txt               2032       9.4074
4      q_pz01.00004_cna_stats.txt               2032       9.4074
5      q_pz01.00005_cna_stats.txt               2028       9.3889
6      q_pz01.00006_cna_stats.txt               2032       9.4074
7      q_pz01.00007_cna_stats.txt               2032       9.4074
8      q_pz01.00008_cna_stats.txt               2032       9.4074
9      q_pz01.00009_cna_stats.txt               2028       9.3889
10     q_pz01.00010_cna_stats.txt               2032       9.4074
11     q_pz01.00011_cna_stats.txt               2032       9.4074
12     q_pz01.00012_cna_stats.txt               2036       9.4259
13     q_pz01.00013_cna_stats.txt               2032       9.4074
14     q_pz01.00014_cna_stats.txt               2032       9.4074
15     q_pz01.00015_cna_stats.txt               2032       9.4074
16     q_pz01.00016_cna_stats.txt               2032       9.4074
17     q_pz01.00017_cna_stats.txt               2032       9.4074
18     q_pz01.00018_cna_stats.txt               2038       9.4352
19     q_pz01.00019_cna_stats.txt               2032       9.4074
20     q_pz01.00020_cna_stats.txt               2032       9.4074
21     q_pz01.00021_cna_stats.txt               2032       9.4074
22     q_pz01.00022_cna_stats.txt               2032       9.4074
23     q_pz01.00023_cna_stats.txt               2032       9.4074
24     q_pz01.00024_cna_stats.txt               2032       9.4074
25     q_pz01.00025_cna_stats.txt               2032       9.4074
26     q_pz01.00026_cna_stats.txt               2036       9.4259
27     q_pz01.00027_cna_stats.txt               2028       9.3889
28     q_pz01.00028_cna_stats.txt               2028       9.3889
29     q_pz01.00029_cna_stats.txt               2036       9.4259
30     q_pz01.00030_cna_stats.txt               2032       9.4074
31     q_pz01.00031_cna_stats.txt               2032       9.4074
32     q_pz01.00032_cna_stats.txt               2032       9.4074
33     q_pz01.00033_cna_stats.txt               2028       9.3889
34     q_pz01.00034_cna_stats.txt               2032       9.4074
35     q_pz01.00035_cna_stats.txt               2032       9.4074
36     q_pz01.00036_cna_stats.txt               2032       9.4074
37     q_pz01.00037_cna_stats.txt               2032       9.4074
38     q_pz01.00038_cna_stats.txt               2032       9.4074
39     q_pz01.00039_cna_stats.txt               2032       9.4074
40     q_pz01.00040_cna_stats.txt               2028       9.3889
41     q_pz01.00041_cna_stats.txt               2032       9.4074
42     q_pz01.00042_cna_stats.txt               2032       9.4074
43     q_pz01.00043_cna_stats.txt               2032       9.4074
44     q_pz01.00044_cna_stats.txt               2032       9.4074
45     q_pz01.00045_cna_stats.txt               2032       9.4074
46     q_pz01.00046_cna_stats.txt               2032       9.4074
47     q_pz01.00047_cna_stats.txt               2036       9.4259
48     q_pz01.00048_cna_stats.txt               2032       9.4074
49     q_pz01.00049_cna_stats.txt               2032       9.4074
50     q_pz01.00050_cna_stats.txt               2028       9.3889
51     q_pz01.00051_cna_stats.txt               2028       9.3889
52     q_pz01.00052_cna_stats.txt               2032       9.4074
53     q_pz01.00053_cna_stats.txt               2032       9.4074
54     q_pz01.00054_cna_stats.txt               2032       9.4074
55     q_pz01.00055_cna_stats.txt               2032       9.4074
56     q_pz01.00056_cna_stats.txt               2032       9.4074
57     q_pz01.00057_cna_stats.txt               2032       9.4074
58     q_pz01.00058_cna_stats.txt               2032       9.4074
59     q_pz01.00059_cna_stats.txt               2032       9.4074
60     q_pz01.00060_cna_stats.txt               2032       9.4074
61     q_pz01.00061_cna_stats.txt               2032       9.4074
62     q_pz01.00062_cna_stats.txt               2032       9.4074
63     q_pz01.00063_cna_stats.txt               2032       9.4074
64     q_pz01.00064_cna_stats.txt               2028       9.3889
65     q_pz01.00065_cna_stats.txt               2032       9.4074
66     q_pz01.00066_cna_stats.txt               2032       9.4074
67     q_pz01.00067_cna_stats.txt               2032       9.4074
68     q_pz01.00068_cna_stats.txt               2032       9.4074
69     q_pz01.00069_cna_stats.txt               2032       9.4074
70     q_pz01.00070_cna_stats.txt               2032       9.4074
71     q_pz01.00071_cna_stats.txt               2032       9.4074
72     q_pz01.00072_cna_stats.txt               2032       9.4074
73     q_pz01.00073_cna_stats.txt               2032       9.4074
74     q_pz01.00074_cna_stats.txt               2032       9.4074
75     q_pz01.00075_cna_stats.txt               2032       9.4074
76     q_pz01.00076_cna_stats.txt               2032       9.4074
77     q_pz01.00077_cna_stats.txt               2032       9.4074
78     q_pz01.00078_cna_stats.txt               2032       9.4074
79     q_pz01.00079_cna_stats.txt               2032       9.4074
80     q_pz01.00080_cna_stats.txt               2032       9.4074
81     q_pz01.00081_cna_stats.txt               2028       9.3889
82     q_pz01.00082_cna_stats.txt               2032       9.4074
83     q_pz01.00083_cna_stats.txt               2032       9.4074
84     q_pz01.00084_cna_stats.txt               2032       9.4074
85     q_pz01.00085_cna_stats.txt               2028       9.3889
86     q_pz01.00086_cna_stats.txt               2038       9.4352
87     q_pz01.00087_cna_stats.txt               2028       9.3889
88     q_pz01.00088_cna_stats.txt               2032       9.4074
89     q_pz01.00089_cna_stats.txt               2032       9.4074
90     q_pz01.00090_cna_stats.txt               2032       9.4074
91     q_pz01.00091_cna_stats.txt               2032       9.4074
92     q_pz01.00092_cna_stats.txt               2032       9.4074
93     q_pz01.00093_cna_stats.txt               2034       9.4167
94     q_pz01.00094_cna_stats.txt               2028       9.3889
95     q_pz01.00095_cna_stats.txt               2032       9.4074
96     q_pz01.00096_cna_stats.txt               2036       9.4259
97     q_pz01.00097_cna_stats.txt               2028       9.3889
98     q_pz01.00098_cna_stats.txt               2028       9.3889
99     q_pz01.00099_cna_stats.txt               2034       9.4167
100    q_pz01.00100_cna_stats.txt               2034       9.4167
101    q_pz01.00101_cna_stats.txt               2032       9.4074
102    q_pz01.00102_cna_stats.txt               2032       9.4074
103    q_pz01.00103_cna_stats.txt               2032       9.4074
104    q_pz01.00104_cna_stats.txt               2032       9.4074
105    q_pz01.00105_cna_stats.txt               2032       9.4074
106    q_pz01.00106_cna_stats.txt               2032       9.4074
107    q_pz01.00107_cna_stats.txt               2032       9.4074
108    q_pz01.00108_cna_stats.txt               2034       9.4167
109    q_pz01.00109_cna_stats.txt               2034       9.4167
110    q_pz01.00110_cna_stats.txt               2032       9.4074
111    q_pz01.00111_cna_stats.txt               2030       9.3981
112    q_pz01.00112_cna_stats.txt               2030       9.3981
113    q_pz01.00113_cna_stats.txt               2030       9.3981
114    q_pz01.00114_cna_stats.txt               2030       9.3981
115    q_pz01.00115_cna_stats.txt               2030       9.3981
116    q_pz01.00116_cna_stats.txt               2030       9.3981
117    q_pz01.00117_cna_stats.txt               2030       9.3981
118    q_pz01.00118_cna_stats.txt               2030       9.3981
119    q_pz01.00119_cna_stats.txt               2030       9.3981
120    q_pz01.00120_cna_stats.txt               2030       9.3981
121    q_pz01.00121_cna_stats.txt               2030       9.3981
122    q_pz01.00122_cna_stats.txt               2030       9.3981
123    q_pz01.00123_cna_stats.txt               2030       9.3981
124    q_pz01.00124_cna_stats.txt               2030       9.3981
125    q_pz01.00125_cna_stats.txt               2030       9.3981
126    q_pz01.00126_cna_stats.txt               2030       9.3981
127    q_pz01.00127_cna_stats.txt               2030       9.3981
128    q_pz01.00128_cna_stats.txt               2030       9.3981
129    q_pz01.00129_cna_stats.txt               2030       9.3981
130    q_pz01.00130_cna_stats.txt               2030       9.3981
131    q_pz01.00131_cna_stats.txt               2030       9.3981
132    q_pz01.00132_cna_stats.txt               2034       9.4167
133    q_pz01.00133_cna_stats.txt               2034       9.4167
134    q_pz01.00134_cna_stats.txt               2026       9.3796
135    q_pz01.00135_cna_stats.txt               2032       9.4074
136    q_pz01.00136_cna_stats.txt               2032       9.4074
137    q_pz01.00137_cna_stats.txt               2034       9.4167
138    q_pz01.00138_cna_stats.txt               2034       9.4167
139    q_pz01.00139_cna_stats.txt               2034       9.4167
140    q_pz01.00140_cna_stats.txt               2034       9.4167
141    q_pz01.00141_cna_stats.txt               2026       9.3796
142    q_pz01.00142_cna_stats.txt               2026       9.3796
143    q_pz01.00143_cna_stats.txt               2026       9.3796
144    q_pz01.00144_cna_stats.txt               2026       9.3796
145    q_pz01.00145_cna_stats.txt               2026       9.3796
146    q_pz01.00146_cna_stats.txt               2026       9.3796
147    q_pz01.00147_cna_stats.txt               2026       9.3796
148    q_pz01.00148_cna_stats.txt               2024       9.3704
149    q_pz01.00149_cna_stats.txt               2026       9.3796
150    q_pz01.00150_cna_stats.txt               2026       9.3796
151    q_pz01.00151_cna_stats.txt               2032       9.4074
152    q_pz01.00152_cna_stats.txt               2026       9.3796
153    q_pz01.00153_cna_stats.txt               2026       9.3796
154    q_pz01.00154_cna_stats.txt               2022       9.3611
155    q_pz01.00155_cna_stats.txt               2020       9.3519
156    q_pz01.00156_cna_stats.txt               2022       9.3611
157    q_pz01.00157_cna_stats.txt               2026       9.3796
158    q_pz01.00158_cna_stats.txt               2026       9.3796
159    q_pz01.00159_cna_stats.txt               2026       9.3796
160    q_pz01.00160_cna_stats.txt               2024       9.3704
161    q_pz01.00161_cna_stats.txt               2026       9.3796
162    q_pz01.00162_cna_stats.txt               2024       9.3704
163    q_pz01.00163_cna_stats.txt               2026       9.3796
164    q_pz01.00164_cna_stats.txt               2024       9.3704
165    q_pz01.00165_cna_stats.txt               2024       9.3704
166    q_pz01.00166_cna_stats.txt               2024       9.3704
167    q_pz01.00167_cna_stats.txt               2024       9.3704
168    q_pz01.00168_cna_stats.txt               2024       9.3704
169    q_pz01.00169_cna_stats.txt               2026       9.3796
170    q_pz01.00170_cna_stats.txt               2026       9.3796
171    q_pz01.00171_cna_stats.txt               2026       9.3796
172    q_pz01.00172_cna_stats.txt               2026       9.3796
173    q_pz01.00173_cna_stats.txt               2026       9.3796
174    q_pz01.00174_cna_stats.txt               2026       9.3796
175    q_pz01.00175_cna_stats.txt               2026       9.3796
176    q_pz01.00176_cna_stats.txt               2026       9.3796
177    q_pz01.00177_cna_stats.txt               2026       9.3796
178    q_pz01.00178_cna_stats.txt               2026       9.3796
179    q_pz01.00179_cna_stats.txt               2026       9.3796
180    q_pz01.00180_cna_stats.txt               2026       9.3796
181    q_pz01.00181_cna_stats.txt               2026       9.3796
182    q_pz01.00182_cna_stats.txt               2026       9.3796
183    q_pz01.00183_cna_stats.txt               2026       9.3796
184    q_pz01.00184_cna_stats.txt               2026       9.3796
185    q_pz01.00185_cna_stats.txt               2024       9.3704
186    q_pz01.00186_cna_stats.txt               2022       9.3611
187    q_pz01.00187_cna_stats.txt               2022       9.3611
188    q_pz01.00188_cna_stats.txt               2022       9.3611
189    q_pz01.00189_cna_stats.txt               2030       9.3981
190    q_pz01.00190_cna_stats.txt               2024       9.3704
191    q_pz01.00191_cna_stats.txt               2022       9.3611
192    q_pz01.00192_cna_stats.txt               2030       9.3981
193    q_pz01.00193_cna_stats.txt               2026       9.3796
194    q_pz01.00194_cna_stats.txt               2024       9.3704
195    q_pz01.00195_cna_stats.txt               2028       9.3889
196    q_pz01.00196_cna_stats.txt               2024       9.3704
197    q_pz01.00197_cna_stats.txt               2022       9.3611
198    q_pz01.00198_cna_stats.txt               2022       9.3611
199    q_pz01.00199_cna_stats.txt               2022       9.3611
