 # numfile,T,ener,555,422,421,ABbonds,AAbonds,BBbonds,ordine_gruppo,gruppo,vib media,iner medio
     1 pz01.00000t0500n00234              -857.348155  0.0046  0.1953  0.4060  0.0000  1.0000  0.0000   0 nogrup   0.16578-314 0.00000E+00
     2 pz01.00001t0500n00234              -857.348155  0.0046  0.1953  0.4060  0.0000  1.0000  0.0000   0 nogrup   0.16578-314 0.00000E+00
     3 pz01.00002t0500n00234              -857.348155  0.0046  0.1953  0.4060  0.0000  1.0000  0.0000   0 nogrup   0.16578-314 0.00000E+00
     4 pz01.00003t0500n00234              -857.348155  0.0046  0.1953  0.4060  0.0000  1.0000  0.0000   0 nogrup   0.16578-314 0.00000E+00
     5 pz01.00004t0500n00234              -857.348155  0.0046  0.1953  0.4060  0.0000  1.0000  0.0000   0 nogrup   0.16578-314 0.00000E+00
     6 pz01.00005t0500n00234              -857.348155  0.0046  0.1953  0.4060  0.0000  1.0000  0.0000   0 nogrup   0.16578-314 0.00000E+00
     7 pz01.00006t0500n00234              -857.121971  0.0046  0.1936  0.4055  0.0000  1.0000  0.0000   0 nogrup   0.16578-314 0.00000E+00
     8 pz01.00007t0500n00234              -857.121971  0.0046  0.1936  0.4055  0.0000  1.0000  0.0000   0 nogrup   0.16578-314 0.00000E+00
     9 pz01.00008t0500n00234              -857.348155  0.0046  0.1953  0.4060  0.0000  1.0000  0.0000   0 nogrup   0.16578-314 0.00000E+00
    10 pz01.00009t0500n00234              -857.121971  0.0046  0.1936  0.4055  0.0000  1.0000  0.0000   0 nogrup   0.16578-314 0.00000E+00
    11 pz01.00010t0500n00234              -857.348155  0.0046  0.1953  0.4060  0.0000  1.0000  0.0000   0 nogrup   0.16578-314 0.00000E+00
    12 pz01.00011t0500n00234              -857.348155  0.0046  0.1953  0.4060  0.0000  1.0000  0.0000   0 nogrup   0.16578-314 0.00000E+00
    13 pz01.00012t0500n00234              -857.348155  0.0046  0.1953  0.4060  0.0000  1.0000  0.0000   0 nogrup   0.16578-314 0.00000E+00
    14 pz01.00013t0500n00234              -857.348155  0.0046  0.1953  0.4060  0.0000  1.0000  0.0000   0 nogrup   0.16578-314 0.00000E+00
    15 pz01.00014t0500n00234              -857.348155  0.0046  0.1953  0.4060  0.0000  1.0000  0.0000   0 nogrup   0.16578-314 0.00000E+00
    16 pz01.00015t0500n00234              -857.265771  0.0046  0.1962  0.4060  0.0000  1.0000  0.0000   0 nogrup   0.16578-314 0.00000E+00
    17 pz01.00016t0500n00234              -857.265771  0.0046  0.1962  0.4060  0.0000  1.0000  0.0000   0 nogrup   0.16578-314 0.00000E+00
    18 pz01.00017t0500n00234              -857.265771  0.0046  0.1962  0.4060  0.0000  1.0000  0.0000   0 nogrup   0.16578-314 0.00000E+00
    19 pz01.00018t0500n00234              -857.265771  0.0046  0.1962  0.4060  0.0000  1.0000  0.0000   0 nogrup   0.16578-314 0.00000E+00
    20 pz01.00019t0500n00234              -857.099717  0.0055  0.1723  0.4175  0.0000  1.0000  0.0000   0 nogrup   0.16578-314 0.00000E+00
    21 pz01.00020t0500n00234              -857.099717  0.0055  0.1723  0.4175  0.0000  1.0000  0.0000   0 nogrup   0.16578-314 0.00000E+00
    22 pz01.00021t0500n00234              -857.114090  0.0055  0.1723  0.4175  0.0000  1.0000  0.0000   0 nogrup   0.16578-314 0.00000E+00
    23 pz01.00022t0500n00234              -857.114090  0.0055  0.1723  0.4175  0.0000  1.0000  0.0000   0 nogrup   0.16578-314 0.00000E+00
    24 pz01.00023t0500n00234              -857.114090  0.0055  0.1723  0.4175  0.0000  1.0000  0.0000   0 nogrup   0.16578-314 0.00000E+00
    25 pz01.00024t0500n00234              -856.559277  0.0055  0.1682  0.4168  0.0000  1.0000  0.0000   0 nogrup   0.16578-314 0.00000E+00
    26 pz01.00025t0500n00234              -857.098976  0.0046  0.1936  0.4073  0.0000  1.0000  0.0000   0 nogrup   0.16578-314 0.00000E+00
    27 pz01.00026t0500n00234              -857.443906  0.0046  0.1960  0.4075  0.0000  1.0000  0.0000   0 nogrup   0.16578-314 0.00000E+00
    28 pz01.00027t0500n00234              -857.252315  0.0055  0.1960  0.4047  0.0000  1.0000  0.0000   0 nogrup   0.16578-314 0.00000E+00
    29 pz01.00028t0500n00234              -857.252315  0.0055  0.1960  0.4047  0.0000  1.0000  0.0000   0 nogrup   0.16578-314 0.00000E+00
    30 pz01.00029t0500n00234              -857.460461  0.0055  0.1976  0.4053  0.0000  1.0000  0.0000   0 nogrup   0.16578-314 0.00000E+00
    31 pz01.00030t0500n00234              -857.460461  0.0055  0.1976  0.4053  0.0000  1.0000  0.0000   0 nogrup   0.16578-314 0.00000E+00
    32 pz01.00031t0500n00234              -857.660775  0.0046  0.1976  0.4080  0.0000  1.0000  0.0000   0 nogrup   0.16578-314 0.00000E+00
    33 pz01.00032t0500n00234              -857.660775  0.0046  0.1976  0.4080  0.0000  1.0000  0.0000   0 nogrup   0.16578-314 0.00000E+00
    34 pz01.00033t0500n00234              -857.660775  0.0046  0.1976  0.4080  0.0000  1.0000  0.0000   0 nogrup   0.16578-314 0.00000E+00
    35 pz01.00034t0500n00234              -857.328251  0.0036  0.1653  0.4160  0.0000  1.0000  0.0000   0 nogrup   0.16578-314 0.00000E+00
    36 pz01.00035t0500n00234              -856.940978  0.0036  0.1677  0.3817  0.0000  1.0000  0.0000   0 nogrup   0.16578-314 0.00000E+00
    37 pz01.00036t0500n00234              -857.047244  0.0036  0.1353  0.4296  0.0000  1.0000  0.0000   0 nogrup   0.16578-314 0.00000E+00
    38 pz01.00037t0500n00234              -857.199956  0.0018  0.1184  0.4699  0.0000  1.0000  0.0000   0 nogrup   0.16578-314 0.00000E+00
    39 pz01.00038t0500n00234              -857.627149  0.0045  0.1916  0.3896  0.0000  1.0000  0.0000   0 nogrup   0.16578-314 0.00000E+00
    40 pz01.00039t0500n00234              -857.627149  0.0045  0.1916  0.3896  0.0000  1.0000  0.0000   0 nogrup   0.16578-314 0.00000E+00
    41 pz01.00040t0500n00234              -857.372286  0.0054  0.1869  0.3875  0.0000  1.0000  0.0000   0 nogrup   0.16578-314 0.00000E+00
    42 pz01.00041t0500n00234              -857.412977  0.0082  0.2002  0.3931  0.0000  1.0000  0.0000   0 nogrup   0.16578-314 0.00000E+00
    43 pz01.00042t0500n00234              -857.372286  0.0054  0.1869  0.3875  0.0000  1.0000  0.0000   0 nogrup   0.16578-314 0.00000E+00
    44 pz01.00043t0500n00234              -857.627149  0.0045  0.1916  0.3896  0.0000  1.0000  0.0000   0 nogrup   0.16578-314 0.00000E+00
    45 pz01.00044t0500n00234              -857.627149  0.0045  0.1916  0.3896  0.0000  1.0000  0.0000   0 nogrup   0.16578-314 0.00000E+00
    46 pz01.00045t0500n00234              -857.627149  0.0045  0.1916  0.3896  0.0000  1.0000  0.0000   0 nogrup   0.16578-314 0.00000E+00
    47 pz01.00046t0500n00234              -857.627149  0.0045  0.1916  0.3896  0.0000  1.0000  0.0000   0 nogrup   0.16578-314 0.00000E+00
    48 pz01.00047t0500n00234              -857.594646  0.0045  0.1916  0.3896  0.0000  1.0000  0.0000   0 nogrup   0.16578-314 0.00000E+00
    49 pz01.00048t0500n00234              -857.594646  0.0045  0.1916  0.3896  0.0000  1.0000  0.0000   0 nogrup   0.16578-314 0.00000E+00
    50 pz01.00049t0500n00234              -857.594646  0.0045  0.1916  0.3896  0.0000  1.0000  0.0000   0 nogrup   0.16578-314 0.00000E+00
    51 pz01.00050t0500n00234              -857.594646  0.0045  0.1916  0.3896  0.0000  1.0000  0.0000   0 nogrup   0.16578-314 0.00000E+00
    52 pz01.00051t0500n00234              -857.196890  0.0000  0.1212  0.4704  0.0000  1.0000  0.0000   0 nogrup   0.16578-314 0.00000E+00
    53 pz01.00052t0500n00234              -857.594646  0.0045  0.1916  0.3896  0.0000  1.0000  0.0000   0 nogrup   0.16578-314 0.00000E+00
    54 pz01.00053t0500n00234              -857.764564  0.0045  0.1933  0.3866  0.0000  1.0000  0.0000   0 nogrup   0.16578-314 0.00000E+00
    55 pz01.00054t0500n00234              -857.516541  0.0063  0.1940  0.3726  0.0000  1.0000  0.0000   0 nogrup   0.16578-314 0.00000E+00
    56 pz01.00055t0500n00234              -857.501179  0.0082  0.1913  0.3781  0.0000  1.0000  0.0000   0 nogrup   0.16578-314 0.00000E+00
    57 pz01.00056t0500n00234              -857.396947  0.0045  0.1953  0.3815  0.0000  1.0000  0.0000   0 nogrup   0.16578-314 0.00000E+00
    58 pz01.00057t0500n00234              -857.501179  0.0082  0.1913  0.3781  0.0000  1.0000  0.0000   0 nogrup   0.16578-314 0.00000E+00
    59 pz01.00058t0500n00234              -857.233384  0.0064  0.1915  0.3748  0.0000  1.0000  0.0000   0 nogrup   0.16578-314 0.00000E+00
    60 pz01.00059t0500n00234              -856.879026  0.0073  0.2042  0.3883  0.0000  1.0000  0.0000   0 nogrup   0.16578-314 0.00000E+00
    61 pz01.00060t0500n00234              -856.868099  0.0064  0.2033  0.3920  0.0000  1.0000  0.0000   0 nogrup   0.16578-314 0.00000E+00
    62 pz01.00061t0500n00234              -856.900720  0.0073  0.2024  0.3902  0.0000  1.0000  0.0000   0 nogrup   0.16578-314 0.00000E+00
    63 pz01.00062t0500n00234              -856.892235  0.0073  0.2024  0.3902  0.0000  1.0000  0.0000   0 nogrup   0.16578-314 0.00000E+00
    64 pz01.00063t0500n00234              -856.891818  0.0073  0.2024  0.3902  0.0000  1.0000  0.0000   0 nogrup   0.16578-314 0.00000E+00
    65 pz01.00064t0500n00234              -856.637035  0.0073  0.1694  0.4089  0.0000  1.0000  0.0000   0 nogrup   0.16578-314 0.00000E+00
    66 pz01.00065t0500n00234              -856.829677  0.0064  0.1929  0.3849  0.0000  1.0000  0.0000   0 nogrup   0.16578-314 0.00000E+00
    67 pz01.00066t0500n00234              -856.981588  0.0073  0.1945  0.3900  0.0000  1.0000  0.0000   0 nogrup   0.16578-314 0.00000E+00
    68 pz01.00067t0500n00234              -857.300194  0.0073  0.2020  0.3913  0.0000  1.0000  0.0000   0 nogrup   0.16578-314 0.00000E+00
    69 pz01.00068t0500n00234              -857.302845  0.0073  0.2011  0.3931  0.0000  1.0000  0.0000   0 nogrup   0.16578-314 0.00000E+00
    70 pz01.00069t0500n00234              -857.028548  0.0064  0.1940  0.3816  0.0000  1.0000  0.0000   0 nogrup   0.16578-314 0.00000E+00
    71 pz01.00070t0500n00234              -857.116132  0.0045  0.1891  0.3864  0.0000  1.0000  0.0000   0 nogrup   0.16578-314 0.00000E+00
    72 pz01.00071t0500n00234              -856.969154  0.0055  0.2015  0.3947  0.0000  1.0000  0.0000   0 nogrup   0.16578-314 0.00000E+00
    73 pz01.00072t0500n00234              -857.147600  0.0055  0.1659  0.4376  0.0000  1.0000  0.0000   0 nogrup   0.16578-314 0.00000E+00
    74 pz01.00073t0500n00234              -857.413719  0.0055  0.1658  0.4372  0.0000  1.0000  0.0000   0 nogrup   0.16578-314 0.00000E+00
    75 pz01.00074t0500n00234              -857.384185  0.0091  0.1662  0.4287  0.0000  1.0000  0.0000   0 nogrup   0.16578-314 0.00000E+00
    76 pz01.00075t0500n00234              -857.620808  0.0055  0.1683  0.4368  0.0000  1.0000  0.0000   0 nogrup   0.16578-314 0.00000E+00
    77 pz01.00076t0500n00234              -857.620808  0.0055  0.1683  0.4368  0.0000  1.0000  0.0000   0 nogrup   0.16578-314 0.00000E+00
    78 pz01.00077t0500n00234              -857.051835  0.0054  0.1933  0.3829  0.0000  1.0000  0.0000   0 nogrup   0.16578-314 0.00000E+00
    79 pz01.00078t0500n00234              -857.620808  0.0055  0.1683  0.4368  0.0000  1.0000  0.0000   0 nogrup   0.16578-314 0.00000E+00
    80 pz01.00079t0500n00234              -857.397339  0.0055  0.1658  0.4381  0.0000  1.0000  0.0000   0 nogrup   0.16578-314 0.00000E+00
    81 pz01.00080t0500n00234              -857.397339  0.0055  0.1658  0.4381  0.0000  1.0000  0.0000   0 nogrup   0.16578-314 0.00000E+00
    82 pz01.00081t0500n00234              -857.776233  0.0055  0.1709  0.4382  0.0000  1.0000  0.0000   0 nogrup   0.16578-314 0.00000E+00
    83 pz01.00082t0500n00234              -857.776233  0.0055  0.1709  0.4382  0.0000  1.0000  0.0000   0 nogrup   0.16578-314 0.00000E+00
    84 pz01.00083t0500n00234              -857.776233  0.0055  0.1709  0.4382  0.0000  1.0000  0.0000   0 nogrup   0.16578-314 0.00000E+00
    85 pz01.00084t0500n00234              -857.776233  0.0055  0.1709  0.4382  0.0000  1.0000  0.0000   0 nogrup   0.16578-314 0.00000E+00
    86 pz01.00085t0500n00234              -857.555519  0.0054  0.1938  0.3958  0.0000  1.0000  0.0000   0 nogrup   0.16578-314 0.00000E+00
    87 pz01.00086t0500n00234              -857.585187  0.0055  0.1720  0.4377  0.0000  1.0000  0.0000   0 nogrup   0.16578-314 0.00000E+00
    88 pz01.00087t0500n00234              -857.585187  0.0055  0.1720  0.4377  0.0000  1.0000  0.0000   0 nogrup   0.16578-314 0.00000E+00
    89 pz01.00088t0500n00234              -857.585187  0.0055  0.1720  0.4377  0.0000  1.0000  0.0000   0 nogrup   0.16578-314 0.00000E+00
    90 pz01.00089t0500n00234              -857.257140  0.0082  0.2100  0.3845  0.0000  1.0000  0.0000   0 nogrup   0.16578-314 0.00000E+00
    91 pz01.00090t0500n00234              -857.449530  0.0064  0.2029  0.3995  0.0000  1.0000  0.0000   0 nogrup   0.16578-314 0.00000E+00
    92 pz01.00091t0500n00234              -857.615592  0.0064  0.2036  0.4009  0.0000  1.0000  0.0000   0 nogrup   0.16578-314 0.00000E+00
    93 pz01.00092t0500n00234              -857.350541  0.0091  0.2157  0.3931  0.0000  1.0000  0.0000   0 nogrup   0.16578-314 0.00000E+00
    94 pz01.00093t0500n00234              -857.380033  0.0091  0.1942  0.3902  0.0000  1.0000  0.0000   0 nogrup   0.16578-314 0.00000E+00
    95 pz01.00094t0500n00234              -857.478952  0.0054  0.1998  0.3942  0.0000  1.0000  0.0000   0 nogrup   0.16578-314 0.00000E+00
    96 pz01.00095t0500n00234              -857.380033  0.0091  0.1942  0.3902  0.0000  1.0000  0.0000   0 nogrup   0.16578-314 0.00000E+00
    97 pz01.00096t0500n00234              -857.507884  0.0054  0.1998  0.3924  0.0000  1.0000  0.0000   0 nogrup   0.16578-314 0.00000E+00
    98 pz01.00097t0500n00234              -857.453722  0.0064  0.2047  0.3976  0.0000  1.0000  0.0000   0 nogrup   0.16578-314 0.00000E+00
    99 pz01.00098t0500n00234              -857.334877  0.0055  0.1984  0.3931  0.0000  1.0000  0.0000   0 nogrup   0.16578-314 0.00000E+00
   100 pz01.00099t0500n00234              -857.542778  0.0054  0.1998  0.3942  0.0000  1.0000  0.0000   0 nogrup   0.16578-314 0.00000E+00
   101 pz01.00100t0500n00234              -857.534921  0.0054  0.1987  0.3947  0.0000  1.0000  0.0000   0 nogrup   0.16578-314 0.00000E+00
