 # numfile,nomefile,555,422,421,ABbonds,AAbonds,BBbonds,ordine_gruppo,gruppo
     1 p.00010t0550n00262               0.0087  0.1620  0.4567  0.0000  1.0000  0.0000
     2 p.00020t0550n00262               0.0056  0.1659  0.4730  0.0000  1.0000  0.0000
     3 p.00030t0550n00262               0.0056  0.1660  0.4718  0.0000  1.0000  0.0000
     4 p.00040t0550n00262               0.0056  0.1659  0.4746  0.0000  1.0000  0.0000
     5 p.00050t0550n00262               0.0056  0.1661  0.4754  0.0000  1.0000  0.0000
     6 p.00060t0550n00262               0.0056  0.1657  0.4766  0.0000  1.0000  0.0000
     7 p.00070t0550n00262               0.0056  0.1661  0.4730  0.0000  1.0000  0.0000
     8 p.00080t0550n00262               0.0056  0.1636  0.4742  0.0000  1.0000  0.0000
     9 p.00090t0550n00262               0.0056  0.1659  0.4746  0.0000  1.0000  0.0000
    10 p.00100t0550n00262               0.0048  0.1597  0.4790  0.0000  1.0000  0.0000
    11 p.00110t0550n00262               0.0048  0.1619  0.4786  0.0000  1.0000  0.0000
    12 p.00120t0550n00262               0.0048  0.1620  0.4766  0.0000  1.0000  0.0000
    13 p.00130t0550n00262               0.0048  0.1619  0.4786  0.0000  1.0000  0.0000
    14 p.00140t0550n00262               0.0048  0.1598  0.4793  0.0000  1.0000  0.0000
    15 p.00150t0550n00262               0.0048  0.1619  0.4786  0.0000  1.0000  0.0000
    16 p.00160t0550n00262               0.0056  0.1635  0.4770  0.0000  1.0000  0.0000
    17 p.00170t0550n00262               0.0056  0.1659  0.4746  0.0000  1.0000  0.0000
    18 p.00180t0550n00262               0.0056  0.1659  0.4746  0.0000  1.0000  0.0000
    19 p.00190t0550n00262               0.0056  0.1657  0.4766  0.0000  1.0000  0.0000
    20 p.00200t0550n00262               0.0056  0.1657  0.4766  0.0000  1.0000  0.0000
    21 p.00210t0550n00262               0.0056  0.1660  0.4734  0.0000  1.0000  0.0000
    22 p.00220t0550n00262               0.0056  0.1638  0.4738  0.0000  1.0000  0.0000
    23 p.00230t0550n00262               0.0056  0.1685  0.4738  0.0000  1.0000  0.0000
    24 p.00240t0550n00262               0.0056  0.1659  0.4746  0.0000  1.0000  0.0000
    25 p.00250t0550n00262               0.0056  0.1659  0.4746  0.0000  1.0000  0.0000
    26 p.00260t0550n00262               0.0056  0.1659  0.4746  0.0000  1.0000  0.0000
    27 p.00270t0550n00262               0.0056  0.1659  0.4746  0.0000  1.0000  0.0000
    28 p.00280t0550n00262               0.0056  0.1657  0.4766  0.0000  1.0000  0.0000
    29 p.00290t0550n00262               0.0056  0.1638  0.4762  0.0000  1.0000  0.0000
    30 p.00300t0550n00262               0.0056  0.1660  0.4734  0.0000  1.0000  0.0000
    31 p.00310t0550n00262               0.0056  0.1659  0.4738  0.0000  1.0000  0.0000
    32 p.00320t0550n00262               0.0056  0.1645  0.4738  0.0000  1.0000  0.0000
    33 p.00330t0550n00262               0.0056  0.1638  0.4746  0.0000  1.0000  0.0000
    34 p.00340t0550n00262               0.0056  0.1636  0.4766  0.0000  1.0000  0.0000
    35 p.00350t0550n00262               0.0055  0.1655  0.4806  0.0000  1.0000  0.0000
    36 p.00360t0550n00262               0.0055  0.1655  0.4806  0.0000  1.0000  0.0000
    37 p.00370t0550n00262               0.0055  0.1655  0.4806  0.0000  1.0000  0.0000
    38 p.00380t0550n00262               0.0056  0.1676  0.4774  0.0000  1.0000  0.0000
    39 p.00390t0550n00262               0.0048  0.1619  0.4786  0.0000  1.0000  0.0000
    40 p.00400t0550n00262               0.0048  0.1619  0.4786  0.0000  1.0000  0.0000
    41 p.00410t0550n00262               0.0048  0.1619  0.4786  0.0000  1.0000  0.0000
    42 p.00420t0550n00262               0.0048  0.1622  0.4754  0.0000  1.0000  0.0000
    43 p.00430t0550n00262               0.0048  0.1618  0.4814  0.0000  1.0000  0.0000
    44 p.00440t0550n00262               0.0048  0.1620  0.4782  0.0000  1.0000  0.0000
    45 p.00450t0550n00262               0.0048  0.1618  0.4814  0.0000  1.0000  0.0000
    46 p.00460t0550n00262               0.0048  0.1597  0.4805  0.0000  1.0000  0.0000
    47 p.00470t0550n00262               0.0055  0.1655  0.4806  0.0000  1.0000  0.0000
    48 p.00480t0550n00262               0.0056  0.1657  0.4774  0.0000  1.0000  0.0000
    49 p.00490t0550n00262               0.0056  0.1659  0.4762  0.0000  1.0000  0.0000
    50 p.00500t0550n00262               0.0056  0.1661  0.4730  0.0000  1.0000  0.0000
    51 p.00510t0550n00262               0.0056  0.1657  0.4774  0.0000  1.0000  0.0000
    52 p.00520t0550n00262               0.0055  0.1655  0.4806  0.0000  1.0000  0.0000
    53 p.00530t0550n00262               0.0055  0.1655  0.4806  0.0000  1.0000  0.0000
    54 p.00540t0550n00262               0.0055  0.1655  0.4806  0.0000  1.0000  0.0000
    55 p.00550t0550n00262               0.0055  0.1655  0.4806  0.0000  1.0000  0.0000
    56 p.00560t0550n00262               0.0056  0.1657  0.4766  0.0000  1.0000  0.0000
    57 p.00570t0550n00262               0.0056  0.1661  0.4698  0.0000  1.0000  0.0000
    58 p.00580t0550n00262               0.0056  0.1636  0.4758  0.0000  1.0000  0.0000
    59 p.00590t0550n00262               0.0056  0.1657  0.4766  0.0000  1.0000  0.0000
    60 p.00600t0550n00262               0.0056  0.1657  0.4766  0.0000  1.0000  0.0000
    61 p.00610t0550n00262               0.0056  0.1714  0.4778  0.0000  1.0000  0.0000
    62 p.00620t0550n00262               0.0056  0.1689  0.4798  0.0000  1.0000  0.0000
    63 p.00630t0550n00262               0.0056  0.1689  0.4798  0.0000  1.0000  0.0000
    64 p.00640t0550n00262               0.0056  0.1657  0.4774  0.0000  1.0000  0.0000
    65 p.00650t0550n00262               0.0056  0.1634  0.4798  0.0000  1.0000  0.0000
    66 p.00660t0550n00262               0.0056  0.1635  0.4802  0.0000  1.0000  0.0000
    67 p.00670t0550n00262               0.0056  0.1665  0.4790  0.0000  1.0000  0.0000
    68 p.00680t0550n00262               0.0056  0.1634  0.4798  0.0000  1.0000  0.0000
    69 p.00690t0550n00262               0.0048  0.1618  0.4814  0.0000  1.0000  0.0000
    70 p.00700t0550n00262               0.0048  0.1597  0.4805  0.0000  1.0000  0.0000
    71 p.00710t0550n00262               0.0048  0.1622  0.4801  0.0000  1.0000  0.0000
    72 p.00720t0550n00262               0.0056  0.1634  0.4798  0.0000  1.0000  0.0000
    73 p.00730t0550n00262               0.0056  0.1660  0.4774  0.0000  1.0000  0.0000
    74 p.00740t0550n00262               0.0056  0.1653  0.4722  0.0000  1.0000  0.0000
    75 p.00750t0550n00262               0.0087  0.1653  0.4531  0.0000  1.0000  0.0000
    76 p.00760t0550n00262               0.0056  0.1659  0.4746  0.0000  1.0000  0.0000
    77 p.00770t0550n00262               0.0056  0.1669  0.4722  0.0000  1.0000  0.0000
    78 p.00780t0550n00262               0.0056  0.1639  0.4710  0.0000  1.0000  0.0000
    79 p.00790t0550n00262               0.0056  0.1663  0.4702  0.0000  1.0000  0.0000
    80 p.00800t0550n00262               0.0056  0.1659  0.4746  0.0000  1.0000  0.0000
    81 p.00810t0550n00262               0.0056  0.1659  0.4746  0.0000  1.0000  0.0000
    82 p.00820t0550n00262               0.0056  0.1663  0.4749  0.0000  1.0000  0.0000
    83 p.00830t0550n00262               0.0056  0.1661  0.4738  0.0000  1.0000  0.0000
    84 p.00840t0550n00262               0.0056  0.1660  0.4734  0.0000  1.0000  0.0000
    85 p.00850t0550n00262               0.0056  0.1640  0.4729  0.0000  1.0000  0.0000
    86 p.00860t0550n00262               0.0056  0.1661  0.4698  0.0000  1.0000  0.0000
    87 p.00870t0550n00262               0.0056  0.1660  0.4726  0.0000  1.0000  0.0000
    88 p.00880t0550n00262               0.0056  0.1663  0.4718  0.0000  1.0000  0.0000
    89 p.00890t0550n00262               0.0056  0.1660  0.4726  0.0000  1.0000  0.0000
    90 p.00900t0550n00262               0.0056  0.1659  0.4746  0.0000  1.0000  0.0000
    91 p.00910t0550n00262               0.0056  0.1639  0.4733  0.0000  1.0000  0.0000
    92 p.00920t0550n00262               0.0056  0.1671  0.4702  0.0000  1.0000  0.0000
    93 p.00930t0550n00262               0.0056  0.1659  0.4738  0.0000  1.0000  0.0000
    94 p.00940t0550n00262               0.0056  0.1661  0.4698  0.0000  1.0000  0.0000
    95 p.00950t0550n00262               0.0056  0.1638  0.4762  0.0000  1.0000  0.0000
    96 p.00960t0550n00262               0.0056  0.1660  0.4734  0.0000  1.0000  0.0000
    97 p.00970t0550n00262               0.0056  0.1659  0.4738  0.0000  1.0000  0.0000
    98 p.00980t0550n00262               0.0056  0.1657  0.4766  0.0000  1.0000  0.0000
    99 p.00990t0550n00262               0.0056  0.1659  0.4746  0.0000  1.0000  0.0000
   100 p.01000t0550n00262               0.0056  0.1657  0.4766  0.0000  1.0000  0.0000
   101 p.01010t0550n00262               0.0056  0.1659  0.4746  0.0000  1.0000  0.0000
   102 p.01020t0550n00262               0.0056  0.1661  0.4698  0.0000  1.0000  0.0000
   103 p.01030t0550n00262               0.0056  0.1660  0.4734  0.0000  1.0000  0.0000
   104 p.01040t0550n00262               0.0056  0.1693  0.4762  0.0000  1.0000  0.0000
   105 p.01050t0550n00262               0.0056  0.1635  0.4770  0.0000  1.0000  0.0000
   106 p.01060t0550n00262               0.0056  0.1660  0.4718  0.0000  1.0000  0.0000
   107 p.01070t0550n00262               0.0056  0.1661  0.4706  0.0000  1.0000  0.0000
   108 p.01080t0550n00262               0.0056  0.1661  0.4706  0.0000  1.0000  0.0000
   109 p.01090t0550n00262               0.0056  0.1660  0.4734  0.0000  1.0000  0.0000
   110 p.01100t0550n00262               0.0056  0.1704  0.4697  0.0000  1.0000  0.0000
   111 p.01110t0550n00262               0.0056  0.1659  0.4746  0.0000  1.0000  0.0000
   112 p.01120t0550n00262               0.0056  0.1661  0.4746  0.0000  1.0000  0.0000
   113 p.01130t0550n00262               0.0055  0.1655  0.4806  0.0000  1.0000  0.0000
   114 p.01140t0550n00262               0.0055  0.1655  0.4806  0.0000  1.0000  0.0000
   115 p.01150t0550n00262               0.0055  0.1655  0.4806  0.0000  1.0000  0.0000
   116 p.01160t0550n00262               0.0055  0.1655  0.4806  0.0000  1.0000  0.0000
   117 p.01170t0550n00262               0.0056  0.1672  0.4729  0.0000  1.0000  0.0000
   118 p.01180t0550n00262               0.0056  0.1635  0.4802  0.0000  1.0000  0.0000
   119 p.01190t0550n00262               0.0055  0.1655  0.4806  0.0000  1.0000  0.0000
   120 p.01200t0550n00262               0.0055  0.1655  0.4806  0.0000  1.0000  0.0000
   121 p.01210t0550n00262               0.0055  0.1655  0.4806  0.0000  1.0000  0.0000
   122 p.01220t0550n00262               0.0055  0.1655  0.4806  0.0000  1.0000  0.0000
   123 p.01230t0550n00262               0.0055  0.1655  0.4806  0.0000  1.0000  0.0000
   124 p.01240t0550n00262               0.0055  0.1655  0.4806  0.0000  1.0000  0.0000
   125 p.01250t0550n00262               0.0055  0.1655  0.4806  0.0000  1.0000  0.0000
   126 p.01260t0550n00262               0.0055  0.1655  0.4806  0.0000  1.0000  0.0000
   127 p.01270t0550n00262               0.0055  0.1655  0.4806  0.0000  1.0000  0.0000
   128 p.01280t0550n00262               0.0055  0.1655  0.4806  0.0000  1.0000  0.0000
   129 p.01290t0550n00262               0.0055  0.1655  0.4806  0.0000  1.0000  0.0000
   130 p.01300t0550n00262               0.0056  0.1659  0.4778  0.0000  1.0000  0.0000
   131 p.01310t0550n00262               0.0055  0.1655  0.4806  0.0000  1.0000  0.0000
   132 p.01320t0550n00262               0.0055  0.1655  0.4806  0.0000  1.0000  0.0000
   133 p.01330t0550n00262               0.0055  0.1655  0.4806  0.0000  1.0000  0.0000
   134 p.01340t0550n00262               0.0055  0.1655  0.4806  0.0000  1.0000  0.0000
   135 p.01350t0550n00262               0.0055  0.1655  0.4806  0.0000  1.0000  0.0000
   136 p.01360t0550n00262               0.0056  0.1657  0.4766  0.0000  1.0000  0.0000
   137 p.01370t0550n00262               0.0055  0.1655  0.4806  0.0000  1.0000  0.0000
   138 p.01380t0550n00262               0.0056  0.1659  0.4802  0.0000  1.0000  0.0000
   139 p.01390t0550n00262               0.0056  0.1657  0.4774  0.0000  1.0000  0.0000
   140 p.01400t0550n00262               0.0056  0.1668  0.4718  0.0000  1.0000  0.0000
   141 p.01410t0550n00262               0.0055  0.1655  0.4806  0.0000  1.0000  0.0000
   142 p.01420t0550n00262               0.0056  0.1635  0.4770  0.0000  1.0000  0.0000
   143 p.01430t0550n00262               0.0055  0.1655  0.4806  0.0000  1.0000  0.0000
   144 p.01440t0550n00262               0.0055  0.1655  0.4806  0.0000  1.0000  0.0000
   145 p.01450t0550n00262               0.0055  0.1655  0.4806  0.0000  1.0000  0.0000
   146 p.01460t0550n00262               0.0055  0.1655  0.4806  0.0000  1.0000  0.0000
   147 p.01470t0550n00262               0.0055  0.1655  0.4806  0.0000  1.0000  0.0000
   148 p.01480t0550n00262               0.0056  0.1657  0.4774  0.0000  1.0000  0.0000
   149 p.01490t0550n00262               0.0056  0.1636  0.4774  0.0000  1.0000  0.0000
   150 p.01500t0550n00262               0.0056  0.1645  0.4762  0.0000  1.0000  0.0000
   151 p.01510t0550n00262               0.0056  0.1660  0.4734  0.0000  1.0000  0.0000
   152 p.01520t0550n00262               0.0056  0.1657  0.4766  0.0000  1.0000  0.0000
   153 p.01530t0550n00262               0.0056  0.1657  0.4766  0.0000  1.0000  0.0000
   154 p.01540t0550n00262               0.0056  0.1659  0.4746  0.0000  1.0000  0.0000
   155 p.01550t0550n00262               0.0056  0.1659  0.4762  0.0000  1.0000  0.0000
   156 p.01560t0550n00262               0.0056  0.1659  0.4762  0.0000  1.0000  0.0000
   157 p.01570t0550n00262               0.0056  0.1661  0.4754  0.0000  1.0000  0.0000
   158 p.01580t0550n00262               0.0056  0.1636  0.4758  0.0000  1.0000  0.0000
   159 p.01590t0550n00262               0.0056  0.1659  0.4778  0.0000  1.0000  0.0000
   160 p.01600t0550n00262               0.0056  0.1657  0.4774  0.0000  1.0000  0.0000
   161 p.01610t0550n00262               0.0056  0.1659  0.4802  0.0000  1.0000  0.0000
   162 p.01620t0550n00262               0.0056  0.1677  0.4738  0.0000  1.0000  0.0000
   163 p.01630t0550n00262               0.0056  0.1660  0.4734  0.0000  1.0000  0.0000
   164 p.01640t0550n00262               0.0056  0.1635  0.4770  0.0000  1.0000  0.0000
   165 p.01650t0550n00262               0.0056  0.1659  0.4746  0.0000  1.0000  0.0000
   166 p.01660t0550n00262               0.0056  0.1659  0.4746  0.0000  1.0000  0.0000
   167 p.01670t0550n00262               0.0056  0.1659  0.4746  0.0000  1.0000  0.0000
   168 p.01680t0550n00262               0.0056  0.1659  0.4746  0.0000  1.0000  0.0000
   169 p.01690t0550n00262               0.0056  0.1636  0.4774  0.0000  1.0000  0.0000
   170 p.01700t0550n00262               0.0056  0.1657  0.4774  0.0000  1.0000  0.0000
   171 p.01710t0550n00262               0.0056  0.1657  0.4774  0.0000  1.0000  0.0000
   172 p.01720t0550n00262               0.0055  0.1655  0.4806  0.0000  1.0000  0.0000
   173 p.01730t0550n00262               0.0056  0.1657  0.4774  0.0000  1.0000  0.0000
   174 p.01740t0550n00262               0.0056  0.1635  0.4770  0.0000  1.0000  0.0000
   175 p.01750t0550n00262               0.0056  0.1635  0.4770  0.0000  1.0000  0.0000
   176 p.01760t0550n00262               0.0056  0.1659  0.4746  0.0000  1.0000  0.0000
   177 p.01770t0550n00262               0.0056  0.1659  0.4746  0.0000  1.0000  0.0000
   178 p.01780t0550n00262               0.0056  0.1660  0.4734  0.0000  1.0000  0.0000
   179 p.01790t0550n00262               0.0056  0.1638  0.4730  0.0000  1.0000  0.0000
   180 p.01800t0550n00262               0.0072  0.1669  0.4475  0.0000  1.0000  0.0000
   181 p.01810t0550n00262               0.0056  0.1660  0.4726  0.0000  1.0000  0.0000
   182 p.01820t0550n00262               0.0056  0.1661  0.4722  0.0000  1.0000  0.0000
   183 p.01830t0550n00262               0.0056  0.1659  0.4738  0.0000  1.0000  0.0000
   184 p.01840t0550n00262               0.0056  0.1689  0.4806  0.0000  1.0000  0.0000
   185 p.01850t0550n00262               0.0056  0.1693  0.4746  0.0000  1.0000  0.0000
   186 p.01860t0550n00262               0.0056  0.1690  0.4786  0.0000  1.0000  0.0000
   187 p.01870t0550n00262               0.0056  0.1714  0.4786  0.0000  1.0000  0.0000
   188 p.01880t0550n00262               0.0056  0.1695  0.4749  0.0000  1.0000  0.0000
   189 p.01890t0550n00262               0.0056  0.1690  0.4786  0.0000  1.0000  0.0000
   190 p.01900t0550n00262               0.0056  0.1695  0.4741  0.0000  1.0000  0.0000
   191 p.01910t0550n00262               0.0056  0.1657  0.4766  0.0000  1.0000  0.0000
   192 p.01920t0550n00262               0.0056  0.1657  0.4766  0.0000  1.0000  0.0000
   193 p.01930t0550n00262               0.0056  0.1657  0.4766  0.0000  1.0000  0.0000
   194 p.01940t0550n00262               0.0056  0.1657  0.4774  0.0000  1.0000  0.0000
   195 p.01950t0550n00262               0.0056  0.1634  0.4798  0.0000  1.0000  0.0000
   196 p.01960t0550n00262               0.0055  0.1655  0.4806  0.0000  1.0000  0.0000
   197 p.01970t0550n00262               0.0055  0.1655  0.4806  0.0000  1.0000  0.0000
   198 p.01980t0550n00262               0.0056  0.1660  0.4718  0.0000  1.0000  0.0000
   199 p.01990t0550n00262               0.0048  0.1619  0.4786  0.0000  1.0000  0.0000
   200 p.02000t0550n00262               0.0048  0.1620  0.4766  0.0000  1.0000  0.0000
   201 p.02010t0550n00262               0.0048  0.1620  0.4766  0.0000  1.0000  0.0000
   202 p.02020t0550n00262               0.0048  0.1620  0.4766  0.0000  1.0000  0.0000
   203 p.02030t0550n00262               0.0048  0.1618  0.4814  0.0000  1.0000  0.0000
   204 p.02040t0550n00262               0.0048  0.1638  0.4785  0.0000  1.0000  0.0000
   205 p.02050t0550n00262               0.0040  0.1576  0.4785  0.0000  1.0000  0.0000
   206 p.02060t0550n00262               0.0071  0.1643  0.4595  0.0000  1.0000  0.0000
   207 p.02070t0550n00262               0.0048  0.1620  0.4782  0.0000  1.0000  0.0000
   208 p.02080t0550n00262               0.0079  0.1590  0.4595  0.0000  1.0000  0.0000
   209 p.02090t0550n00262               0.0048  0.1622  0.4762  0.0000  1.0000  0.0000
   210 p.02100t0550n00262               0.0048  0.1620  0.4758  0.0000  1.0000  0.0000
   211 p.02110t0550n00262               0.0048  0.1613  0.4728  0.0000  1.0000  0.0000
   212 p.02120t0550n00262               0.0048  0.1630  0.4809  0.0000  1.0000  0.0000
   213 p.02130t0550n00262               0.0048  0.1598  0.4769  0.0000  1.0000  0.0000
   214 p.02140t0550n00262               0.0056  0.1663  0.4694  0.0000  1.0000  0.0000
   215 p.02150t0550n00262               0.0056  0.1657  0.4766  0.0000  1.0000  0.0000
   216 p.02160t0550n00262               0.0056  0.1661  0.4730  0.0000  1.0000  0.0000
   217 p.02170t0550n00262               0.0056  0.1657  0.4766  0.0000  1.0000  0.0000
   218 p.02180t0550n00262               0.0056  0.1692  0.4774  0.0000  1.0000  0.0000
   219 p.02190t0550n00262               0.0056  0.1667  0.4810  0.0000  1.0000  0.0000
   220 p.02200t0550n00262               0.0056  0.1672  0.4777  0.0000  1.0000  0.0000
   221 p.02210t0550n00262               0.0048  0.1653  0.4857  0.0000  1.0000  0.0000
   222 p.02220t0550n00262               0.0048  0.1680  0.4809  0.0000  1.0000  0.0000
   223 p.02230t0550n00262               0.0048  0.1652  0.4885  0.0000  1.0000  0.0000
   224 p.02240t0550n00262               0.0056  0.1695  0.4821  0.0000  1.0000  0.0000
   225 p.02250t0550n00262               0.0056  0.1714  0.4802  0.0000  1.0000  0.0000
   226 p.02260t0550n00262               0.0056  0.1739  0.4813  0.0000  1.0000  0.0000
   227 p.02270t0550n00262               0.0056  0.1739  0.4805  0.0000  1.0000  0.0000
   228 p.02280t0550n00262               0.0056  0.1651  0.4817  0.0000  1.0000  0.0000
   229 p.02290t0550n00262               0.0056  0.1742  0.4781  0.0000  1.0000  0.0000
   230 p.02300t0550n00262               0.0056  0.1717  0.4841  0.0000  1.0000  0.0000
   231 p.02310t0550n00262               0.0056  0.1714  0.4889  0.0000  1.0000  0.0000
   232 p.02320t0550n00262               0.0056  0.1689  0.4925  0.0000  1.0000  0.0000
   233 p.02330t0550n00262               0.0056  0.1713  0.4901  0.0000  1.0000  0.0000
   234 p.02340t0550n00262               0.0056  0.1717  0.4841  0.0000  1.0000  0.0000
   235 p.02350t0550n00262               0.0056  0.1675  0.4777  0.0000  1.0000  0.0000
   236 p.02360t0550n00262               0.0120  0.1627  0.4545  0.0000  1.0000  0.0000
   237 p.02370t0550n00262               0.0056  0.1718  0.4773  0.0000  1.0000  0.0000
   238 p.02380t0550n00262               0.0056  0.1739  0.4790  0.0000  1.0000  0.0000
   239 p.02390t0550n00262               0.0056  0.1695  0.4813  0.0000  1.0000  0.0000
   240 p.02400t0550n00262               0.0056  0.1700  0.4837  0.0000  1.0000  0.0000
   241 p.02410t0550n00262               0.0056  0.1733  0.4849  0.0000  1.0000  0.0000
   242 p.02420t0550n00262               0.0056  0.1717  0.4833  0.0000  1.0000  0.0000
   243 p.02430t0550n00262               0.0048  0.1669  0.4913  0.0000  1.0000  0.0000
   244 p.02440t0550n00262               0.0048  0.1663  0.4893  0.0000  1.0000  0.0000
   245 p.02450t0550n00262               0.0048  0.1680  0.4849  0.0000  1.0000  0.0000
   246 p.02460t0550n00262               0.0048  0.1661  0.4857  0.0000  1.0000  0.0000
   247 p.02470t0550n00262               0.0048  0.1612  0.4932  0.0000  1.0000  0.0000
   248 p.02480t0550n00262               0.0048  0.1610  0.4988  0.0000  1.0000  0.0000
   249 p.02490t0550n00262               0.0048  0.1640  0.4849  0.0000  1.0000  0.0000
   250 p.02500t0550n00262               0.0048  0.1591  0.4940  0.0000  1.0000  0.0000
   251 p.02510t0550n00262               0.0048  0.1639  0.4861  0.0000  1.0000  0.0000
   252 p.02520t0550n00262               0.0048  0.1614  0.4928  0.0000  1.0000  0.0000
   253 p.02530t0550n00262               0.0048  0.1648  0.4865  0.0000  1.0000  0.0000
   254 p.02540t0550n00262               0.0056  0.1705  0.4813  0.0000  1.0000  0.0000
   255 p.02550t0550n00262               0.0048  0.1636  0.4948  0.0000  1.0000  0.0000
   256 p.02560t0550n00262               0.0048  0.1643  0.4968  0.0000  1.0000  0.0000
   257 p.02570t0550n00262               0.0048  0.1647  0.4893  0.0000  1.0000  0.0000
   258 p.02580t0550n00262               0.0048  0.1635  0.4952  0.0000  1.0000  0.0000
   259 p.02590t0550n00262               0.0048  0.1720  0.4809  0.0000  1.0000  0.0000
   260 p.02600t0550n00262               0.0048  0.1636  0.4932  0.0000  1.0000  0.0000
   261 p.02610t0550n00262               0.0048  0.1594  0.4892  0.0000  1.0000  0.0000
   262 p.02620t0550n00262               0.0048  0.1647  0.4988  0.0000  1.0000  0.0000
   263 p.02630t0550n00262               0.0080  0.1625  0.4661  0.0000  1.0000  0.0000
   264 p.02640t0550n00262               0.0048  0.1625  0.4861  0.0000  1.0000  0.0000
   265 p.02650t0550n00262               0.0048  0.1619  0.4833  0.0000  1.0000  0.0000
   266 p.02660t0550n00262               0.0048  0.1615  0.4877  0.0000  1.0000  0.0000
   267 p.02670t0550n00262               0.0048  0.1638  0.4905  0.0000  1.0000  0.0000
   268 p.02680t0550n00262               0.0048  0.1641  0.4845  0.0000  1.0000  0.0000
   269 p.02690t0550n00262               0.0048  0.1675  0.4952  0.0000  1.0000  0.0000
   270 p.02700t0550n00262               0.0048  0.1644  0.4948  0.0000  1.0000  0.0000
   271 p.02710t0550n00262               0.0048  0.1614  0.4928  0.0000  1.0000  0.0000
   272 p.02720t0550n00262               0.0048  0.1611  0.4968  0.0000  1.0000  0.0000
   273 p.02730t0550n00262               0.0048  0.1636  0.4932  0.0000  1.0000  0.0000
   274 p.02740t0550n00262               0.0056  0.1647  0.4805  0.0000  1.0000  0.0000
   275 p.02750t0550n00262               0.0048  0.1631  0.4940  0.0000  1.0000  0.0000
   276 p.02760t0550n00262               0.0048  0.1635  0.4848  0.0000  1.0000  0.0000
   277 p.02770t0550n00262               0.0048  0.1681  0.4869  0.0000  1.0000  0.0000
   278 p.02780t0550n00262               0.0048  0.1610  0.4964  0.0000  1.0000  0.0000
   279 p.02790t0550n00262               0.0048  0.1635  0.4944  0.0000  1.0000  0.0000
   280 p.02800t0550n00262               0.0048  0.1634  0.4941  0.0000  1.0000  0.0000
   281 p.02810t0550n00262               0.0063  0.1603  0.4802  0.0000  1.0000  0.0000
   282 p.02820t0550n00262               0.0048  0.1636  0.4845  0.0000  1.0000  0.0000
   283 p.02830t0550n00262               0.0048  0.1639  0.4877  0.0000  1.0000  0.0000
   284 p.02840t0550n00262               0.0048  0.1620  0.4940  0.0000  1.0000  0.0000
   285 p.02850t0550n00262               0.0048  0.1634  0.4941  0.0000  1.0000  0.0000
   286 p.02860t0550n00262               0.0048  0.1624  0.4857  0.0000  1.0000  0.0000
   287 p.02870t0550n00262               0.0048  0.1576  0.4912  0.0000  1.0000  0.0000
   288 p.02880t0550n00262               0.0048  0.1590  0.4913  0.0000  1.0000  0.0000
   289 p.02890t0550n00262               0.0048  0.1683  0.4651  0.0000  1.0000  0.0000
   290 p.02900t0550n00262               0.0048  0.1587  0.4848  0.0000  1.0000  0.0000
   291 p.02910t0550n00262               0.0048  0.1565  0.4932  0.0000  1.0000  0.0000
   292 p.02920t0550n00262               0.0048  0.1543  0.4924  0.0000  1.0000  0.0000
   293 p.02930t0550n00262               0.0048  0.1575  0.4901  0.0000  1.0000  0.0000
   294 p.02940t0550n00262               0.0048  0.1561  0.4873  0.0000  1.0000  0.0000
   295 p.02950t0550n00262               0.0048  0.1556  0.4937  0.0000  1.0000  0.0000
   296 p.02960t0550n00262               0.0048  0.1574  0.4905  0.0000  1.0000  0.0000
   297 p.02970t0550n00262               0.0048  0.1556  0.4937  0.0000  1.0000  0.0000
   298 p.02980t0550n00262               0.0048  0.1557  0.4917  0.0000  1.0000  0.0000
   299 p.02990t0550n00262               0.0048  0.1557  0.4917  0.0000  1.0000  0.0000
   300 p.03000t0550n00262               0.0048  0.1567  0.4885  0.0000  1.0000  0.0000
   301 p.03010t0550n00262               0.0048  0.1556  0.4937  0.0000  1.0000  0.0000
   302 p.03020t0550n00262               0.0048  0.1557  0.4917  0.0000  1.0000  0.0000
   303 p.03030t0550n00262               0.0048  0.1557  0.4917  0.0000  1.0000  0.0000
   304 p.03040t0550n00262               0.0048  0.1758  0.4694  0.0000  1.0000  0.0000
   305 p.03050t0550n00262               0.0048  0.1589  0.4901  0.0000  1.0000  0.0000
   306 p.03060t0550n00262               0.0048  0.1590  0.4921  0.0000  1.0000  0.0000
   307 p.03070t0550n00262               0.0048  0.1616  0.4873  0.0000  1.0000  0.0000
   308 p.03080t0550n00262               0.0048  0.1614  0.4936  0.0000  1.0000  0.0000
   309 p.03090t0550n00262               0.0048  0.1645  0.4952  0.0000  1.0000  0.0000
   310 p.03100t0550n00262               0.0048  0.1623  0.4885  0.0000  1.0000  0.0000
   311 p.03110t0550n00262               0.0048  0.1615  0.4901  0.0000  1.0000  0.0000
   312 p.03120t0550n00262               0.0048  0.1624  0.4865  0.0000  1.0000  0.0000
   313 p.03130t0550n00262               0.0048  0.1591  0.4924  0.0000  1.0000  0.0000
   314 p.03140t0550n00262               0.0048  0.1614  0.4921  0.0000  1.0000  0.0000
   315 p.03150t0550n00262               0.0048  0.1640  0.4841  0.0000  1.0000  0.0000
   316 p.03160t0550n00262               0.0048  0.1611  0.4968  0.0000  1.0000  0.0000
   317 p.03170t0550n00262               0.0048  0.1590  0.4960  0.0000  1.0000  0.0000
   318 p.03180t0550n00262               0.0048  0.1639  0.4877  0.0000  1.0000  0.0000
   319 p.03190t0550n00262               0.0048  0.1614  0.4905  0.0000  1.0000  0.0000
   320 p.03200t0550n00262               0.0048  0.1595  0.4896  0.0000  1.0000  0.0000
   321 p.03210t0550n00262               0.0048  0.1616  0.4873  0.0000  1.0000  0.0000
   322 p.03220t0550n00262               0.0048  0.1611  0.4960  0.0000  1.0000  0.0000
   323 p.03230t0550n00262               0.0048  0.1635  0.4944  0.0000  1.0000  0.0000
   324 p.03240t0550n00262               0.0048  0.1614  0.4928  0.0000  1.0000  0.0000
   325 p.03250t0550n00262               0.0048  0.1612  0.4932  0.0000  1.0000  0.0000
   326 p.03260t0550n00262               0.0048  0.1614  0.4873  0.0000  1.0000  0.0000
   327 p.03270t0550n00262               0.0048  0.1615  0.4853  0.0000  1.0000  0.0000
   328 p.03280t0550n00262               0.0048  0.1653  0.4801  0.0000  1.0000  0.0000
   329 p.03290t0550n00262               0.0048  0.1655  0.4797  0.0000  1.0000  0.0000
   330 p.03300t0550n00262               0.0048  0.1623  0.4773  0.0000  1.0000  0.0000
   331 p.03310t0550n00262               0.0048  0.1622  0.4793  0.0000  1.0000  0.0000
   332 p.03320t0550n00262               0.0048  0.1620  0.4821  0.0000  1.0000  0.0000
   333 p.03330t0550n00262               0.0048  0.1676  0.4829  0.0000  1.0000  0.0000
   334 p.03340t0550n00262               0.0048  0.1642  0.4845  0.0000  1.0000  0.0000
   335 p.03350t0550n00262               0.0040  0.1606  0.4825  0.0000  1.0000  0.0000
   336 p.03360t0550n00262               0.0040  0.1606  0.4825  0.0000  1.0000  0.0000
   337 p.03370t0550n00262               0.0040  0.1603  0.4857  0.0000  1.0000  0.0000
   338 p.03380t0550n00262               0.0040  0.1606  0.4825  0.0000  1.0000  0.0000
   339 p.03390t0550n00262               0.0040  0.1603  0.4857  0.0000  1.0000  0.0000
   340 p.03400t0550n00262               0.0040  0.1638  0.4769  0.0000  1.0000  0.0000
   341 p.03410t0550n00262               0.0040  0.1606  0.4825  0.0000  1.0000  0.0000
   342 p.03420t0550n00262               0.0040  0.1604  0.4829  0.0000  1.0000  0.0000
   343 p.03430t0550n00262               0.0040  0.1578  0.4901  0.0000  1.0000  0.0000
   344 p.03440t0550n00262               0.0040  0.1579  0.4881  0.0000  1.0000  0.0000
   345 p.03450t0550n00262               0.0040  0.1615  0.4861  0.0000  1.0000  0.0000
   346 p.03460t0550n00262               0.0048  0.1673  0.4933  0.0000  1.0000  0.0000
   347 p.03470t0550n00262               0.0056  0.1737  0.4853  0.0000  1.0000  0.0000
   348 p.03480t0550n00262               0.0056  0.1689  0.4877  0.0000  1.0000  0.0000
   349 p.03490t0550n00262               0.0056  0.1697  0.4781  0.0000  1.0000  0.0000
   350 p.03500t0550n00262               0.0056  0.1695  0.4773  0.0000  1.0000  0.0000
   351 p.03510t0550n00262               0.0056  0.1638  0.4762  0.0000  1.0000  0.0000
   352 p.03520t0550n00262               0.0056  0.1657  0.4822  0.0000  1.0000  0.0000
   353 p.03530t0550n00262               0.0056  0.1636  0.4821  0.0000  1.0000  0.0000
   354 p.03540t0550n00262               0.0056  0.1661  0.4777  0.0000  1.0000  0.0000
   355 p.03550t0550n00262               0.0056  0.1685  0.4746  0.0000  1.0000  0.0000
   356 p.03560t0550n00262               0.0056  0.1683  0.4778  0.0000  1.0000  0.0000
   357 p.03570t0550n00262               0.0055  0.1679  0.4838  0.0000  1.0000  0.0000
   358 p.03580t0550n00262               0.0056  0.1681  0.4806  0.0000  1.0000  0.0000
   359 p.03590t0550n00262               0.0055  0.1696  0.4794  0.0000  1.0000  0.0000
   360 p.03600t0550n00262               0.0055  0.1680  0.4826  0.0000  1.0000  0.0000
   361 p.03610t0550n00262               0.0056  0.1665  0.4814  0.0000  1.0000  0.0000
   362 p.03620t0550n00262               0.0055  0.1680  0.4834  0.0000  1.0000  0.0000
   363 p.03630t0550n00262               0.0056  0.1714  0.4817  0.0000  1.0000  0.0000
   364 p.03640t0550n00262               0.0056  0.1681  0.4798  0.0000  1.0000  0.0000
   365 p.03650t0550n00262               0.0056  0.1683  0.4794  0.0000  1.0000  0.0000
   366 p.03660t0550n00262               0.0056  0.1683  0.4786  0.0000  1.0000  0.0000
   367 p.03670t0550n00262               0.0055  0.1680  0.4826  0.0000  1.0000  0.0000
   368 p.03680t0550n00262               0.0056  0.1684  0.4750  0.0000  1.0000  0.0000
   369 p.03690t0550n00262               0.0056  0.1681  0.4806  0.0000  1.0000  0.0000
   370 p.03700t0550n00262               0.0056  0.1683  0.4778  0.0000  1.0000  0.0000
   371 p.03710t0550n00262               0.0056  0.1660  0.4813  0.0000  1.0000  0.0000
   372 p.03720t0550n00262               0.0056  0.1681  0.4782  0.0000  1.0000  0.0000
   373 p.03730t0550n00262               0.0055  0.1680  0.4818  0.0000  1.0000  0.0000
   374 p.03740t0550n00262               0.0055  0.1656  0.4842  0.0000  1.0000  0.0000
   375 p.03750t0550n00262               0.0056  0.1681  0.4782  0.0000  1.0000  0.0000
   376 p.03760t0550n00262               0.0055  0.1680  0.4818  0.0000  1.0000  0.0000
   377 p.03770t0550n00262               0.0055  0.1656  0.4842  0.0000  1.0000  0.0000
   378 p.03780t0550n00262               0.0056  0.1684  0.4790  0.0000  1.0000  0.0000
   379 p.03790t0550n00262               0.0055  0.1679  0.4838  0.0000  1.0000  0.0000
   380 p.03800t0550n00262               0.0056  0.1681  0.4814  0.0000  1.0000  0.0000
   381 p.03810t0550n00262               0.0056  0.1642  0.4861  0.0000  1.0000  0.0000
   382 p.03820t0550n00262               0.0056  0.1684  0.4774  0.0000  1.0000  0.0000
   383 p.03830t0550n00262               0.0055  0.1677  0.4850  0.0000  1.0000  0.0000
   384 p.03840t0550n00262               0.0055  0.1676  0.4877  0.0000  1.0000  0.0000
   385 p.03850t0550n00262               0.0055  0.1676  0.4877  0.0000  1.0000  0.0000
   386 p.03860t0550n00262               0.0055  0.1676  0.4877  0.0000  1.0000  0.0000
   387 p.03870t0550n00262               0.0055  0.1676  0.4877  0.0000  1.0000  0.0000
   388 p.03880t0550n00262               0.0055  0.1676  0.4877  0.0000  1.0000  0.0000
   389 p.03890t0550n00262               0.0055  0.1672  0.4873  0.0000  1.0000  0.0000
   390 p.03900t0550n00262               0.0055  0.1688  0.4842  0.0000  1.0000  0.0000
   391 p.03910t0550n00262               0.0055  0.1676  0.4877  0.0000  1.0000  0.0000
   392 p.03920t0550n00262               0.0055  0.1679  0.4846  0.0000  1.0000  0.0000
   393 p.03930t0550n00262               0.0055  0.1676  0.4877  0.0000  1.0000  0.0000
   394 p.03940t0550n00262               0.0055  0.1676  0.4877  0.0000  1.0000  0.0000
   395 p.03950t0550n00262               0.0055  0.1679  0.4838  0.0000  1.0000  0.0000
   396 p.03960t0550n00262               0.0055  0.1680  0.4834  0.0000  1.0000  0.0000
   397 p.03970t0550n00262               0.0055  0.1679  0.4838  0.0000  1.0000  0.0000
   398 p.03980t0550n00262               0.0056  0.1681  0.4806  0.0000  1.0000  0.0000
   399 p.03990t0550n00262               0.0056  0.1681  0.4790  0.0000  1.0000  0.0000
   400 p.04000t0550n00262               0.0055  0.1685  0.4881  0.0000  1.0000  0.0000
   401 p.04010t0550n00262               0.0055  0.1677  0.4866  0.0000  1.0000  0.0000
   402 p.04020t0550n00262               0.0055  0.1679  0.4838  0.0000  1.0000  0.0000
   403 p.04030t0550n00262               0.0055  0.1656  0.4834  0.0000  1.0000  0.0000
   404 p.04040t0550n00262               0.0056  0.1681  0.4806  0.0000  1.0000  0.0000
   405 p.04050t0550n00262               0.0056  0.1683  0.4770  0.0000  1.0000  0.0000
   406 p.04060t0550n00262               0.0056  0.1681  0.4798  0.0000  1.0000  0.0000
   407 p.04070t0550n00262               0.0055  0.1686  0.4869  0.0000  1.0000  0.0000
   408 p.04080t0550n00262               0.0055  0.1676  0.4877  0.0000  1.0000  0.0000
   409 p.04090t0550n00262               0.0055  0.1676  0.4877  0.0000  1.0000  0.0000
   410 p.04100t0550n00262               0.0055  0.1677  0.4866  0.0000  1.0000  0.0000
   411 p.04110t0550n00262               0.0055  0.1677  0.4866  0.0000  1.0000  0.0000
   412 p.04120t0550n00262               0.0056  0.1683  0.4778  0.0000  1.0000  0.0000
   413 p.04130t0550n00262               0.0055  0.1679  0.4838  0.0000  1.0000  0.0000
   414 p.04140t0550n00262               0.0056  0.1685  0.4777  0.0000  1.0000  0.0000
   415 p.04150t0550n00262               0.0056  0.1663  0.4757  0.0000  1.0000  0.0000
   416 p.04160t0550n00262               0.0056  0.1681  0.4814  0.0000  1.0000  0.0000
   417 p.04170t0550n00262               0.0055  0.1677  0.4881  0.0000  1.0000  0.0000
   418 p.04180t0550n00262               0.0055  0.1676  0.4877  0.0000  1.0000  0.0000
   419 p.04190t0550n00262               0.0055  0.1676  0.4877  0.0000  1.0000  0.0000
   420 p.04200t0550n00262               0.0055  0.1676  0.4877  0.0000  1.0000  0.0000
   421 p.04210t0550n00262               0.0056  0.1660  0.4774  0.0000  1.0000  0.0000
   422 p.04220t0550n00262               0.0055  0.1676  0.4877  0.0000  1.0000  0.0000
   423 p.04230t0550n00262               0.0055  0.1679  0.4846  0.0000  1.0000  0.0000
   424 p.04240t0550n00262               0.0055  0.1677  0.4850  0.0000  1.0000  0.0000
   425 p.04250t0550n00262               0.0055  0.1676  0.4877  0.0000  1.0000  0.0000
   426 p.04260t0550n00262               0.0055  0.1679  0.4846  0.0000  1.0000  0.0000
   427 p.04270t0550n00262               0.0055  0.1676  0.4877  0.0000  1.0000  0.0000
   428 p.04280t0550n00262               0.0055  0.1653  0.4905  0.0000  1.0000  0.0000
   429 p.04290t0550n00262               0.0055  0.1676  0.4877  0.0000  1.0000  0.0000
   430 p.04300t0550n00262               0.0055  0.1676  0.4877  0.0000  1.0000  0.0000
   431 p.04310t0550n00262               0.0055  0.1680  0.4810  0.0000  1.0000  0.0000
   432 p.04320t0550n00262               0.0055  0.1676  0.4877  0.0000  1.0000  0.0000
   433 p.04330t0550n00262               0.0055  0.1679  0.4846  0.0000  1.0000  0.0000
   434 p.04340t0550n00262               0.0055  0.1676  0.4877  0.0000  1.0000  0.0000
   435 p.04350t0550n00262               0.0055  0.1677  0.4866  0.0000  1.0000  0.0000
   436 p.04360t0550n00262               0.0056  0.1681  0.4806  0.0000  1.0000  0.0000
   437 p.04370t0550n00262               0.0055  0.1677  0.4866  0.0000  1.0000  0.0000
   438 p.04380t0550n00262               0.0055  0.1677  0.4866  0.0000  1.0000  0.0000
   439 p.04390t0550n00262               0.0055  0.1680  0.4818  0.0000  1.0000  0.0000
   440 p.04400t0550n00262               0.0055  0.1679  0.4893  0.0000  1.0000  0.0000
   441 p.04410t0550n00262               0.0055  0.1677  0.4850  0.0000  1.0000  0.0000
   442 p.04420t0550n00262               0.0056  0.1657  0.4837  0.0000  1.0000  0.0000
   443 p.04430t0550n00262               0.0055  0.1676  0.4877  0.0000  1.0000  0.0000
   444 p.04440t0550n00262               0.0055  0.1679  0.4846  0.0000  1.0000  0.0000
   445 p.04450t0550n00262               0.0055  0.1679  0.4846  0.0000  1.0000  0.0000
   446 p.04460t0550n00262               0.0055  0.1679  0.4846  0.0000  1.0000  0.0000
   447 p.04470t0550n00262               0.0056  0.1737  0.4861  0.0000  1.0000  0.0000
   448 p.04480t0550n00262               0.0055  0.1735  0.4929  0.0000  1.0000  0.0000
   449 p.04490t0550n00262               0.0056  0.1765  0.4825  0.0000  1.0000  0.0000
   450 p.04500t0550n00262               0.0056  0.1737  0.4925  0.0000  1.0000  0.0000
   451 p.04510t0550n00262               0.0055  0.1759  0.4905  0.0000  1.0000  0.0000
   452 p.04520t0550n00262               0.0056  0.1714  0.4913  0.0000  1.0000  0.0000
   453 p.04530t0550n00262               0.0056  0.1750  0.4837  0.0000  1.0000  0.0000
   454 p.04540t0550n00262               0.0056  0.1761  0.4861  0.0000  1.0000  0.0000
   455 p.04550t0550n00262               0.0056  0.1741  0.4865  0.0000  1.0000  0.0000
   456 p.04560t0550n00262               0.0071  0.1729  0.4663  0.0000  1.0000  0.0000
   457 p.04570t0550n00262               0.0056  0.1702  0.4853  0.0000  1.0000  0.0000
   458 p.04580t0550n00262               0.0056  0.1700  0.4766  0.0000  1.0000  0.0000
   459 p.04590t0550n00262               0.0056  0.1714  0.4889  0.0000  1.0000  0.0000
   460 p.04600t0550n00262               0.0056  0.1737  0.4845  0.0000  1.0000  0.0000
   461 p.04610t0550n00262               0.0056  0.1765  0.4817  0.0000  1.0000  0.0000
   462 p.04620t0550n00262               0.0056  0.1742  0.4837  0.0000  1.0000  0.0000
   463 p.04630t0550n00262               0.0056  0.1683  0.4778  0.0000  1.0000  0.0000
   464 p.04640t0550n00262               0.0055  0.1680  0.4810  0.0000  1.0000  0.0000
   465 p.04650t0550n00262               0.0055  0.1680  0.4842  0.0000  1.0000  0.0000
   466 p.04660t0550n00262               0.0056  0.1659  0.4833  0.0000  1.0000  0.0000
   467 p.04670t0550n00262               0.0056  0.1657  0.4830  0.0000  1.0000  0.0000
   468 p.04680t0550n00262               0.0056  0.1683  0.4794  0.0000  1.0000  0.0000
   469 p.04690t0550n00262               0.0056  0.1693  0.4754  0.0000  1.0000  0.0000
   470 p.04700t0550n00262               0.0055  0.1679  0.4838  0.0000  1.0000  0.0000
   471 p.04710t0550n00262               0.0055  0.1656  0.4865  0.0000  1.0000  0.0000
   472 p.04720t0550n00262               0.0056  0.1689  0.4822  0.0000  1.0000  0.0000
   473 p.04730t0550n00262               0.0048  0.1642  0.4845  0.0000  1.0000  0.0000
   474 p.04740t0550n00262               0.0048  0.1642  0.4845  0.0000  1.0000  0.0000
   475 p.04750t0550n00262               0.0048  0.1667  0.4849  0.0000  1.0000  0.0000
   476 p.04760t0550n00262               0.0048  0.1640  0.4849  0.0000  1.0000  0.0000
   477 p.04770t0550n00262               0.0048  0.1643  0.4825  0.0000  1.0000  0.0000
   478 p.04780t0550n00262               0.0048  0.1642  0.4830  0.0000  1.0000  0.0000
   479 p.04790t0550n00262               0.0048  0.1642  0.4830  0.0000  1.0000  0.0000
   480 p.04800t0550n00262               0.0048  0.1644  0.4797  0.0000  1.0000  0.0000
   481 p.04810t0550n00262               0.0048  0.1644  0.4805  0.0000  1.0000  0.0000
   482 p.04820t0550n00262               0.0048  0.1643  0.4817  0.0000  1.0000  0.0000
   483 p.04830t0550n00262               0.0048  0.1640  0.4849  0.0000  1.0000  0.0000
   484 p.04840t0550n00262               0.0048  0.1598  0.4841  0.0000  1.0000  0.0000
   485 p.04850t0550n00262               0.0048  0.1642  0.4830  0.0000  1.0000  0.0000
   486 p.04860t0550n00262               0.0048  0.1619  0.4841  0.0000  1.0000  0.0000
   487 p.04870t0550n00262               0.0048  0.1643  0.4857  0.0000  1.0000  0.0000
   488 p.04880t0550n00262               0.0048  0.1625  0.4725  0.0000  1.0000  0.0000
   489 p.04890t0550n00262               0.0048  0.1597  0.4837  0.0000  1.0000  0.0000
   490 p.04900t0550n00262               0.0048  0.1597  0.4837  0.0000  1.0000  0.0000
   491 p.04910t0550n00262               0.0048  0.1628  0.4813  0.0000  1.0000  0.0000
   492 p.04920t0550n00262               0.0048  0.1640  0.4857  0.0000  1.0000  0.0000
   493 p.04930t0550n00262               0.0048  0.1642  0.4837  0.0000  1.0000  0.0000
   494 p.04940t0550n00262               0.0048  0.1642  0.4830  0.0000  1.0000  0.0000
   495 p.04950t0550n00262               0.0048  0.1640  0.4849  0.0000  1.0000  0.0000
   496 p.04960t0550n00262               0.0048  0.1616  0.4857  0.0000  1.0000  0.0000
   497 p.04970t0550n00262               0.0048  0.1644  0.4790  0.0000  1.0000  0.0000
   498 p.04980t0550n00262               0.0048  0.1649  0.4869  0.0000  1.0000  0.0000
   499 p.04990t0550n00262               0.0048  0.1645  0.4793  0.0000  1.0000  0.0000
   500 p.05000t0550n00262               0.0048  0.1642  0.4837  0.0000  1.0000  0.0000
   501 p.05010t0550n00262               0.0048  0.1619  0.4849  0.0000  1.0000  0.0000
   502 p.05020t0550n00262               0.0055  0.1656  0.4842  0.0000  1.0000  0.0000
   503 p.05030t0550n00262               0.0055  0.1679  0.4838  0.0000  1.0000  0.0000
   504 p.05040t0550n00262               0.0055  0.1679  0.4838  0.0000  1.0000  0.0000
   505 p.05050t0550n00262               0.0055  0.1679  0.4838  0.0000  1.0000  0.0000
   506 p.05060t0550n00262               0.0055  0.1680  0.4810  0.0000  1.0000  0.0000
   507 p.05070t0550n00262               0.0055  0.1679  0.4830  0.0000  1.0000  0.0000
   508 p.05080t0550n00262               0.0055  0.1679  0.4830  0.0000  1.0000  0.0000
   509 p.05090t0550n00262               0.0056  0.1684  0.4774  0.0000  1.0000  0.0000
   510 p.05100t0550n00262               0.0055  0.1680  0.4810  0.0000  1.0000  0.0000
   511 p.05110t0550n00262               0.0055  0.1680  0.4810  0.0000  1.0000  0.0000
   512 p.05120t0550n00262               0.0056  0.1660  0.4782  0.0000  1.0000  0.0000
   513 p.05130t0550n00262               0.0055  0.1680  0.4818  0.0000  1.0000  0.0000
   514 p.05140t0550n00262               0.0056  0.1681  0.4782  0.0000  1.0000  0.0000
   515 p.05150t0550n00262               0.0056  0.1683  0.4730  0.0000  1.0000  0.0000
   516 p.05160t0550n00262               0.0056  0.1681  0.4790  0.0000  1.0000  0.0000
   517 p.05170t0550n00262               0.0056  0.1713  0.4830  0.0000  1.0000  0.0000
   518 p.05180t0550n00262               0.0056  0.1749  0.4744  0.0000  1.0000  0.0000
   519 p.05190t0550n00262               0.0056  0.1716  0.4813  0.0000  1.0000  0.0000
   520 p.05200t0550n00262               0.0056  0.1714  0.4841  0.0000  1.0000  0.0000
   521 p.05210t0550n00262               0.0056  0.1716  0.4805  0.0000  1.0000  0.0000
   522 p.05220t0550n00262               0.0056  0.1716  0.4805  0.0000  1.0000  0.0000
   523 p.05230t0550n00262               0.0056  0.1702  0.4757  0.0000  1.0000  0.0000
   524 p.05240t0550n00262               0.0056  0.1692  0.4790  0.0000  1.0000  0.0000
   525 p.05250t0550n00262               0.0056  0.1660  0.4790  0.0000  1.0000  0.0000
   526 p.05260t0550n00262               0.0055  0.1680  0.4818  0.0000  1.0000  0.0000
   527 p.05270t0550n00262               0.0056  0.1683  0.4778  0.0000  1.0000  0.0000
   528 p.05280t0550n00262               0.0056  0.1657  0.4830  0.0000  1.0000  0.0000
   529 p.05290t0550n00262               0.0056  0.1660  0.4774  0.0000  1.0000  0.0000
   530 p.05300t0550n00262               0.0055  0.1679  0.4846  0.0000  1.0000  0.0000
   531 p.05310t0550n00262               0.0055  0.1680  0.4810  0.0000  1.0000  0.0000
   532 p.05320t0550n00262               0.0056  0.1690  0.4810  0.0000  1.0000  0.0000
   533 p.05330t0550n00262               0.0056  0.1683  0.4762  0.0000  1.0000  0.0000
   534 p.05340t0550n00262               0.0056  0.1683  0.4770  0.0000  1.0000  0.0000
   535 p.05350t0550n00262               0.0056  0.1681  0.4782  0.0000  1.0000  0.0000
   536 p.05360t0550n00262               0.0055  0.1680  0.4802  0.0000  1.0000  0.0000
   537 p.05370t0550n00262               0.0056  0.1660  0.4805  0.0000  1.0000  0.0000
   538 p.05380t0550n00262               0.0056  0.1681  0.4782  0.0000  1.0000  0.0000
   539 p.05390t0550n00262               0.0056  0.1692  0.4710  0.0000  1.0000  0.0000
   540 p.05400t0550n00262               0.0056  0.1693  0.4769  0.0000  1.0000  0.0000
   541 p.05410t0550n00262               0.0055  0.1656  0.4834  0.0000  1.0000  0.0000
   542 p.05420t0550n00262               0.0056  0.1636  0.4797  0.0000  1.0000  0.0000
   543 p.05430t0550n00262               0.0056  0.1684  0.4750  0.0000  1.0000  0.0000
   544 p.05440t0550n00262               0.0056  0.1681  0.4814  0.0000  1.0000  0.0000
   545 p.05450t0550n00262               0.0055  0.1679  0.4838  0.0000  1.0000  0.0000
   546 p.05460t0550n00262               0.0056  0.1657  0.4837  0.0000  1.0000  0.0000
   547 p.05470t0550n00262               0.0055  0.1680  0.4810  0.0000  1.0000  0.0000
   548 p.05480t0550n00262               0.0055  0.1676  0.4877  0.0000  1.0000  0.0000
   549 p.05490t0550n00262               0.0055  0.1676  0.4877  0.0000  1.0000  0.0000
   550 p.05500t0550n00262               0.0055  0.1655  0.4869  0.0000  1.0000  0.0000
   551 p.05510t0550n00262               0.0055  0.1676  0.4877  0.0000  1.0000  0.0000
   552 p.05520t0550n00262               0.0055  0.1676  0.4877  0.0000  1.0000  0.0000
   553 p.05530t0550n00262               0.0055  0.1676  0.4877  0.0000  1.0000  0.0000
   554 p.05540t0550n00262               0.0056  0.1657  0.4822  0.0000  1.0000  0.0000
   555 p.05550t0550n00262               0.0056  0.1659  0.4794  0.0000  1.0000  0.0000
   556 p.05560t0550n00262               0.0055  0.1679  0.4830  0.0000  1.0000  0.0000
   557 p.05570t0550n00262               0.0056  0.1657  0.4814  0.0000  1.0000  0.0000
   558 p.05580t0550n00262               0.0056  0.1681  0.4798  0.0000  1.0000  0.0000
   559 p.05590t0550n00262               0.0056  0.1659  0.4810  0.0000  1.0000  0.0000
   560 p.05600t0550n00262               0.0056  0.1681  0.4790  0.0000  1.0000  0.0000
   561 p.05610t0550n00262               0.0055  0.1679  0.4838  0.0000  1.0000  0.0000
   562 p.05620t0550n00262               0.0056  0.1690  0.4817  0.0000  1.0000  0.0000
   563 p.05630t0550n00262               0.0056  0.1700  0.4805  0.0000  1.0000  0.0000
   564 p.05640t0550n00262               0.0056  0.1685  0.4762  0.0000  1.0000  0.0000
   565 p.05650t0550n00262               0.0056  0.1681  0.4806  0.0000  1.0000  0.0000
   566 p.05660t0550n00262               0.0055  0.1679  0.4838  0.0000  1.0000  0.0000
   567 p.05670t0550n00262               0.0056  0.1683  0.4762  0.0000  1.0000  0.0000
   568 p.05680t0550n00262               0.0056  0.1683  0.4770  0.0000  1.0000  0.0000
   569 p.05690t0550n00262               0.0055  0.1680  0.4826  0.0000  1.0000  0.0000
   570 p.05700t0550n00262               0.0056  0.1681  0.4798  0.0000  1.0000  0.0000
   571 p.05710t0550n00262               0.0056  0.1685  0.4825  0.0000  1.0000  0.0000
   572 p.05720t0550n00262               0.0056  0.1738  0.4825  0.0000  1.0000  0.0000
   573 p.05730t0550n00262               0.0056  0.1681  0.4798  0.0000  1.0000  0.0000
   574 p.05740t0550n00262               0.0056  0.1683  0.4794  0.0000  1.0000  0.0000
   575 p.05750t0550n00262               0.0056  0.1684  0.4766  0.0000  1.0000  0.0000
   576 p.05760t0550n00262               0.0056  0.1684  0.4758  0.0000  1.0000  0.0000
   577 p.05770t0550n00262               0.0056  0.1657  0.4830  0.0000  1.0000  0.0000
   578 p.05780t0550n00262               0.0055  0.1680  0.4826  0.0000  1.0000  0.0000
   579 p.05790t0550n00262               0.0055  0.1680  0.4826  0.0000  1.0000  0.0000
   580 p.05800t0550n00262               0.0055  0.1679  0.4838  0.0000  1.0000  0.0000
   581 p.05810t0550n00262               0.0055  0.1680  0.4826  0.0000  1.0000  0.0000
   582 p.05820t0550n00262               0.0055  0.1677  0.4866  0.0000  1.0000  0.0000
   583 p.05830t0550n00262               0.0056  0.1659  0.4833  0.0000  1.0000  0.0000
   584 p.05840t0550n00262               0.0056  0.1683  0.4770  0.0000  1.0000  0.0000
   585 p.05850t0550n00262               0.0056  0.1683  0.4770  0.0000  1.0000  0.0000
   586 p.05860t0550n00262               0.0056  0.1684  0.4774  0.0000  1.0000  0.0000
   587 p.05870t0550n00262               0.0055  0.1677  0.4866  0.0000  1.0000  0.0000
   588 p.05880t0550n00262               0.0056  0.1657  0.4830  0.0000  1.0000  0.0000
   589 p.05890t0550n00262               0.0055  0.1679  0.4838  0.0000  1.0000  0.0000
   590 p.05900t0550n00262               0.0087  0.1656  0.4635  0.0000  1.0000  0.0000
   591 p.05910t0550n00262               0.0055  0.1679  0.4838  0.0000  1.0000  0.0000
   592 p.05920t0550n00262               0.0056  0.1665  0.4861  0.0000  1.0000  0.0000
   593 p.05930t0550n00262               0.0056  0.1657  0.4822  0.0000  1.0000  0.0000
   594 p.05940t0550n00262               0.0056  0.1681  0.4798  0.0000  1.0000  0.0000
   595 p.05950t0550n00262               0.0056  0.1683  0.4794  0.0000  1.0000  0.0000
   596 p.05960t0550n00262               0.0056  0.1691  0.4761  0.0000  1.0000  0.0000
   597 p.05970t0550n00262               0.0056  0.1660  0.4797  0.0000  1.0000  0.0000
   598 p.05980t0550n00262               0.0056  0.1657  0.4830  0.0000  1.0000  0.0000
   599 p.05990t0550n00262               0.0056  0.1638  0.4777  0.0000  1.0000  0.0000
   600 p.06000t0550n00262               0.0056  0.1683  0.4770  0.0000  1.0000  0.0000
   601 p.06010t0550n00262               0.0048  0.1642  0.4845  0.0000  1.0000  0.0000
   602 p.06020t0550n00262               0.0048  0.1647  0.4757  0.0000  1.0000  0.0000
   603 p.06030t0550n00262               0.0048  0.1597  0.4885  0.0000  1.0000  0.0000
   604 p.06040t0550n00262               0.0048  0.1619  0.4857  0.0000  1.0000  0.0000
   605 p.06050t0550n00262               0.0048  0.1619  0.4865  0.0000  1.0000  0.0000
   606 p.06060t0550n00262               0.0048  0.1643  0.4825  0.0000  1.0000  0.0000
   607 p.06070t0550n00262               0.0048  0.1640  0.4849  0.0000  1.0000  0.0000
   608 p.06080t0550n00262               0.0048  0.1698  0.4857  0.0000  1.0000  0.0000
   609 p.06090t0550n00262               0.0055  0.1679  0.4838  0.0000  1.0000  0.0000
   610 p.06100t0550n00262               0.0048  0.1640  0.4857  0.0000  1.0000  0.0000
   611 p.06110t0550n00262               0.0048  0.1595  0.4889  0.0000  1.0000  0.0000
   612 p.06120t0550n00262               0.0048  0.1642  0.4830  0.0000  1.0000  0.0000
   613 p.06130t0550n00262               0.0048  0.1644  0.4790  0.0000  1.0000  0.0000
   614 p.06140t0550n00262               0.0048  0.1619  0.4833  0.0000  1.0000  0.0000
   615 p.06150t0550n00262               0.0048  0.1642  0.4822  0.0000  1.0000  0.0000
   616 p.06160t0550n00262               0.0048  0.1645  0.4769  0.0000  1.0000  0.0000
   617 p.06170t0550n00262               0.0048  0.1642  0.4830  0.0000  1.0000  0.0000
   618 p.06180t0550n00262               0.0048  0.1618  0.4861  0.0000  1.0000  0.0000
   619 p.06190t0550n00262               0.0048  0.1655  0.4837  0.0000  1.0000  0.0000
   620 p.06200t0550n00262               0.0048  0.1645  0.4777  0.0000  1.0000  0.0000
   621 p.06210t0550n00262               0.0048  0.1640  0.4842  0.0000  1.0000  0.0000
   622 p.06220t0550n00262               0.0048  0.1642  0.4822  0.0000  1.0000  0.0000
   623 p.06230t0550n00262               0.0048  0.1652  0.4805  0.0000  1.0000  0.0000
   624 p.06240t0550n00262               0.0048  0.1619  0.4865  0.0000  1.0000  0.0000
   625 p.06250t0550n00262               0.0048  0.1616  0.4881  0.0000  1.0000  0.0000
   626 p.06260t0550n00262               0.0048  0.1619  0.4849  0.0000  1.0000  0.0000
   627 p.06270t0550n00262               0.0048  0.1630  0.4785  0.0000  1.0000  0.0000
   628 p.06280t0550n00262               0.0048  0.1653  0.4769  0.0000  1.0000  0.0000
   629 p.06290t0550n00262               0.0048  0.1661  0.4833  0.0000  1.0000  0.0000
   630 p.06300t0550n00262               0.0048  0.1642  0.4845  0.0000  1.0000  0.0000
   631 p.06310t0550n00262               0.0048  0.1643  0.4817  0.0000  1.0000  0.0000
   632 p.06320t0550n00262               0.0048  0.1676  0.4734  0.0000  1.0000  0.0000
   633 p.06330t0550n00262               0.0056  0.1683  0.4794  0.0000  1.0000  0.0000
   634 p.06340t0550n00262               0.0056  0.1681  0.4806  0.0000  1.0000  0.0000
   635 p.06350t0550n00262               0.0056  0.1683  0.4786  0.0000  1.0000  0.0000
   636 p.06360t0550n00262               0.0056  0.1681  0.4806  0.0000  1.0000  0.0000
   637 p.06370t0550n00262               0.0055  0.1655  0.4861  0.0000  1.0000  0.0000
   638 p.06380t0550n00262               0.0055  0.1680  0.4834  0.0000  1.0000  0.0000
   639 p.06390t0550n00262               0.0055  0.1679  0.4838  0.0000  1.0000  0.0000
   640 p.06400t0550n00262               0.0055  0.1680  0.4810  0.0000  1.0000  0.0000
   641 p.06410t0550n00262               0.0056  0.1657  0.4814  0.0000  1.0000  0.0000
   642 p.06420t0550n00262               0.0055  0.1710  0.4893  0.0000  1.0000  0.0000
   643 p.06430t0550n00262               0.0056  0.1721  0.4837  0.0000  1.0000  0.0000
   644 p.06440t0550n00262               0.0055  0.1710  0.4893  0.0000  1.0000  0.0000
   645 p.06450t0550n00262               0.0055  0.1712  0.4897  0.0000  1.0000  0.0000
   646 p.06460t0550n00262               0.0056  0.1713  0.4877  0.0000  1.0000  0.0000
   647 p.06470t0550n00262               0.0064  0.1685  0.4785  0.0000  1.0000  0.0000
   648 p.06480t0550n00262               0.0056  0.1718  0.4797  0.0000  1.0000  0.0000
   649 p.06490t0550n00262               0.0055  0.1688  0.4865  0.0000  1.0000  0.0000
   650 p.06500t0550n00262               0.0055  0.1679  0.4838  0.0000  1.0000  0.0000
   651 p.06510t0550n00262               0.0055  0.1679  0.4838  0.0000  1.0000  0.0000
   652 p.06520t0550n00262               0.0055  0.1679  0.4838  0.0000  1.0000  0.0000
   653 p.06530t0550n00262               0.0055  0.1680  0.4810  0.0000  1.0000  0.0000
   654 p.06540t0550n00262               0.0071  0.1818  0.4419  0.0000  1.0000  0.0000
   655 p.06550t0550n00262               0.0055  0.1680  0.4810  0.0000  1.0000  0.0000
   656 p.06560t0550n00262               0.0055  0.1677  0.4866  0.0000  1.0000  0.0000
   657 p.06570t0550n00262               0.0055  0.1677  0.4866  0.0000  1.0000  0.0000
   658 p.06580t0550n00262               0.0055  0.1677  0.4866  0.0000  1.0000  0.0000
   659 p.06590t0550n00262               0.0048  0.1642  0.4837  0.0000  1.0000  0.0000
   660 p.06600t0550n00262               0.0048  0.1642  0.4837  0.0000  1.0000  0.0000
   661 p.06610t0550n00262               0.0048  0.1640  0.4857  0.0000  1.0000  0.0000
   662 p.06620t0550n00262               0.0048  0.1643  0.4825  0.0000  1.0000  0.0000
   663 p.06630t0550n00262               0.0048  0.1676  0.4853  0.0000  1.0000  0.0000
   664 p.06640t0550n00262               0.0071  0.1664  0.4667  0.0000  1.0000  0.0000
   665 p.06650t0550n00262               0.0048  0.1640  0.4817  0.0000  1.0000  0.0000
   666 p.06660t0550n00262               0.0048  0.1684  0.4861  0.0000  1.0000  0.0000
   667 p.06670t0550n00262               0.0048  0.1701  0.4809  0.0000  1.0000  0.0000
   668 p.06680t0550n00262               0.0048  0.1710  0.4853  0.0000  1.0000  0.0000
   669 p.06690t0550n00262               0.0048  0.1675  0.4889  0.0000  1.0000  0.0000
   670 p.06700t0550n00262               0.0048  0.1697  0.4869  0.0000  1.0000  0.0000
   671 p.06710t0550n00262               0.0048  0.1675  0.4889  0.0000  1.0000  0.0000
   672 p.06720t0550n00262               0.0048  0.1675  0.4889  0.0000  1.0000  0.0000
   673 p.06730t0550n00262               0.0056  0.1668  0.4861  0.0000  1.0000  0.0000
   674 p.06740t0550n00262               0.0056  0.1690  0.4833  0.0000  1.0000  0.0000
   675 p.06750t0550n00262               0.0056  0.1667  0.4865  0.0000  1.0000  0.0000
   676 p.06760t0550n00262               0.0056  0.1713  0.4837  0.0000  1.0000  0.0000
   677 p.06770t0550n00262               0.0056  0.1713  0.4837  0.0000  1.0000  0.0000
   678 p.06780t0550n00262               0.0056  0.1690  0.4841  0.0000  1.0000  0.0000
   679 p.06790t0550n00262               0.0056  0.1664  0.4697  0.0000  1.0000  0.0000
   680 p.06800t0550n00262               0.0048  0.1664  0.4896  0.0000  1.0000  0.0000
   681 p.06810t0550n00262               0.0056  0.1687  0.4668  0.0000  1.0000  0.0000
   682 p.06820t0550n00262               0.0048  0.1713  0.4821  0.0000  1.0000  0.0000
   683 p.06830t0550n00262               0.0048  0.1687  0.4805  0.0000  1.0000  0.0000
   684 p.06840t0550n00262               0.0048  0.1677  0.4825  0.0000  1.0000  0.0000
   685 p.06850t0550n00262               0.0048  0.1687  0.4805  0.0000  1.0000  0.0000
   686 p.06860t0550n00262               0.0048  0.1701  0.4801  0.0000  1.0000  0.0000
   687 p.06870t0550n00262               0.0048  0.1701  0.4817  0.0000  1.0000  0.0000
   688 p.06880t0550n00262               0.0056  0.1739  0.4782  0.0000  1.0000  0.0000
   689 p.06890t0550n00262               0.0056  0.1716  0.4821  0.0000  1.0000  0.0000
   690 p.06900t0550n00262               0.0056  0.1739  0.4790  0.0000  1.0000  0.0000
   691 p.06910t0550n00262               0.0056  0.1738  0.4810  0.0000  1.0000  0.0000
   692 p.06920t0550n00262               0.0056  0.1744  0.4713  0.0000  1.0000  0.0000
   693 p.06930t0550n00262               0.0056  0.1717  0.4801  0.0000  1.0000  0.0000
   694 p.06940t0550n00262               0.0056  0.1716  0.4829  0.0000  1.0000  0.0000
   695 p.06950t0550n00262               0.0056  0.1671  0.4837  0.0000  1.0000  0.0000
   696 p.06960t0550n00262               0.0056  0.1739  0.4790  0.0000  1.0000  0.0000
   697 p.06970t0550n00262               0.0048  0.1697  0.4885  0.0000  1.0000  0.0000
   698 p.06980t0550n00262               0.0048  0.1683  0.4793  0.0000  1.0000  0.0000
   699 p.06990t0550n00262               0.0048  0.1697  0.4885  0.0000  1.0000  0.0000
   700 p.07000t0550n00262               0.0048  0.1683  0.4777  0.0000  1.0000  0.0000
   701 p.07010t0550n00262               0.0048  0.1663  0.4789  0.0000  1.0000  0.0000
   702 p.07020t0550n00262               0.0055  0.1680  0.4818  0.0000  1.0000  0.0000
   703 p.07030t0550n00262               0.0056  0.1657  0.4830  0.0000  1.0000  0.0000
   704 p.07040t0550n00262               0.0055  0.1679  0.4838  0.0000  1.0000  0.0000
   705 p.07050t0550n00262               0.0055  0.1679  0.4838  0.0000  1.0000  0.0000
   706 p.07060t0550n00262               0.0055  0.1679  0.4838  0.0000  1.0000  0.0000
   707 p.07070t0550n00262               0.0055  0.1677  0.4866  0.0000  1.0000  0.0000
   708 p.07080t0550n00262               0.0055  0.1677  0.4866  0.0000  1.0000  0.0000
   709 p.07090t0550n00262               0.0056  0.1667  0.4817  0.0000  1.0000  0.0000
   710 p.07100t0550n00262               0.0055  0.1679  0.4838  0.0000  1.0000  0.0000
   711 p.07110t0550n00262               0.0055  0.1656  0.4865  0.0000  1.0000  0.0000
   712 p.07120t0550n00262               0.0055  0.1679  0.4838  0.0000  1.0000  0.0000
   713 p.07130t0550n00262               0.0055  0.1680  0.4834  0.0000  1.0000  0.0000
   714 p.07140t0550n00262               0.0056  0.1660  0.4805  0.0000  1.0000  0.0000
   715 p.07150t0550n00262               0.0056  0.1681  0.4790  0.0000  1.0000  0.0000
   716 p.07160t0550n00262               0.0056  0.1685  0.4746  0.0000  1.0000  0.0000
   717 p.07170t0550n00262               0.0056  0.1681  0.4814  0.0000  1.0000  0.0000
   718 p.07180t0550n00262               0.0055  0.1680  0.4818  0.0000  1.0000  0.0000
   719 p.07190t0550n00262               0.0055  0.1679  0.4838  0.0000  1.0000  0.0000
   720 p.07200t0550n00262               0.0056  0.1681  0.4806  0.0000  1.0000  0.0000
   721 p.07210t0550n00262               0.0055  0.1680  0.4818  0.0000  1.0000  0.0000
   722 p.07220t0550n00262               0.0056  0.1684  0.4750  0.0000  1.0000  0.0000
   723 p.07230t0550n00262               0.0056  0.1634  0.4837  0.0000  1.0000  0.0000
   724 p.07240t0550n00262               0.0056  0.1636  0.4805  0.0000  1.0000  0.0000
   725 p.07250t0550n00262               0.0071  0.1746  0.4556  0.0000  1.0000  0.0000
   726 p.07260t0550n00262               0.0056  0.1683  0.4810  0.0000  1.0000  0.0000
   727 p.07270t0550n00262               0.0055  0.1680  0.4818  0.0000  1.0000  0.0000
   728 p.07280t0550n00262               0.0055  0.1677  0.4866  0.0000  1.0000  0.0000
   729 p.07290t0550n00262               0.0055  0.1679  0.4838  0.0000  1.0000  0.0000
   730 p.07300t0550n00262               0.0055  0.1677  0.4866  0.0000  1.0000  0.0000
   731 p.07310t0550n00262               0.0055  0.1677  0.4866  0.0000  1.0000  0.0000
   732 p.07320t0550n00262               0.0055  0.1685  0.4897  0.0000  1.0000  0.0000
   733 p.07330t0550n00262               0.0056  0.1681  0.4806  0.0000  1.0000  0.0000
   734 p.07340t0550n00262               0.0056  0.1660  0.4805  0.0000  1.0000  0.0000
   735 p.07350t0550n00262               0.0055  0.1680  0.4810  0.0000  1.0000  0.0000
   736 p.07360t0550n00262               0.0056  0.1659  0.4770  0.0000  1.0000  0.0000
   737 p.07370t0550n00262               0.0055  0.1680  0.4810  0.0000  1.0000  0.0000
   738 p.07380t0550n00262               0.0056  0.1681  0.4822  0.0000  1.0000  0.0000
   739 p.07390t0550n00262               0.0055  0.1680  0.4818  0.0000  1.0000  0.0000
   740 p.07400t0550n00262               0.0056  0.1685  0.4777  0.0000  1.0000  0.0000
   741 p.07410t0550n00262               0.0056  0.1661  0.4801  0.0000  1.0000  0.0000
   742 p.07420t0550n00262               0.0055  0.1679  0.4838  0.0000  1.0000  0.0000
   743 p.07430t0550n00262               0.0056  0.1657  0.4830  0.0000  1.0000  0.0000
   744 p.07440t0550n00262               0.0056  0.1636  0.4837  0.0000  1.0000  0.0000
   745 p.07450t0550n00262               0.0055  0.1679  0.4838  0.0000  1.0000  0.0000
   746 p.07460t0550n00262               0.0055  0.1655  0.4861  0.0000  1.0000  0.0000
   747 p.07470t0550n00262               0.0055  0.1655  0.4869  0.0000  1.0000  0.0000
   748 p.07480t0550n00262               0.0055  0.1676  0.4877  0.0000  1.0000  0.0000
   749 p.07490t0550n00262               0.0055  0.1676  0.4877  0.0000  1.0000  0.0000
   750 p.07500t0550n00262               0.0055  0.1712  0.4889  0.0000  1.0000  0.0000
   751 p.07510t0550n00262               0.0056  0.1689  0.4822  0.0000  1.0000  0.0000
   752 p.07520t0550n00262               0.0055  0.1679  0.4846  0.0000  1.0000  0.0000
   753 p.07530t0550n00262               0.0055  0.1679  0.4846  0.0000  1.0000  0.0000
   754 p.07540t0550n00262               0.0055  0.1656  0.4873  0.0000  1.0000  0.0000
   755 p.07550t0550n00262               0.0055  0.1676  0.4877  0.0000  1.0000  0.0000
   756 p.07560t0550n00262               0.0055  0.1679  0.4846  0.0000  1.0000  0.0000
   757 p.07570t0550n00262               0.0055  0.1679  0.4838  0.0000  1.0000  0.0000
   758 p.07580t0550n00262               0.0055  0.1686  0.4854  0.0000  1.0000  0.0000
   759 p.07590t0550n00262               0.0056  0.1683  0.4754  0.0000  1.0000  0.0000
   760 p.07600t0550n00262               0.0056  0.1681  0.4814  0.0000  1.0000  0.0000
   761 p.07610t0550n00262               0.0056  0.1681  0.4790  0.0000  1.0000  0.0000
   762 p.07620t0550n00262               0.0056  0.1685  0.4738  0.0000  1.0000  0.0000
   763 p.07630t0550n00262               0.0056  0.1681  0.4782  0.0000  1.0000  0.0000
   764 p.07640t0550n00262               0.0055  0.1679  0.4838  0.0000  1.0000  0.0000
   765 p.07650t0550n00262               0.0056  0.1684  0.4782  0.0000  1.0000  0.0000
   766 p.07660t0550n00262               0.0056  0.1693  0.4785  0.0000  1.0000  0.0000
   767 p.07670t0550n00262               0.0056  0.1683  0.4802  0.0000  1.0000  0.0000
   768 p.07680t0550n00262               0.0056  0.1717  0.4793  0.0000  1.0000  0.0000
   769 p.07690t0550n00262               0.0087  0.1714  0.4214  0.0000  1.0000  0.0000
   770 p.07700t0550n00262               0.0055  0.1679  0.4830  0.0000  1.0000  0.0000
   771 p.07710t0550n00262               0.0055  0.1679  0.4830  0.0000  1.0000  0.0000
   772 p.07720t0550n00262               0.0055  0.1679  0.4830  0.0000  1.0000  0.0000
   773 p.07730t0550n00262               0.0055  0.1712  0.4865  0.0000  1.0000  0.0000
   774 p.07740t0550n00262               0.0055  0.1712  0.4881  0.0000  1.0000  0.0000
   775 p.07750t0550n00262               0.0056  0.1706  0.4802  0.0000  1.0000  0.0000
   776 p.07760t0550n00262               0.0055  0.1679  0.4838  0.0000  1.0000  0.0000
   777 p.07770t0550n00262               0.0055  0.1679  0.4838  0.0000  1.0000  0.0000
   778 p.07780t0550n00262               0.0056  0.1681  0.4806  0.0000  1.0000  0.0000
   779 p.07790t0550n00262               0.0055  0.1679  0.4838  0.0000  1.0000  0.0000
   780 p.07800t0550n00262               0.0056  0.1701  0.4777  0.0000  1.0000  0.0000
   781 p.07810t0550n00262               0.0055  0.1680  0.4826  0.0000  1.0000  0.0000
   782 p.07820t0550n00262               0.0055  0.1679  0.4838  0.0000  1.0000  0.0000
   783 p.07830t0550n00262               0.0079  0.1685  0.4723  0.0000  1.0000  0.0000
   784 p.07840t0550n00262               0.0056  0.1659  0.4802  0.0000  1.0000  0.0000
   785 p.07850t0550n00262               0.0056  0.1681  0.4798  0.0000  1.0000  0.0000
   786 p.07860t0550n00262               0.0056  0.1661  0.4730  0.0000  1.0000  0.0000
   787 p.07870t0550n00262               0.0048  0.1645  0.4754  0.0000  1.0000  0.0000
   788 p.07880t0550n00262               0.0048  0.1644  0.4797  0.0000  1.0000  0.0000
   789 p.07890t0550n00262               0.0048  0.1640  0.4857  0.0000  1.0000  0.0000
   790 p.07900t0550n00262               0.0048  0.1643  0.4817  0.0000  1.0000  0.0000
   791 p.07910t0550n00262               0.0048  0.1623  0.4805  0.0000  1.0000  0.0000
   792 p.07920t0550n00262               0.0048  0.1624  0.4753  0.0000  1.0000  0.0000
   793 p.07930t0550n00262               0.0048  0.1623  0.4789  0.0000  1.0000  0.0000
   794 p.07940t0550n00262               0.0048  0.1643  0.4825  0.0000  1.0000  0.0000
   795 p.07950t0550n00262               0.0048  0.1643  0.4825  0.0000  1.0000  0.0000
   796 p.07960t0550n00262               0.0048  0.1642  0.4830  0.0000  1.0000  0.0000
   797 p.07970t0550n00262               0.0048  0.1642  0.4845  0.0000  1.0000  0.0000
   798 p.07980t0550n00262               0.0048  0.1640  0.4857  0.0000  1.0000  0.0000
   799 p.07990t0550n00262               0.0048  0.1642  0.4830  0.0000  1.0000  0.0000
   800 p.08000t0550n00262               0.0048  0.1619  0.4817  0.0000  1.0000  0.0000
   801 p.08010t0550n00262               0.0055  0.1656  0.4842  0.0000  1.0000  0.0000
   802 p.08020t0550n00262               0.0056  0.1681  0.4782  0.0000  1.0000  0.0000
   803 p.08030t0550n00262               0.0056  0.1681  0.4806  0.0000  1.0000  0.0000
   804 p.08040t0550n00262               0.0055  0.1679  0.4838  0.0000  1.0000  0.0000
   805 p.08050t0550n00262               0.0055  0.1680  0.4842  0.0000  1.0000  0.0000
   806 p.08060t0550n00262               0.0055  0.1680  0.4834  0.0000  1.0000  0.0000
   807 p.08070t0550n00262               0.0055  0.1679  0.4838  0.0000  1.0000  0.0000
   808 p.08080t0550n00262               0.0055  0.1679  0.4838  0.0000  1.0000  0.0000
   809 p.08090t0550n00262               0.0055  0.1679  0.4838  0.0000  1.0000  0.0000
   810 p.08100t0550n00262               0.0055  0.1679  0.4838  0.0000  1.0000  0.0000
   811 p.08110t0550n00262               0.0056  0.1681  0.4806  0.0000  1.0000  0.0000
   812 p.08120t0550n00262               0.0055  0.1677  0.4866  0.0000  1.0000  0.0000
   813 p.08130t0550n00262               0.0055  0.1677  0.4866  0.0000  1.0000  0.0000
   814 p.08140t0550n00262               0.0056  0.1713  0.4830  0.0000  1.0000  0.0000
   815 p.08150t0550n00262               0.0056  0.1659  0.4810  0.0000  1.0000  0.0000
   816 p.08160t0550n00262               0.0056  0.1661  0.4777  0.0000  1.0000  0.0000
   817 p.08170t0550n00262               0.0056  0.1681  0.4806  0.0000  1.0000  0.0000
   818 p.08180t0550n00262               0.0055  0.1679  0.4838  0.0000  1.0000  0.0000
   819 p.08190t0550n00262               0.0056  0.1681  0.4798  0.0000  1.0000  0.0000
   820 p.08200t0550n00262               0.0056  0.1684  0.4758  0.0000  1.0000  0.0000
   821 p.08210t0550n00262               0.0055  0.1680  0.4818  0.0000  1.0000  0.0000
   822 p.08220t0550n00262               0.0056  0.1657  0.4822  0.0000  1.0000  0.0000
   823 p.08230t0550n00262               0.0056  0.1659  0.4802  0.0000  1.0000  0.0000
   824 p.08240t0550n00262               0.0055  0.1680  0.4810  0.0000  1.0000  0.0000
   825 p.08250t0550n00262               0.0056  0.1688  0.4761  0.0000  1.0000  0.0000
   826 p.08260t0550n00262               0.0056  0.1657  0.4814  0.0000  1.0000  0.0000
   827 p.08270t0550n00262               0.0055  0.1656  0.4810  0.0000  1.0000  0.0000
   828 p.08280t0550n00262               0.0056  0.1667  0.4817  0.0000  1.0000  0.0000
   829 p.08290t0550n00262               0.0055  0.1679  0.4830  0.0000  1.0000  0.0000
   830 p.08300t0550n00262               0.0055  0.1656  0.4834  0.0000  1.0000  0.0000
   831 p.08310t0550n00262               0.0056  0.1692  0.4782  0.0000  1.0000  0.0000
   832 p.08320t0550n00262               0.0055  0.1679  0.4838  0.0000  1.0000  0.0000
   833 p.08330t0550n00262               0.0055  0.1679  0.4846  0.0000  1.0000  0.0000
   834 p.08340t0550n00262               0.0055  0.1677  0.4881  0.0000  1.0000  0.0000
   835 p.08350t0550n00262               0.0055  0.1677  0.4850  0.0000  1.0000  0.0000
   836 p.08360t0550n00262               0.0056  0.1689  0.4837  0.0000  1.0000  0.0000
   837 p.08370t0550n00262               0.0055  0.1677  0.4866  0.0000  1.0000  0.0000
   838 p.08380t0550n00262               0.0055  0.1677  0.4866  0.0000  1.0000  0.0000
   839 p.08390t0550n00262               0.0055  0.1679  0.4838  0.0000  1.0000  0.0000
   840 p.08400t0550n00262               0.0055  0.1694  0.4869  0.0000  1.0000  0.0000
   841 p.08410t0550n00262               0.0055  0.1686  0.4877  0.0000  1.0000  0.0000
   842 p.08420t0550n00262               0.0055  0.1679  0.4846  0.0000  1.0000  0.0000
   843 p.08430t0550n00262               0.0055  0.1679  0.4846  0.0000  1.0000  0.0000
   844 p.08440t0550n00262               0.0063  0.1710  0.4671  0.0000  1.0000  0.0000
   845 p.08450t0550n00262               0.0056  0.1681  0.4814  0.0000  1.0000  0.0000
   846 p.08460t0550n00262               0.0056  0.1684  0.4837  0.0000  1.0000  0.0000
   847 p.08470t0550n00262               0.0056  0.1681  0.4806  0.0000  1.0000  0.0000
   848 p.08480t0550n00262               0.0056  0.1692  0.4790  0.0000  1.0000  0.0000
   849 p.08490t0550n00262               0.0056  0.1681  0.4806  0.0000  1.0000  0.0000
   850 p.08500t0550n00262               0.0055  0.1680  0.4810  0.0000  1.0000  0.0000
   851 p.08510t0550n00262               0.0056  0.1683  0.4778  0.0000  1.0000  0.0000
   852 p.08520t0550n00262               0.0055  0.1679  0.4838  0.0000  1.0000  0.0000
   853 p.08530t0550n00262               0.0055  0.1680  0.4818  0.0000  1.0000  0.0000
   854 p.08540t0550n00262               0.0087  0.1659  0.4635  0.0000  1.0000  0.0000
   855 p.08550t0550n00262               0.0055  0.1680  0.4810  0.0000  1.0000  0.0000
   856 p.08560t0550n00262               0.0056  0.1683  0.4778  0.0000  1.0000  0.0000
   857 p.08570t0550n00262               0.0055  0.1680  0.4810  0.0000  1.0000  0.0000
   858 p.08580t0550n00262               0.0056  0.1681  0.4806  0.0000  1.0000  0.0000
   859 p.08590t0550n00262               0.0064  0.1684  0.4694  0.0000  1.0000  0.0000
   860 p.08600t0550n00262               0.0056  0.1681  0.4798  0.0000  1.0000  0.0000
   861 p.08610t0550n00262               0.0056  0.1701  0.4698  0.0000  1.0000  0.0000
   862 p.08620t0550n00262               0.0071  0.1730  0.4714  0.0000  1.0000  0.0000
   863 p.08630t0550n00262               0.0056  0.1659  0.4825  0.0000  1.0000  0.0000
   864 p.08640t0550n00262               0.0055  0.1680  0.4810  0.0000  1.0000  0.0000
   865 p.08650t0550n00262               0.0056  0.1659  0.4817  0.0000  1.0000  0.0000
   866 p.08660t0550n00262               0.0056  0.1681  0.4806  0.0000  1.0000  0.0000
   867 p.08670t0550n00262               0.0055  0.1677  0.4866  0.0000  1.0000  0.0000
   868 p.08680t0550n00262               0.0055  0.1677  0.4866  0.0000  1.0000  0.0000
   869 p.08690t0550n00262               0.0055  0.1677  0.4866  0.0000  1.0000  0.0000
   870 p.08700t0550n00262               0.0055  0.1676  0.4877  0.0000  1.0000  0.0000
   871 p.08710t0550n00262               0.0055  0.1676  0.4877  0.0000  1.0000  0.0000
   872 p.08720t0550n00262               0.0055  0.1679  0.4846  0.0000  1.0000  0.0000
   873 p.08730t0550n00262               0.0055  0.1679  0.4838  0.0000  1.0000  0.0000
   874 p.08740t0550n00262               0.0055  0.1679  0.4830  0.0000  1.0000  0.0000
   875 p.08750t0550n00262               0.0055  0.1676  0.4877  0.0000  1.0000  0.0000
   876 p.08760t0550n00262               0.0055  0.1676  0.4877  0.0000  1.0000  0.0000
   877 p.08770t0550n00262               0.0055  0.1676  0.4877  0.0000  1.0000  0.0000
   878 p.08780t0550n00262               0.0055  0.1653  0.4905  0.0000  1.0000  0.0000
   879 p.08790t0550n00262               0.0055  0.1679  0.4846  0.0000  1.0000  0.0000
   880 p.08800t0550n00262               0.0055  0.1676  0.4877  0.0000  1.0000  0.0000
   881 p.08810t0550n00262               0.0055  0.1676  0.4877  0.0000  1.0000  0.0000
   882 p.08820t0550n00262               0.0055  0.1676  0.4877  0.0000  1.0000  0.0000
   883 p.08830t0550n00262               0.0056  0.1681  0.4806  0.0000  1.0000  0.0000
   884 p.08840t0550n00262               0.0055  0.1712  0.4762  0.0000  1.0000  0.0000
   885 p.08850t0550n00262               0.0055  0.1677  0.4866  0.0000  1.0000  0.0000
   886 p.08860t0550n00262               0.0055  0.1677  0.4866  0.0000  1.0000  0.0000
   887 p.08870t0550n00262               0.0055  0.1688  0.4865  0.0000  1.0000  0.0000
   888 p.08880t0550n00262               0.0055  0.1677  0.4866  0.0000  1.0000  0.0000
   889 p.08890t0550n00262               0.0055  0.1679  0.4838  0.0000  1.0000  0.0000
   890 p.08900t0550n00262               0.0055  0.1680  0.4818  0.0000  1.0000  0.0000
   891 p.08910t0550n00262               0.0056  0.1700  0.4774  0.0000  1.0000  0.0000
   892 p.08920t0550n00262               0.0055  0.1679  0.4830  0.0000  1.0000  0.0000
   893 p.08930t0550n00262               0.0056  0.1681  0.4798  0.0000  1.0000  0.0000
   894 p.08940t0550n00262               0.0055  0.1680  0.4810  0.0000  1.0000  0.0000
   895 p.08950t0550n00262               0.0055  0.1679  0.4830  0.0000  1.0000  0.0000
   896 p.08960t0550n00262               0.0055  0.1677  0.4866  0.0000  1.0000  0.0000
   897 p.08970t0550n00262               0.0055  0.1677  0.4866  0.0000  1.0000  0.0000
   898 p.08980t0550n00262               0.0055  0.1677  0.4866  0.0000  1.0000  0.0000
   899 p.08990t0550n00262               0.0056  0.1660  0.4774  0.0000  1.0000  0.0000
   900 p.09000t0550n00262               0.0056  0.1683  0.4786  0.0000  1.0000  0.0000
   901 p.09010t0550n00262               0.0056  0.1684  0.4766  0.0000  1.0000  0.0000
   902 p.09020t0550n00262               0.0056  0.1684  0.4758  0.0000  1.0000  0.0000
   903 p.09030t0550n00262               0.0056  0.1683  0.4770  0.0000  1.0000  0.0000
   904 p.09040t0550n00262               0.0056  0.1714  0.4810  0.0000  1.0000  0.0000
   905 p.09050t0550n00262               0.0056  0.1683  0.4762  0.0000  1.0000  0.0000
   906 p.09060t0550n00262               0.0056  0.1684  0.4742  0.0000  1.0000  0.0000
   907 p.09070t0550n00262               0.0056  0.1689  0.4837  0.0000  1.0000  0.0000
   908 p.09080t0550n00262               0.0055  0.1655  0.4861  0.0000  1.0000  0.0000
   909 p.09090t0550n00262               0.0056  0.1681  0.4806  0.0000  1.0000  0.0000
   910 p.09100t0550n00262               0.0055  0.1679  0.4846  0.0000  1.0000  0.0000
   911 p.09110t0550n00262               0.0055  0.1679  0.4846  0.0000  1.0000  0.0000
   912 p.09120t0550n00262               0.0055  0.1676  0.4877  0.0000  1.0000  0.0000
   913 p.09130t0550n00262               0.0055  0.1676  0.4877  0.0000  1.0000  0.0000
   914 p.09140t0550n00262               0.0056  0.1681  0.4806  0.0000  1.0000  0.0000
   915 p.09150t0550n00262               0.0055  0.1676  0.4877  0.0000  1.0000  0.0000
   916 p.09160t0550n00262               0.0055  0.1676  0.4877  0.0000  1.0000  0.0000
   917 p.09170t0550n00262               0.0055  0.1680  0.4818  0.0000  1.0000  0.0000
   918 p.09180t0550n00262               0.0055  0.1656  0.4873  0.0000  1.0000  0.0000
   919 p.09190t0550n00262               0.0055  0.1676  0.4877  0.0000  1.0000  0.0000
   920 p.09200t0550n00262               0.0055  0.1676  0.4877  0.0000  1.0000  0.0000
   921 p.09210t0550n00262               0.0055  0.1679  0.4846  0.0000  1.0000  0.0000
   922 p.09220t0550n00262               0.0056  0.1660  0.4782  0.0000  1.0000  0.0000
   923 p.09230t0550n00262               0.0056  0.1675  0.4737  0.0000  1.0000  0.0000
   924 p.09240t0550n00262               0.0056  0.1685  0.4730  0.0000  1.0000  0.0000
   925 p.09250t0550n00262               0.0056  0.1681  0.4790  0.0000  1.0000  0.0000
   926 p.09260t0550n00262               0.0055  0.1679  0.4830  0.0000  1.0000  0.0000
   927 p.09270t0550n00262               0.0056  0.1684  0.4750  0.0000  1.0000  0.0000
   928 p.09280t0550n00262               0.0055  0.1676  0.4877  0.0000  1.0000  0.0000
   929 p.09290t0550n00262               0.0055  0.1677  0.4866  0.0000  1.0000  0.0000
   930 p.09300t0550n00262               0.0055  0.1676  0.4877  0.0000  1.0000  0.0000
   931 p.09310t0550n00262               0.0055  0.1679  0.4846  0.0000  1.0000  0.0000
   932 p.09320t0550n00262               0.0055  0.1680  0.4810  0.0000  1.0000  0.0000
   933 p.09330t0550n00262               0.0055  0.1680  0.4810  0.0000  1.0000  0.0000
   934 p.09340t0550n00262               0.0055  0.1676  0.4877  0.0000  1.0000  0.0000
   935 p.09350t0550n00262               0.0055  0.1655  0.4869  0.0000  1.0000  0.0000
   936 p.09360t0550n00262               0.0056  0.1657  0.4845  0.0000  1.0000  0.0000
   937 p.09370t0550n00262               0.0056  0.1657  0.4814  0.0000  1.0000  0.0000
   938 p.09380t0550n00262               0.0056  0.1657  0.4806  0.0000  1.0000  0.0000
   939 p.09390t0550n00262               0.0056  0.1689  0.4830  0.0000  1.0000  0.0000
   940 p.09400t0550n00262               0.0056  0.1683  0.4778  0.0000  1.0000  0.0000
   941 p.09410t0550n00262               0.0055  0.1656  0.4810  0.0000  1.0000  0.0000
   942 p.09420t0550n00262               0.0056  0.1657  0.4822  0.0000  1.0000  0.0000
   943 p.09430t0550n00262               0.0055  0.1679  0.4830  0.0000  1.0000  0.0000
   944 p.09440t0550n00262               0.0055  0.1680  0.4810  0.0000  1.0000  0.0000
   945 p.09450t0550n00262               0.0056  0.1681  0.4774  0.0000  1.0000  0.0000
   946 p.09460t0550n00262               0.0055  0.1680  0.4802  0.0000  1.0000  0.0000
   947 p.09470t0550n00262               0.0056  0.1683  0.4770  0.0000  1.0000  0.0000
   948 p.09480t0550n00262               0.0056  0.1657  0.4837  0.0000  1.0000  0.0000
   949 p.09490t0550n00262               0.0055  0.1680  0.4810  0.0000  1.0000  0.0000
   950 p.09500t0550n00262               0.0056  0.1681  0.4798  0.0000  1.0000  0.0000
   951 p.09510t0550n00262               0.0056  0.1638  0.4809  0.0000  1.0000  0.0000
   952 p.09520t0550n00262               0.0055  0.1679  0.4830  0.0000  1.0000  0.0000
   953 p.09530t0550n00262               0.0055  0.1679  0.4830  0.0000  1.0000  0.0000
   954 p.09540t0550n00262               0.0055  0.1688  0.4842  0.0000  1.0000  0.0000
   955 p.09550t0550n00262               0.0056  0.1695  0.4733  0.0000  1.0000  0.0000
   956 p.09560t0550n00262               0.0064  0.1722  0.4689  0.0000  1.0000  0.0000
   957 p.09570t0550n00262               0.0056  0.1716  0.4821  0.0000  1.0000  0.0000
   958 p.09580t0550n00262               0.0079  0.1706  0.4698  0.0000  1.0000  0.0000
   959 p.09590t0550n00262               0.0064  0.1681  0.4717  0.0000  1.0000  0.0000
   960 p.09600t0550n00262               0.0056  0.1648  0.4825  0.0000  1.0000  0.0000
   961 p.09610t0550n00262               0.0056  0.1671  0.4837  0.0000  1.0000  0.0000
   962 p.09620t0550n00262               0.0056  0.1692  0.4845  0.0000  1.0000  0.0000
   963 p.09630t0550n00262               0.0071  0.1976  0.4651  0.0000  1.0000  0.0000
   964 p.09640t0550n00262               0.0055  0.1758  0.4909  0.0000  1.0000  0.0000
   965 p.09650t0550n00262               0.0056  0.1761  0.4877  0.0000  1.0000  0.0000
   966 p.09660t0550n00262               0.0055  0.1759  0.4881  0.0000  1.0000  0.0000
   967 p.09670t0550n00262               0.0056  0.1763  0.4821  0.0000  1.0000  0.0000
   968 p.09680t0550n00262               0.0056  0.1724  0.4853  0.0000  1.0000  0.0000
   969 p.09690t0550n00262               0.0056  0.1762  0.4841  0.0000  1.0000  0.0000
   970 p.09700t0550n00262               0.0056  0.1763  0.4805  0.0000  1.0000  0.0000
   971 p.09710t0550n00262               0.0056  0.1761  0.4853  0.0000  1.0000  0.0000
   972 p.09720t0550n00262               0.0071  0.1802  0.4484  0.0000  1.0000  0.0000
   973 p.09730t0550n00262               0.0056  0.1717  0.4841  0.0000  1.0000  0.0000
   974 p.09740t0550n00262               0.0056  0.1761  0.4861  0.0000  1.0000  0.0000
   975 p.09750t0550n00262               0.0055  0.1735  0.4897  0.0000  1.0000  0.0000
   976 p.09760t0550n00262               0.0056  0.1754  0.4865  0.0000  1.0000  0.0000
   977 p.09770t0550n00262               0.0056  0.1716  0.4805  0.0000  1.0000  0.0000
   978 p.09780t0550n00262               0.0056  0.1718  0.4821  0.0000  1.0000  0.0000
   979 p.09790t0550n00262               0.0056  0.1721  0.4885  0.0000  1.0000  0.0000
   980 p.09800t0550n00262               0.0056  0.1722  0.4810  0.0000  1.0000  0.0000
   981 p.09810t0550n00262               0.0087  0.1692  0.4710  0.0000  1.0000  0.0000
   982 p.09820t0550n00262               0.0048  0.1707  0.4769  0.0000  1.0000  0.0000
   983 p.09830t0550n00262               0.0048  0.1704  0.4849  0.0000  1.0000  0.0000
   984 p.09840t0550n00262               0.0040  0.1615  0.4916  0.0000  1.0000  0.0000
   985 p.09850t0550n00262               0.0056  0.1639  0.4789  0.0000  1.0000  0.0000
   986 p.09860t0550n00262               0.0056  0.1661  0.4754  0.0000  1.0000  0.0000
   987 p.09870t0550n00262               0.0056  0.1713  0.4837  0.0000  1.0000  0.0000
   988 p.09880t0550n00262               0.0055  0.1679  0.4830  0.0000  1.0000  0.0000
   989 p.09890t0550n00262               0.0056  0.1681  0.4774  0.0000  1.0000  0.0000
   990 p.09900t0550n00262               0.0056  0.1681  0.4774  0.0000  1.0000  0.0000
   991 p.09910t0550n00262               0.0056  0.1681  0.4774  0.0000  1.0000  0.0000
   992 p.09920t0550n00262               0.0056  0.1669  0.4801  0.0000  1.0000  0.0000
   993 p.09930t0550n00262               0.0056  0.1714  0.4810  0.0000  1.0000  0.0000
   994 p.09940t0550n00262               0.0056  0.1732  0.4718  0.0000  1.0000  0.0000
   995 p.09950t0550n00262               0.0056  0.1761  0.4893  0.0000  1.0000  0.0000
   996 p.09960t0550n00262               0.0056  0.1737  0.4901  0.0000  1.0000  0.0000
   997 p.09970t0550n00262               0.0056  0.1762  0.4849  0.0000  1.0000  0.0000
   998 p.09980t0550n00262               0.0056  0.1784  0.4869  0.0000  1.0000  0.0000
   999 p.09990t0550n00262               0.0056  0.1784  0.4877  0.0000  1.0000  0.0000
  1000 p.10000t0550n00262               0.0056  0.1741  0.4873  0.0000  1.0000  0.0000
